a:4:{s:3:"row";i:1;s:7:"message";s:29:"Product updated successfully.";s:6:"status";b:1;s:7:"post_id";i:442017;}
a:4:{s:3:"row";i:2;s:7:"message";s:29:"Product updated successfully.";s:6:"status";b:1;s:7:"post_id";i:442018;}
a:4:{s:3:"row";i:3;s:7:"message";s:29:"Product updated successfully.";s:6:"status";b:1;s:7:"post_id";i:442019;}
a:4:{s:3:"row";i:4;s:7:"message";s:29:"Product updated successfully.";s:6:"status";b:1;s:7:"post_id";i:442020;}
a:4:{s:3:"row";i:5;s:7:"message";s:29:"Product updated successfully.";s:6:"status";b:1;s:7:"post_id";i:442021;}
a:6:{s:3:"row";i:1;s:7:"message";s:30:"Product imported successfully.";s:6:"status";b:1;s:10:"status_msg";s:7:"Success";s:7:"post_id";i:463070;s:9:"post_link";a:2:{s:8:"edit_url";s:63:"https://localhost/wp-admin/post.php?post=463070&amp;action=edit";s:5:"title";s:30:"Hampton Slip Cover &#8211; 2.5";}}
a:6:{s:3:"row";i:2;s:7:"message";s:30:"Product imported successfully.";s:6:"status";b:1;s:10:"status_msg";s:7:"Success";s:7:"post_id";i:463071;s:9:"post_link";a:2:{s:8:"edit_url";s:0:"";s:5:"title";s:49:"Hampton Slip Cover &#8211; 2.5 &#8211; Cloud, 2.5";}}
a:6:{s:3:"row";i:3;s:7:"message";s:30:"Product imported successfully.";s:6:"status";b:1;s:10:"status_msg";s:7:"Success";s:7:"post_id";i:463072;s:9:"post_link";a:2:{s:8:"edit_url";s:0:"";s:5:"title";s:61:"Hampton Slip Cover &#8211; 2.5 &#8211; Salt &amp; Pepper, 2.5";}}
a:6:{s:3:"row";i:4;s:7:"message";s:30:"Product imported successfully.";s:6:"status";b:1;s:10:"status_msg";s:7:"Success";s:7:"post_id";i:463073;s:9:"post_link";a:2:{s:8:"edit_url";s:0:"";s:5:"title";s:55:"Hampton Slip Cover &#8211; 2.5 &#8211; Pastel Grey, 2.5";}}
a:6:{s:3:"row";i:5;s:7:"message";s:30:"Product imported successfully.";s:6:"status";b:1;s:10:"status_msg";s:7:"Success";s:7:"post_id";i:463074;s:9:"post_link";a:2:{s:8:"edit_url";s:0:"";s:5:"title";s:48:"Hampton Slip Cover &#8211; 2.5 &#8211; Bleu, 2.5";}}
a:6:{s:3:"row";i:6;s:7:"message";s:30:"Product imported successfully.";s:6:"status";b:1;s:10:"status_msg";s:7:"Success";s:7:"post_id";i:463075;s:9:"post_link";a:2:{s:8:"edit_url";s:0:"";s:5:"title";s:49:"Hampton Slip Cover &#8211; 2.5 &#8211; Cloud, 3.5";}}
a:6:{s:3:"row";i:7;s:7:"message";s:30:"Product imported successfully.";s:6:"status";b:1;s:10:"status_msg";s:7:"Success";s:7:"post_id";i:463076;s:9:"post_link";a:2:{s:8:"edit_url";s:0:"";s:5:"title";s:61:"Hampton Slip Cover &#8211; 2.5 &#8211; Salt &amp; Pepper, 3.5";}}
a:6:{s:3:"row";i:8;s:7:"message";s:30:"Product imported successfully.";s:6:"status";b:1;s:10:"status_msg";s:7:"Success";s:7:"post_id";i:463077;s:9:"post_link";a:2:{s:8:"edit_url";s:0:"";s:5:"title";s:55:"Hampton Slip Cover &#8211; 2.5 &#8211; Pastel Grey, 3.5";}}
a:6:{s:3:"row";i:9;s:7:"message";s:30:"Product imported successfully.";s:6:"status";b:1;s:10:"status_msg";s:7:"Success";s:7:"post_id";i:463078;s:9:"post_link";a:2:{s:8:"edit_url";s:0:"";s:5:"title";s:48:"Hampton Slip Cover &#8211; 2.5 &#8211; Bleu, 3.5";}}
a:6:{s:3:"row";i:10;s:7:"message";s:30:"Product imported successfully.";s:6:"status";b:1;s:10:"status_msg";s:7:"Success";s:7:"post_id";i:463079;s:9:"post_link";a:2:{s:8:"edit_url";s:63:"https://localhost/wp-admin/post.php?post=463079&amp;action=edit";s:5:"title";s:30:"Hampton Slip Cover &#8211; 3.5";}}
a:6:{s:3:"row";i:11;s:7:"message";s:30:"Product imported successfully.";s:6:"status";b:1;s:10:"status_msg";s:7:"Success";s:7:"post_id";i:463080;s:9:"post_link";a:2:{s:8:"edit_url";s:0:"";s:5:"title";s:49:"Hampton Slip Cover &#8211; 3.5 &#8211; Cloud, 2.5";}}
a:6:{s:3:"row";i:12;s:7:"message";s:30:"Product imported successfully.";s:6:"status";b:1;s:10:"status_msg";s:7:"Success";s:7:"post_id";i:463081;s:9:"post_link";a:2:{s:8:"edit_url";s:0:"";s:5:"title";s:61:"Hampton Slip Cover &#8211; 3.5 &#8211; Salt &amp; Pepper, 2.5";}}
a:6:{s:3:"row";i:13;s:7:"message";s:30:"Product imported successfully.";s:6:"status";b:1;s:10:"status_msg";s:7:"Success";s:7:"post_id";i:463082;s:9:"post_link";a:2:{s:8:"edit_url";s:0:"";s:5:"title";s:55:"Hampton Slip Cover &#8211; 3.5 &#8211; Pastel Grey, 2.5";}}
a:6:{s:3:"row";i:14;s:7:"message";s:30:"Product imported successfully.";s:6:"status";b:1;s:10:"status_msg";s:7:"Success";s:7:"post_id";i:463083;s:9:"post_link";a:2:{s:8:"edit_url";s:0:"";s:5:"title";s:48:"Hampton Slip Cover &#8211; 3.5 &#8211; Bleu, 2.5";}}
a:6:{s:3:"row";i:15;s:7:"message";s:30:"Product imported successfully.";s:6:"status";b:1;s:10:"status_msg";s:7:"Success";s:7:"post_id";i:463084;s:9:"post_link";a:2:{s:8:"edit_url";s:0:"";s:5:"title";s:49:"Hampton Slip Cover &#8211; 3.5 &#8211; Cloud, 3.5";}}
a:6:{s:3:"row";i:16;s:7:"message";s:30:"Product imported successfully.";s:6:"status";b:1;s:10:"status_msg";s:7:"Success";s:7:"post_id";i:463085;s:9:"post_link";a:2:{s:8:"edit_url";s:0:"";s:5:"title";s:61:"Hampton Slip Cover &#8211; 3.5 &#8211; Salt &amp; Pepper, 3.5";}}
a:6:{s:3:"row";i:17;s:7:"message";s:30:"Product imported successfully.";s:6:"status";b:1;s:10:"status_msg";s:7:"Success";s:7:"post_id";i:463086;s:9:"post_link";a:2:{s:8:"edit_url";s:0:"";s:5:"title";s:55:"Hampton Slip Cover &#8211; 3.5 &#8211; Pastel Grey, 3.5";}}
a:6:{s:3:"row";i:18;s:7:"message";s:30:"Product imported successfully.";s:6:"status";b:1;s:10:"status_msg";s:7:"Success";s:7:"post_id";i:463087;s:9:"post_link";a:2:{s:8:"edit_url";s:0:"";s:5:"title";s:48:"Hampton Slip Cover &#8211; 3.5 &#8211; Bleu, 3.5";}}
