a:4:{s:3:"row";i:1;s:7:"message";s:29:"Product updated successfully.";s:6:"status";b:1;s:7:"post_id";i:449044;}
a:4:{s:3:"row";i:2;s:7:"message";s:29:"Product updated successfully.";s:6:"status";b:1;s:7:"post_id";i:449045;}
a:4:{s:3:"row";i:3;s:7:"message";s:29:"Product updated successfully.";s:6:"status";b:1;s:7:"post_id";i:449046;}
a:4:{s:3:"row";i:4;s:7:"message";s:29:"Product updated successfully.";s:6:"status";b:1;s:7:"post_id";i:449047;}
a:4:{s:3:"row";i:5;s:7:"message";s:29:"Product updated successfully.";s:6:"status";b:1;s:7:"post_id";i:449048;}
a:4:{s:3:"row";i:6;s:7:"message";s:29:"Product updated successfully.";s:6:"status";b:1;s:7:"post_id";i:449049;}
a:4:{s:3:"row";i:7;s:7:"message";s:29:"Product updated successfully.";s:6:"status";b:1;s:7:"post_id";i:449050;}
a:4:{s:3:"row";i:8;s:7:"message";s:29:"Product updated successfully.";s:6:"status";b:1;s:7:"post_id";i:449051;}
a:4:{s:3:"row";i:9;s:7:"message";s:29:"Product updated successfully.";s:6:"status";b:1;s:7:"post_id";i:449052;}
a:4:{s:3:"row";i:10;s:7:"message";s:29:"Product updated successfully.";s:6:"status";b:1;s:7:"post_id";i:449053;}
a:4:{s:3:"row";i:11;s:7:"message";s:29:"Product updated successfully.";s:6:"status";b:1;s:7:"post_id";i:449054;}
a:4:{s:3:"row";i:12;s:7:"message";s:29:"Product updated successfully.";s:6:"status";b:1;s:7:"post_id";i:449055;}
a:4:{s:3:"row";i:13;s:7:"message";s:29:"Product updated successfully.";s:6:"status";b:1;s:7:"post_id";i:449056;}
a:4:{s:3:"row";i:14;s:7:"message";s:29:"Product updated successfully.";s:6:"status";b:1;s:7:"post_id";i:449057;}
a:4:{s:3:"row";i:15;s:7:"message";s:29:"Product updated successfully.";s:6:"status";b:1;s:7:"post_id";i:449058;}
a:4:{s:3:"row";i:16;s:7:"message";s:29:"Product updated successfully.";s:6:"status";b:1;s:7:"post_id";i:449059;}
a:4:{s:3:"row";i:17;s:7:"message";s:29:"Product updated successfully.";s:6:"status";b:1;s:7:"post_id";i:449060;}
a:4:{s:3:"row";i:18;s:7:"message";s:29:"Product updated successfully.";s:6:"status";b:1;s:7:"post_id";i:449061;}
a:4:{s:3:"row";i:19;s:7:"message";s:29:"Product updated successfully.";s:6:"status";b:1;s:7:"post_id";i:449062;}
a:4:{s:3:"row";i:20;s:7:"message";s:29:"Product updated successfully.";s:6:"status";b:1;s:7:"post_id";i:449063;}
a:4:{s:3:"row";i:21;s:7:"message";s:29:"Product updated successfully.";s:6:"status";b:1;s:7:"post_id";i:449064;}
a:4:{s:3:"row";i:22;s:7:"message";s:29:"Product updated successfully.";s:6:"status";b:1;s:7:"post_id";i:449065;}
a:4:{s:3:"row";i:23;s:7:"message";s:29:"Product updated successfully.";s:6:"status";b:1;s:7:"post_id";i:449066;}
a:4:{s:3:"row";i:24;s:7:"message";s:29:"Product updated successfully.";s:6:"status";b:1;s:7:"post_id";i:449067;}
a:4:{s:3:"row";i:25;s:7:"message";s:29:"Product updated successfully.";s:6:"status";b:1;s:7:"post_id";i:449068;}
a:4:{s:3:"row";i:26;s:7:"message";s:29:"Product updated successfully.";s:6:"status";b:1;s:7:"post_id";i:449069;}
a:4:{s:3:"row";i:27;s:7:"message";s:29:"Product updated successfully.";s:6:"status";b:1;s:7:"post_id";i:449070;}
a:4:{s:3:"row";i:28;s:7:"message";s:29:"Product updated successfully.";s:6:"status";b:1;s:7:"post_id";i:449071;}
a:4:{s:3:"row";i:29;s:7:"message";s:29:"Product updated successfully.";s:6:"status";b:1;s:7:"post_id";i:449072;}
a:4:{s:3:"row";i:30;s:7:"message";s:29:"Product updated successfully.";s:6:"status";b:1;s:7:"post_id";i:449073;}
a:4:{s:3:"row";i:31;s:7:"message";s:29:"Product updated successfully.";s:6:"status";b:1;s:7:"post_id";i:449074;}
a:4:{s:3:"row";i:32;s:7:"message";s:29:"Product updated successfully.";s:6:"status";b:1;s:7:"post_id";i:449075;}
a:4:{s:3:"row";i:33;s:7:"message";s:29:"Product updated successfully.";s:6:"status";b:1;s:7:"post_id";i:449076;}
a:4:{s:3:"row";i:34;s:7:"message";s:29:"Product updated successfully.";s:6:"status";b:1;s:7:"post_id";i:449077;}
a:4:{s:3:"row";i:35;s:7:"message";s:17:"Skipping new item";s:6:"status";b:0;s:7:"post_id";s:0:"";}
a:4:{s:3:"row";i:36;s:7:"message";s:29:"Product updated successfully.";s:6:"status";b:1;s:7:"post_id";i:449078;}
a:4:{s:3:"row";i:37;s:7:"message";s:29:"Product updated successfully.";s:6:"status";b:1;s:7:"post_id";i:449079;}
a:6:{s:3:"row";i:1;s:7:"message";s:30:"Product imported successfully.";s:6:"status";b:1;s:10:"status_msg";s:7:"Success";s:7:"post_id";i:999540635;s:9:"post_link";a:2:{s:8:"edit_url";s:66:"https://localhost/wp-admin/post.php?post=999540635&amp;action=edit";s:5:"title";s:19:"Pascal Dining Chair";}}
a:6:{s:3:"row";i:2;s:7:"message";s:30:"Product imported successfully.";s:6:"status";b:1;s:10:"status_msg";s:7:"Success";s:7:"post_id";i:999540636;s:9:"post_link";a:2:{s:8:"edit_url";s:66:"https://localhost/wp-admin/post.php?post=999540636&amp;action=edit";s:5:"title";s:44:"Pascal Dining Chair &#8211; Dark Grey Velvet";}}
a:6:{s:3:"row";i:3;s:7:"message";s:30:"Product imported successfully.";s:6:"status";b:1;s:10:"status_msg";s:7:"Success";s:7:"post_id";i:999540637;s:9:"post_link";a:2:{s:8:"edit_url";s:66:"https://localhost/wp-admin/post.php?post=999540637&amp;action=edit";s:5:"title";s:44:"Pascal Dining Chair &#8211; Navy Blue Velvet";}}
a:6:{s:3:"row";i:4;s:7:"message";s:30:"Product imported successfully.";s:6:"status";b:1;s:10:"status_msg";s:7:"Success";s:7:"post_id";i:999540638;s:9:"post_link";a:2:{s:8:"edit_url";s:66:"https://localhost/wp-admin/post.php?post=999540638&amp;action=edit";s:5:"title";s:49:"Pascal Dining Chair &#8211; Coral Coloured Velvet";}}
a:6:{s:3:"row";i:5;s:7:"message";s:30:"Product imported successfully.";s:6:"status";b:1;s:10:"status_msg";s:7:"Success";s:7:"post_id";i:999540639;s:9:"post_link";a:2:{s:8:"edit_url";s:66:"https://localhost/wp-admin/post.php?post=999540639&amp;action=edit";s:5:"title";s:51:"Pascal Dining Chair &#8211; Mustard Coloured Velvet";}}
