04-13-2022 @ 10:38:17 - ---[ New import started at 2022-04-12 22:38:17 ] PHP Memory: 256 MB, WP Memory: 40 MB
04-13-2022 @ 10:38:17 - Preparing for import.
04-13-2022 @ 10:38:17 - Row :1 - Parsing item.
04-13-2022 @ 10:38:18 - Importing as new product ID:463048
04-13-2022 @ 10:38:18 - Row :1 - Processing item.
04-13-2022 @ 10:38:18 - Found variable product object. ID:463048
04-13-2022 @ 10:38:18 - Row :1 - Processing failed. Reason: Invalid or duplicated SKU.
04-13-2022 @ 10:38:18 - Row :2 - Parsing item.
04-13-2022 @ 10:38:18 - Importing as new product ID:463049
04-13-2022 @ 10:38:18 - Row :2 - Processing item.
04-13-2022 @ 10:38:18 - Found variation product object. ID:463049
04-13-2022 @ 10:38:18 - Row :2 - Processing failed. Reason: Invalid or duplicated SKU.
04-13-2022 @ 10:38:18 - Row :3 - Parsing item.
04-13-2022 @ 10:38:18 - Importing as new product ID:463050
04-13-2022 @ 10:38:18 - Row :3 - Processing item.
04-13-2022 @ 10:38:18 - Found variation product object. ID:463050
04-13-2022 @ 10:38:18 - Row :3 - Processing failed. Reason: Invalid or duplicated SKU.
04-13-2022 @ 10:38:18 - Row :4 - Parsing item.
04-13-2022 @ 10:38:18 - Importing as new product ID:463051
04-13-2022 @ 10:38:18 - Row :4 - Processing item.
04-13-2022 @ 10:38:18 - Found variation product object. ID:463051
04-13-2022 @ 10:38:18 - Row :4 - Processing failed. Reason: Invalid or duplicated SKU.
04-13-2022 @ 10:38:18 - Row :5 - Parsing item.
04-13-2022 @ 10:38:18 - Importing as new product ID:463052
04-13-2022 @ 10:38:18 - Row :5 - Processing item.
04-13-2022 @ 10:38:18 - Found variation product object. ID:463052
04-13-2022 @ 10:38:18 - Row :5 - Processing failed. Reason: Invalid or duplicated SKU.
04-13-2022 @ 10:38:18 - Row :6 - Parsing item.
04-13-2022 @ 10:38:18 - Importing as new product ID:463053
04-13-2022 @ 10:38:18 - Row :6 - Processing item.
04-13-2022 @ 10:38:18 - Found variation product object. ID:463053
04-13-2022 @ 10:38:18 - Row :6 - Processing failed. Reason: Invalid or duplicated SKU.
04-13-2022 @ 10:38:18 - Row :7 - Parsing item.
04-13-2022 @ 10:38:18 - Importing as new product ID:463054
04-13-2022 @ 10:38:18 - Row :7 - Processing item.
04-13-2022 @ 10:38:18 - Found variation product object. ID:463054
04-13-2022 @ 10:38:18 - Row :7 - Processing failed. Reason: Invalid or duplicated SKU.
04-13-2022 @ 10:38:18 - Row :8 - Parsing item.
04-13-2022 @ 10:38:18 - Importing as new product ID:463055
04-13-2022 @ 10:38:18 - Row :8 - Processing item.
04-13-2022 @ 10:38:18 - Found variation product object. ID:463055
04-13-2022 @ 10:38:18 - Row :8 - Processing failed. Reason: Invalid or duplicated SKU.
04-13-2022 @ 10:38:18 - Row :9 - Parsing item.
04-13-2022 @ 10:38:18 - Importing as new product ID:463056
04-13-2022 @ 10:38:18 - Row :9 - Processing item.
04-13-2022 @ 10:38:18 - Found variation product object. ID:463056
04-13-2022 @ 10:38:18 - Row :9 - Processing failed. Reason: Invalid or duplicated SKU.
04-13-2022 @ 10:38:18 - ---[ Import ended at 2022-04-12 22:38:18]---
