04-13-2022 @ 15:31:02 - ---[ New import started at 2022-04-13 03:31:02 ] PHP Memory: 256 MB, WP Memory: 40 MB
04-13-2022 @ 15:31:02 - Preparing for import.
04-13-2022 @ 15:31:02 - Row :1 - Parsing item.
04-13-2022 @ 15:31:02 - Importing as new product ID:463070
04-13-2022 @ 15:31:02 - Row :1 - Processing item.
04-13-2022 @ 15:31:02 - Found variable product object. ID:463070
04-13-2022 @ 15:31:02 - Setting Featured Image. URL:https://inspiry.co.nz/wp-content/uploads/oshan/RFA/RFA-PR2005A.jpg
04-13-2022 @ 15:31:02 - Attachment ID:463016
04-13-2022 @ 15:31:02 - Setting Gallery Images.
04-13-2022 @ 15:31:02 - Image URL:https://inspiry.co.nz/wp-content/uploads/oshan/RFA/RFA-PR2005A-1.jpg
04-13-2022 @ 15:31:02 - Attachment ID:463017
04-13-2022 @ 15:31:02 - Image URL:https://inspiry.co.nz/wp-content/uploads/oshan/RFA/RFA-PR2005A-2.jpg
04-13-2022 @ 15:31:02 - Attachment ID:463018
04-13-2022 @ 15:31:02 - Image URL:https://inspiry.co.nz/wp-content/uploads/oshan/RFA/RFA-PR2005A-3.jpg
04-13-2022 @ 15:31:03 - URL:https://inspiry.co.nz/wp-content/uploads/oshan/RFA/RFA-PR2005A-3.jpg Reason:Error getting remote image https://inspiry.co.nz/wp-content/uploads/oshan/RFA/RFA-PR2005A-3.jpg. Error: Not Found
04-13-2022 @ 15:31:03 - Image URL:https://inspiry.co.nz/wp-content/uploads/oshan/RFA/RFA-PR2005A-4.jpg
04-13-2022 @ 15:31:03 - URL:https://inspiry.co.nz/wp-content/uploads/oshan/RFA/RFA-PR2005A-4.jpg Reason:Error getting remote image https://inspiry.co.nz/wp-content/uploads/oshan/RFA/RFA-PR2005A-4.jpg. Error: Not Found
04-13-2022 @ 15:31:03 - Image URL:https://inspiry.co.nz/wp-content/uploads/oshan/RFA/RFA-PR2005A-5.jpg
04-13-2022 @ 15:31:04 - URL:https://inspiry.co.nz/wp-content/uploads/oshan/RFA/RFA-PR2005A-5.jpg Reason:Error getting remote image https://inspiry.co.nz/wp-content/uploads/oshan/RFA/RFA-PR2005A-5.jpg. Error: Not Found
04-13-2022 @ 15:31:04 - Image URL:https://inspiry.co.nz/wp-content/uploads/oshan/RFA/RFA-PR2005B.jpg
04-13-2022 @ 15:31:04 - Attachment ID:463020
04-13-2022 @ 15:31:04 - Image URL:https://inspiry.co.nz/wp-content/uploads/oshan/RFA/RFA-PR2005B-1.jpg
04-13-2022 @ 15:31:04 - Attachment ID:463021
04-13-2022 @ 15:31:04 - Image URL:https://inspiry.co.nz/wp-content/uploads/oshan/RFA/RFA-PR2005C.jpg
04-13-2022 @ 15:31:04 - Attachment ID:463024
04-13-2022 @ 15:31:04 - Image URL:https://inspiry.co.nz/wp-content/uploads/oshan/RFA/RFA-PR2005C-1.jpg
04-13-2022 @ 15:31:04 - Attachment ID:463025
04-13-2022 @ 15:31:04 - Image URL:https://inspiry.co.nz/wp-content/uploads/oshan/RFA/RFA-PR2005C-2.jpg
04-13-2022 @ 15:31:04 - Attachment ID:463026
04-13-2022 @ 15:31:04 - Image URL:https://inspiry.co.nz/wp-content/uploads/oshan/RFA/RFA-PR2005C-3.jpg
04-13-2022 @ 15:31:05 - URL:https://inspiry.co.nz/wp-content/uploads/oshan/RFA/RFA-PR2005C-3.jpg Reason:Error getting remote image https://inspiry.co.nz/wp-content/uploads/oshan/RFA/RFA-PR2005C-3.jpg. Error: Not Found
04-13-2022 @ 15:31:05 - Image URL:https://inspiry.co.nz/wp-content/uploads/oshan/RFA/RFA-PR2005C-4.jpg
04-13-2022 @ 15:31:06 - URL:https://inspiry.co.nz/wp-content/uploads/oshan/RFA/RFA-PR2005C-4.jpg Reason:Error getting remote image https://inspiry.co.nz/wp-content/uploads/oshan/RFA/RFA-PR2005C-4.jpg. Error: Not Found
04-13-2022 @ 15:31:06 - Image URL:https://inspiry.co.nz/wp-content/uploads/oshan/RFA/RFA-PR2005C-5.jpg
04-13-2022 @ 15:31:06 - URL:https://inspiry.co.nz/wp-content/uploads/oshan/RFA/RFA-PR2005C-5.jpg Reason:Error getting remote image https://inspiry.co.nz/wp-content/uploads/oshan/RFA/RFA-PR2005C-5.jpg. Error: Not Found
04-13-2022 @ 15:31:06 - Image URL:https://inspiry.co.nz/wp-content/uploads/oshan/RFA/RFA-PR2005B-2.jpg
04-13-2022 @ 15:31:06 - Attachment ID:463022
04-13-2022 @ 15:31:06 - Image URL:https://inspiry.co.nz/wp-content/uploads/oshan/RFA/RFA-PR2005B-3.jpg
04-13-2022 @ 15:31:07 - URL:https://inspiry.co.nz/wp-content/uploads/oshan/RFA/RFA-PR2005B-3.jpg Reason:Error getting remote image https://inspiry.co.nz/wp-content/uploads/oshan/RFA/RFA-PR2005B-3.jpg. Error: Not Found
04-13-2022 @ 15:31:07 - Image URL:
04-13-2022 @ 15:31:09 - Image URL:https://inspiry.co.nz/wp-content/uploads/oshan/RFA/RFA-PR2005B-4.jpg
04-13-2022 @ 15:31:09 - URL:https://inspiry.co.nz/wp-content/uploads/oshan/RFA/RFA-PR2005B-4.jpg Reason:Error getting remote image https://inspiry.co.nz/wp-content/uploads/oshan/RFA/RFA-PR2005B-4.jpg. Error: Not Found
04-13-2022 @ 15:31:09 - Image URL:https://inspiry.co.nz/wp-content/uploads/oshan/RFA/RFA-PR2005B-5.jpg
04-13-2022 @ 15:31:10 - URL:https://inspiry.co.nz/wp-content/uploads/oshan/RFA/RFA-PR2005B-5.jpg Reason:Error getting remote image https://inspiry.co.nz/wp-content/uploads/oshan/RFA/RFA-PR2005B-5.jpg. Error: Not Found
04-13-2022 @ 15:31:10 - Image URL:https://inspiry.co.nz/wp-content/uploads/oshan/RFA/RFA-PR2005C.jpg
04-13-2022 @ 15:31:10 - Attachment ID:463024
04-13-2022 @ 15:31:10 - Image URL:https://inspiry.co.nz/wp-content/uploads/oshan/RFA/RFA-PR2005C-1.jpg
04-13-2022 @ 15:31:10 - Attachment ID:463025
04-13-2022 @ 15:31:10 - Image URL:https://inspiry.co.nz/wp-content/uploads/oshan/RFA/RFA-PR2005C-2.jpg
04-13-2022 @ 15:31:10 - Attachment ID:463026
04-13-2022 @ 15:31:10 - Image URL:https://inspiry.co.nz/wp-content/uploads/oshan/RFA/RFA-PR2005C-3.jpg
04-13-2022 @ 15:31:11 - URL:https://inspiry.co.nz/wp-content/uploads/oshan/RFA/RFA-PR2005C-3.jpg Reason:Error getting remote image https://inspiry.co.nz/wp-content/uploads/oshan/RFA/RFA-PR2005C-3.jpg. Error: Not Found
04-13-2022 @ 15:31:11 - Image URL:https://inspiry.co.nz/wp-content/uploads/oshan/RFA/RFA-PR2005C-4.jpg
04-13-2022 @ 15:31:11 - URL:https://inspiry.co.nz/wp-content/uploads/oshan/RFA/RFA-PR2005C-4.jpg Reason:Error getting remote image https://inspiry.co.nz/wp-content/uploads/oshan/RFA/RFA-PR2005C-4.jpg. Error: Not Found
04-13-2022 @ 15:31:11 - Image URL:https://inspiry.co.nz/wp-content/uploads/oshan/RFA/RFA-PR2005C-5.jpg
04-13-2022 @ 15:31:12 - URL:https://inspiry.co.nz/wp-content/uploads/oshan/RFA/RFA-PR2005C-5.jpg Reason:Error getting remote image https://inspiry.co.nz/wp-content/uploads/oshan/RFA/RFA-PR2005C-5.jpg. Error: Not Found
04-13-2022 @ 15:31:12 - Image URL:https://inspiry.co.nz/wp-content/uploads/oshan/RFA/RFA-PR2006D.jpg
04-13-2022 @ 15:31:12 - Attachment ID:463044
04-13-2022 @ 15:31:12 - Image URL:https://inspiry.co.nz/wp-content/uploads/oshan/RFA/RFA-PR2006D-1.jpg
04-13-2022 @ 15:31:12 - Attachment ID:463045
04-13-2022 @ 15:31:12 - Image URL:https://inspiry.co.nz/wp-content/uploads/oshan/RFA/RFA-PR2006D-2.jpg
04-13-2022 @ 15:31:12 - Attachment ID:463046
04-13-2022 @ 15:31:12 - Image URL:https://inspiry.co.nz/wp-content/uploads/oshan/RFA/RFA-PR2006D-3.jpg
04-13-2022 @ 15:31:13 - URL:https://inspiry.co.nz/wp-content/uploads/oshan/RFA/RFA-PR2006D-3.jpg Reason:Error getting remote image https://inspiry.co.nz/wp-content/uploads/oshan/RFA/RFA-PR2006D-3.jpg. Error: Not Found
04-13-2022 @ 15:31:13 - Image URL:https://inspiry.co.nz/wp-content/uploads/oshan/RFA/RFA-PR2006D-4.jpg
04-13-2022 @ 15:31:14 - URL:https://inspiry.co.nz/wp-content/uploads/oshan/RFA/RFA-PR2006D-4.jpg Reason:Error getting remote image https://inspiry.co.nz/wp-content/uploads/oshan/RFA/RFA-PR2006D-4.jpg. Error: Not Found
04-13-2022 @ 15:31:14 - Image URL:https://inspiry.co.nz/wp-content/uploads/oshan/RFA/RFA-PR2006D-5.jpg
04-13-2022 @ 15:31:14 - URL:https://inspiry.co.nz/wp-content/uploads/oshan/RFA/RFA-PR2006D-5.jpg Reason:Error getting remote image https://inspiry.co.nz/wp-content/uploads/oshan/RFA/RFA-PR2006D-5.jpg. Error: Not Found
04-13-2022 @ 15:31:14 - Image URL:https://inspiry.co.nz/wp-content/uploads/oshan/RFA/RFA-PR2006D.jpg
04-13-2022 @ 15:31:14 - Attachment ID:463044
04-13-2022 @ 15:31:14 - Image URL:https://inspiry.co.nz/wp-content/uploads/oshan/RFA/RFA-PR2006D-1.jpg
04-13-2022 @ 15:31:14 - Attachment ID:463045
04-13-2022 @ 15:31:14 - Image URL:https://inspiry.co.nz/wp-content/uploads/oshan/RFA/RFA-PR2006D-2.jpg
04-13-2022 @ 15:31:14 - Attachment ID:463046
04-13-2022 @ 15:31:14 - Image URL:https://inspiry.co.nz/wp-content/uploads/oshan/RFA/RFA-PR2006D-3.jpg
04-13-2022 @ 15:31:15 - URL:https://inspiry.co.nz/wp-content/uploads/oshan/RFA/RFA-PR2006D-3.jpg Reason:Error getting remote image https://inspiry.co.nz/wp-content/uploads/oshan/RFA/RFA-PR2006D-3.jpg. Error: Not Found
04-13-2022 @ 15:31:15 - Image URL:https://inspiry.co.nz/wp-content/uploads/oshan/RFA/RFA-PR2006D-4.jpg
04-13-2022 @ 15:31:16 - URL:https://inspiry.co.nz/wp-content/uploads/oshan/RFA/RFA-PR2006D-4.jpg Reason:Error getting remote image https://inspiry.co.nz/wp-content/uploads/oshan/RFA/RFA-PR2006D-4.jpg. Error: Not Found
04-13-2022 @ 15:31:16 - Image URL:https://inspiry.co.nz/wp-content/uploads/oshan/RFA/RFA-PR2006D-5.jpg
04-13-2022 @ 15:31:16 - URL:https://inspiry.co.nz/wp-content/uploads/oshan/RFA/RFA-PR2006D-5.jpg Reason:Error getting remote image https://inspiry.co.nz/wp-content/uploads/oshan/RFA/RFA-PR2006D-5.jpg. Error: Not Found
04-13-2022 @ 15:31:17 - Row :1 - Product imported successfully.
04-13-2022 @ 15:31:17 - Row :2 - Parsing item.
04-13-2022 @ 15:31:17 - Importing as new product ID:463071
04-13-2022 @ 15:31:17 - Row :2 - Processing item.
04-13-2022 @ 15:31:17 - Found variation product object. ID:463071
04-13-2022 @ 15:31:17 - Setting Featured Image. URL:https://inspiry.co.nz/wp-content/uploads/oshan/RFA/RFA-PR2005A.jpg
04-13-2022 @ 15:31:17 - Attachment ID:463016
04-13-2022 @ 15:31:17 - Setting Gallery Images.
04-13-2022 @ 15:31:17 - Image URL:https://inspiry.co.nz/wp-content/uploads/oshan/RFA/RFA-PR2005A-1.jpg
04-13-2022 @ 15:31:17 - Attachment ID:463017
04-13-2022 @ 15:31:17 - Image URL:https://inspiry.co.nz/wp-content/uploads/oshan/RFA/RFA-PR2005A-2.jpg
04-13-2022 @ 15:31:17 - Attachment ID:463018
04-13-2022 @ 15:31:17 - Image URL:https://inspiry.co.nz/wp-content/uploads/oshan/RFA/RFA-PR2005A-3.jpg
04-13-2022 @ 15:31:17 - URL:https://inspiry.co.nz/wp-content/uploads/oshan/RFA/RFA-PR2005A-3.jpg Reason:Error getting remote image https://inspiry.co.nz/wp-content/uploads/oshan/RFA/RFA-PR2005A-3.jpg. Error: Not Found
04-13-2022 @ 15:31:17 - Image URL:https://inspiry.co.nz/wp-content/uploads/oshan/RFA/RFA-PR2005A-4.jpg
04-13-2022 @ 15:31:18 - URL:https://inspiry.co.nz/wp-content/uploads/oshan/RFA/RFA-PR2005A-4.jpg Reason:Error getting remote image https://inspiry.co.nz/wp-content/uploads/oshan/RFA/RFA-PR2005A-4.jpg. Error: Not Found
04-13-2022 @ 15:31:18 - Image URL:https://inspiry.co.nz/wp-content/uploads/oshan/RFA/RFA-PR2005A-5.jpg
04-13-2022 @ 15:31:19 - URL:https://inspiry.co.nz/wp-content/uploads/oshan/RFA/RFA-PR2005A-5.jpg Reason:Error getting remote image https://inspiry.co.nz/wp-content/uploads/oshan/RFA/RFA-PR2005A-5.jpg. Error: Not Found
04-13-2022 @ 15:31:19 - Row :2 - Product imported successfully.
04-13-2022 @ 15:31:19 - Row :3 - Parsing item.
04-13-2022 @ 15:31:19 - Importing as new product ID:463072
04-13-2022 @ 15:31:19 - Row :3 - Processing item.
04-13-2022 @ 15:31:19 - Found variation product object. ID:463072
04-13-2022 @ 15:31:19 - Setting Featured Image. URL:https://inspiry.co.nz/wp-content/uploads/oshan/RFA/RFA-PR2005B.jpg
04-13-2022 @ 15:31:19 - Attachment ID:463020
04-13-2022 @ 15:31:19 - Setting Gallery Images.
04-13-2022 @ 15:31:19 - Image URL:https://inspiry.co.nz/wp-content/uploads/oshan/RFA/RFA-PR2005B-1.jpg
04-13-2022 @ 15:31:19 - Attachment ID:463021
04-13-2022 @ 15:31:19 - Image URL:https://inspiry.co.nz/wp-content/uploads/oshan/RFA/RFA-PR2005B-2.jpg
04-13-2022 @ 15:31:19 - Attachment ID:463022
04-13-2022 @ 15:31:19 - Image URL:https://inspiry.co.nz/wp-content/uploads/oshan/RFA/RFA-PR2005B-3.jpg
04-13-2022 @ 15:31:20 - URL:https://inspiry.co.nz/wp-content/uploads/oshan/RFA/RFA-PR2005B-3.jpg Reason:Error getting remote image https://inspiry.co.nz/wp-content/uploads/oshan/RFA/RFA-PR2005B-3.jpg. Error: Not Found
04-13-2022 @ 15:31:20 - Image URL:https://inspiry.co.nz/wp-content/uploads/oshan/RFA/RFA-PR2005B-4.jpg
04-13-2022 @ 15:31:20 - URL:https://inspiry.co.nz/wp-content/uploads/oshan/RFA/RFA-PR2005B-4.jpg Reason:Error getting remote image https://inspiry.co.nz/wp-content/uploads/oshan/RFA/RFA-PR2005B-4.jpg. Error: Not Found
04-13-2022 @ 15:31:20 - Image URL:https://inspiry.co.nz/wp-content/uploads/oshan/RFA/RFA-PR2005B-5.jpg
04-13-2022 @ 15:31:21 - URL:https://inspiry.co.nz/wp-content/uploads/oshan/RFA/RFA-PR2005B-5.jpg Reason:Error getting remote image https://inspiry.co.nz/wp-content/uploads/oshan/RFA/RFA-PR2005B-5.jpg. Error: Not Found
04-13-2022 @ 15:31:21 - Row :3 - Product imported successfully.
04-13-2022 @ 15:31:21 - Row :4 - Parsing item.
04-13-2022 @ 15:31:21 - Importing as new product ID:463073
04-13-2022 @ 15:31:21 - Row :4 - Processing item.
04-13-2022 @ 15:31:21 - Found variation product object. ID:463073
04-13-2022 @ 15:31:21 - Setting Featured Image. URL:https://inspiry.co.nz/wp-content/uploads/oshan/RFA/RFA-PR2005C.jpg
04-13-2022 @ 15:31:21 - Attachment ID:463024
04-13-2022 @ 15:31:21 - Setting Gallery Images.
04-13-2022 @ 15:31:21 - Image URL:https://inspiry.co.nz/wp-content/uploads/oshan/RFA/RFA-PR2005C-1.jpg
04-13-2022 @ 15:31:21 - Attachment ID:463025
04-13-2022 @ 15:31:21 - Image URL:https://inspiry.co.nz/wp-content/uploads/oshan/RFA/RFA-PR2005C-2.jpg
04-13-2022 @ 15:31:21 - Attachment ID:463026
04-13-2022 @ 15:31:21 - Image URL:https://inspiry.co.nz/wp-content/uploads/oshan/RFA/RFA-PR2005C-3.jpg
04-13-2022 @ 15:31:22 - URL:https://inspiry.co.nz/wp-content/uploads/oshan/RFA/RFA-PR2005C-3.jpg Reason:Error getting remote image https://inspiry.co.nz/wp-content/uploads/oshan/RFA/RFA-PR2005C-3.jpg. Error: Not Found
04-13-2022 @ 15:31:22 - Image URL:https://inspiry.co.nz/wp-content/uploads/oshan/RFA/RFA-PR2005C-4.jpg
04-13-2022 @ 15:31:23 - URL:https://inspiry.co.nz/wp-content/uploads/oshan/RFA/RFA-PR2005C-4.jpg Reason:Error getting remote image https://inspiry.co.nz/wp-content/uploads/oshan/RFA/RFA-PR2005C-4.jpg. Error: Not Found
04-13-2022 @ 15:31:23 - Image URL:https://inspiry.co.nz/wp-content/uploads/oshan/RFA/RFA-PR2005C-5.jpg
04-13-2022 @ 15:31:23 - URL:https://inspiry.co.nz/wp-content/uploads/oshan/RFA/RFA-PR2005C-5.jpg Reason:Error getting remote image https://inspiry.co.nz/wp-content/uploads/oshan/RFA/RFA-PR2005C-5.jpg. Error: Not Found
04-13-2022 @ 15:31:23 - Row :4 - Product imported successfully.
04-13-2022 @ 15:31:23 - Row :5 - Parsing item.
04-13-2022 @ 15:31:23 - Importing as new product ID:463074
04-13-2022 @ 15:31:23 - Row :5 - Processing item.
04-13-2022 @ 15:31:23 - Found variation product object. ID:463074
04-13-2022 @ 15:31:23 - Setting Featured Image. URL:https://inspiry.co.nz/wp-content/uploads/oshan/RFA/RFA-PR2005D.jpg
04-13-2022 @ 15:31:23 - Attachment ID:463028
04-13-2022 @ 15:31:23 - Setting Gallery Images.
04-13-2022 @ 15:31:23 - Image URL:https://inspiry.co.nz/wp-content/uploads/oshan/RFA/RFA-PR2005D-1.jpg
04-13-2022 @ 15:31:23 - Attachment ID:463029
04-13-2022 @ 15:31:23 - Image URL:https://inspiry.co.nz/wp-content/uploads/oshan/RFA/RFA-PR2005D-2.jpg
04-13-2022 @ 15:31:23 - Attachment ID:463030
04-13-2022 @ 15:31:23 - Image URL:https://inspiry.co.nz/wp-content/uploads/oshan/RFA/RFA-PR2005D-3.jpg
04-13-2022 @ 15:31:24 - URL:https://inspiry.co.nz/wp-content/uploads/oshan/RFA/RFA-PR2005D-3.jpg Reason:Error getting remote image https://inspiry.co.nz/wp-content/uploads/oshan/RFA/RFA-PR2005D-3.jpg. Error: Not Found
04-13-2022 @ 15:31:24 - Image URL:https://inspiry.co.nz/wp-content/uploads/oshan/RFA/RFA-PR2005D-4.jpg
04-13-2022 @ 15:31:25 - URL:https://inspiry.co.nz/wp-content/uploads/oshan/RFA/RFA-PR2005D-4.jpg Reason:Error getting remote image https://inspiry.co.nz/wp-content/uploads/oshan/RFA/RFA-PR2005D-4.jpg. Error: Not Found
04-13-2022 @ 15:31:25 - Image URL:https://inspiry.co.nz/wp-content/uploads/oshan/RFA/RFA-PR2005D-5.jpg
04-13-2022 @ 15:31:25 - URL:https://inspiry.co.nz/wp-content/uploads/oshan/RFA/RFA-PR2005D-5.jpg Reason:Error getting remote image https://inspiry.co.nz/wp-content/uploads/oshan/RFA/RFA-PR2005D-5.jpg. Error: Not Found
04-13-2022 @ 15:31:25 - Image URL:https://inspiry.co.nz/wp-content/uploads/oshan/RFA/RFA-PR2005D.jpg
04-13-2022 @ 15:31:25 - Attachment ID:463028
04-13-2022 @ 15:31:25 - Image URL:https://inspiry.co.nz/wp-content/uploads/oshan/RFA/RFA-PR2005D-1.jpg
04-13-2022 @ 15:31:25 - Attachment ID:463029
04-13-2022 @ 15:31:25 - Image URL:https://inspiry.co.nz/wp-content/uploads/oshan/RFA/RFA-PR2005D-2.jpg
04-13-2022 @ 15:31:25 - Attachment ID:463030
04-13-2022 @ 15:31:25 - Image URL:https://inspiry.co.nz/wp-content/uploads/oshan/RFA/RFA-PR2005D-3.jpg
04-13-2022 @ 15:31:26 - URL:https://inspiry.co.nz/wp-content/uploads/oshan/RFA/RFA-PR2005D-3.jpg Reason:Error getting remote image https://inspiry.co.nz/wp-content/uploads/oshan/RFA/RFA-PR2005D-3.jpg. Error: Not Found
04-13-2022 @ 15:31:26 - Image URL:https://inspiry.co.nz/wp-content/uploads/oshan/RFA/RFA-PR2005D-4.jpg
04-13-2022 @ 15:31:27 - URL:https://inspiry.co.nz/wp-content/uploads/oshan/RFA/RFA-PR2005D-4.jpg Reason:Error getting remote image https://inspiry.co.nz/wp-content/uploads/oshan/RFA/RFA-PR2005D-4.jpg. Error: Not Found
04-13-2022 @ 15:31:27 - Image URL:https://inspiry.co.nz/wp-content/uploads/oshan/RFA/RFA-PR2005D-5.jpg
04-13-2022 @ 15:31:28 - URL:https://inspiry.co.nz/wp-content/uploads/oshan/RFA/RFA-PR2005D-5.jpg Reason:Error getting remote image https://inspiry.co.nz/wp-content/uploads/oshan/RFA/RFA-PR2005D-5.jpg. Error: Not Found
04-13-2022 @ 15:31:28 - Row :5 - Product imported successfully.
04-13-2022 @ 15:31:28 - Row :6 - Parsing item.
04-13-2022 @ 15:31:28 - Importing as new product ID:463075
04-13-2022 @ 15:31:28 - Row :6 - Processing item.
04-13-2022 @ 15:31:28 - Found variation product object. ID:463075
04-13-2022 @ 15:31:28 - Setting Featured Image. URL:https://inspiry.co.nz/wp-content/uploads/oshan/RFA/RFA-PR2006A.jpg
04-13-2022 @ 15:31:28 - Attachment ID:463032
04-13-2022 @ 15:31:28 - Setting Gallery Images.
04-13-2022 @ 15:31:28 - Image URL:https://inspiry.co.nz/wp-content/uploads/oshan/RFA/RFA-PR2006A-1.jpg
04-13-2022 @ 15:31:28 - Attachment ID:463033
04-13-2022 @ 15:31:28 - Image URL:https://inspiry.co.nz/wp-content/uploads/oshan/RFA/RFA-PR2006A-2.jpg
04-13-2022 @ 15:31:28 - Attachment ID:463034
04-13-2022 @ 15:31:28 - Image URL:https://inspiry.co.nz/wp-content/uploads/oshan/RFA/RFA-PR2006A-3.jpg
04-13-2022 @ 15:31:28 - URL:https://inspiry.co.nz/wp-content/uploads/oshan/RFA/RFA-PR2006A-3.jpg Reason:Error getting remote image https://inspiry.co.nz/wp-content/uploads/oshan/RFA/RFA-PR2006A-3.jpg. Error: Not Found
04-13-2022 @ 15:31:28 - Image URL:https://inspiry.co.nz/wp-content/uploads/oshan/RFA/RFA-PR2006A-4.jpg
04-13-2022 @ 15:31:29 - URL:https://inspiry.co.nz/wp-content/uploads/oshan/RFA/RFA-PR2006A-4.jpg Reason:Error getting remote image https://inspiry.co.nz/wp-content/uploads/oshan/RFA/RFA-PR2006A-4.jpg. Error: Not Found
04-13-2022 @ 15:31:29 - Image URL:https://inspiry.co.nz/wp-content/uploads/oshan/RFA/RFA-PR2006A-5.jpg
04-13-2022 @ 15:31:30 - URL:https://inspiry.co.nz/wp-content/uploads/oshan/RFA/RFA-PR2006A-5.jpg Reason:Error getting remote image https://inspiry.co.nz/wp-content/uploads/oshan/RFA/RFA-PR2006A-5.jpg. Error: Not Found
04-13-2022 @ 15:31:30 - Row :6 - Product imported successfully.
04-13-2022 @ 15:31:30 - Row :7 - Parsing item.
04-13-2022 @ 15:31:30 - Importing as new product ID:463076
04-13-2022 @ 15:31:30 - Row :7 - Processing item.
04-13-2022 @ 15:31:30 - Found variation product object. ID:463076
04-13-2022 @ 15:31:30 - Setting Featured Image. URL:https://inspiry.co.nz/wp-content/uploads/oshan/RFA/RFA-PR2006B.jpg
04-13-2022 @ 15:31:30 - Attachment ID:463036
04-13-2022 @ 15:31:30 - Setting Gallery Images.
04-13-2022 @ 15:31:30 - Image URL:https://inspiry.co.nz/wp-content/uploads/oshan/RFA/RFA-PR2006B-1.jpg
04-13-2022 @ 15:31:30 - Attachment ID:463037
04-13-2022 @ 15:31:30 - Image URL:https://inspiry.co.nz/wp-content/uploads/oshan/RFA/RFA-PR2006B-2.jpg
04-13-2022 @ 15:31:30 - Attachment ID:463038
04-13-2022 @ 15:31:30 - Image URL:https://inspiry.co.nz/wp-content/uploads/oshan/RFA/RFA-PR2006B-3.jpg
04-13-2022 @ 15:31:31 - URL:https://inspiry.co.nz/wp-content/uploads/oshan/RFA/RFA-PR2006B-3.jpg Reason:Error getting remote image https://inspiry.co.nz/wp-content/uploads/oshan/RFA/RFA-PR2006B-3.jpg. Error: Not Found
04-13-2022 @ 15:31:31 - Image URL:https://inspiry.co.nz/wp-content/uploads/oshan/RFA/RFA-PR2006B-4.jpg
04-13-2022 @ 15:31:31 - URL:https://inspiry.co.nz/wp-content/uploads/oshan/RFA/RFA-PR2006B-4.jpg Reason:Error getting remote image https://inspiry.co.nz/wp-content/uploads/oshan/RFA/RFA-PR2006B-4.jpg. Error: Not Found
04-13-2022 @ 15:31:31 - Image URL:https://inspiry.co.nz/wp-content/uploads/oshan/RFA/RFA-PR2006B-5.jpg
04-13-2022 @ 15:31:32 - URL:https://inspiry.co.nz/wp-content/uploads/oshan/RFA/RFA-PR2006B-5.jpg Reason:Error getting remote image https://inspiry.co.nz/wp-content/uploads/oshan/RFA/RFA-PR2006B-5.jpg. Error: Not Found
04-13-2022 @ 15:31:32 - Row :7 - Product imported successfully.
04-13-2022 @ 15:31:32 - Row :8 - Parsing item.
04-13-2022 @ 15:31:32 - Importing as new product ID:463077
04-13-2022 @ 15:31:32 - Row :8 - Processing item.
04-13-2022 @ 15:31:32 - Found variation product object. ID:463077
04-13-2022 @ 15:31:32 - Setting Featured Image. URL:https://inspiry.co.nz/wp-content/uploads/oshan/RFA/RFA-PR2006C.jpg
04-13-2022 @ 15:31:32 - Attachment ID:463040
04-13-2022 @ 15:31:32 - Setting Gallery Images.
04-13-2022 @ 15:31:32 - Image URL:https://inspiry.co.nz/wp-content/uploads/oshan/RFA/RFA-PR2006C-1.jpg
04-13-2022 @ 15:31:32 - Attachment ID:463041
04-13-2022 @ 15:31:32 - Image URL:https://inspiry.co.nz/wp-content/uploads/oshan/RFA/RFA-PR2006C-2.jpg
04-13-2022 @ 15:31:32 - Attachment ID:463042
04-13-2022 @ 15:31:32 - Image URL:https://inspiry.co.nz/wp-content/uploads/oshan/RFA/RFA-PR2006C-3.jpg
04-13-2022 @ 15:31:33 - URL:https://inspiry.co.nz/wp-content/uploads/oshan/RFA/RFA-PR2006C-3.jpg Reason:Error getting remote image https://inspiry.co.nz/wp-content/uploads/oshan/RFA/RFA-PR2006C-3.jpg. Error: Not Found
04-13-2022 @ 15:31:33 - Image URL:https://inspiry.co.nz/wp-content/uploads/oshan/RFA/RFA-PR2006C-4.jpg
04-13-2022 @ 15:31:34 - URL:https://inspiry.co.nz/wp-content/uploads/oshan/RFA/RFA-PR2006C-4.jpg Reason:Error getting remote image https://inspiry.co.nz/wp-content/uploads/oshan/RFA/RFA-PR2006C-4.jpg. Error: Not Found
04-13-2022 @ 15:31:34 - Image URL:https://inspiry.co.nz/wp-content/uploads/oshan/RFA/RFA-PR2006C-5.jpg
04-13-2022 @ 15:31:34 - URL:https://inspiry.co.nz/wp-content/uploads/oshan/RFA/RFA-PR2006C-5.jpg Reason:Error getting remote image https://inspiry.co.nz/wp-content/uploads/oshan/RFA/RFA-PR2006C-5.jpg. Error: Not Found
04-13-2022 @ 15:31:34 - Row :8 - Product imported successfully.
04-13-2022 @ 15:31:34 - Row :9 - Parsing item.
04-13-2022 @ 15:31:34 - Importing as new product ID:463078
04-13-2022 @ 15:31:34 - Row :9 - Processing item.
04-13-2022 @ 15:31:34 - Found variation product object. ID:463078
04-13-2022 @ 15:31:34 - Setting Featured Image. URL:https://inspiry.co.nz/wp-content/uploads/oshan/RFA/RFA-PR2006D.jpg
04-13-2022 @ 15:31:34 - Attachment ID:463044
04-13-2022 @ 15:31:34 - Setting Gallery Images.
04-13-2022 @ 15:31:34 - Image URL:https://inspiry.co.nz/wp-content/uploads/oshan/RFA/RFA-PR2006D-1.jpg
04-13-2022 @ 15:31:34 - Attachment ID:463045
04-13-2022 @ 15:31:34 - Image URL:https://inspiry.co.nz/wp-content/uploads/oshan/RFA/RFA-PR2006D-2.jpg
04-13-2022 @ 15:31:34 - Attachment ID:463046
04-13-2022 @ 15:31:34 - Image URL:https://inspiry.co.nz/wp-content/uploads/oshan/RFA/RFA-PR2006D-3.jpg
04-13-2022 @ 15:31:35 - URL:https://inspiry.co.nz/wp-content/uploads/oshan/RFA/RFA-PR2006D-3.jpg Reason:Error getting remote image https://inspiry.co.nz/wp-content/uploads/oshan/RFA/RFA-PR2006D-3.jpg. Error: Not Found
04-13-2022 @ 15:31:35 - Image URL:https://inspiry.co.nz/wp-content/uploads/oshan/RFA/RFA-PR2006D-4.jpg
04-13-2022 @ 15:31:36 - URL:https://inspiry.co.nz/wp-content/uploads/oshan/RFA/RFA-PR2006D-4.jpg Reason:Error getting remote image https://inspiry.co.nz/wp-content/uploads/oshan/RFA/RFA-PR2006D-4.jpg. Error: Not Found
04-13-2022 @ 15:31:36 - Image URL:https://inspiry.co.nz/wp-content/uploads/oshan/RFA/RFA-PR2006D-5.jpg
04-13-2022 @ 15:31:36 - URL:https://inspiry.co.nz/wp-content/uploads/oshan/RFA/RFA-PR2006D-5.jpg Reason:Error getting remote image https://inspiry.co.nz/wp-content/uploads/oshan/RFA/RFA-PR2006D-5.jpg. Error: Not Found
04-13-2022 @ 15:31:36 - Image URL:https://inspiry.co.nz/wp-content/uploads/oshan/RFA/RFA-PR2006D.jpg
04-13-2022 @ 15:31:36 - Attachment ID:463044
04-13-2022 @ 15:31:36 - Image URL:https://inspiry.co.nz/wp-content/uploads/oshan/RFA/RFA-PR2006D-1.jpg
04-13-2022 @ 15:31:36 - Attachment ID:463045
04-13-2022 @ 15:31:36 - Image URL:https://inspiry.co.nz/wp-content/uploads/oshan/RFA/RFA-PR2006D-2.jpg
04-13-2022 @ 15:31:36 - Attachment ID:463046
04-13-2022 @ 15:31:36 - Image URL:https://inspiry.co.nz/wp-content/uploads/oshan/RFA/RFA-PR2006D-3.jpg
04-13-2022 @ 15:31:37 - URL:https://inspiry.co.nz/wp-content/uploads/oshan/RFA/RFA-PR2006D-3.jpg Reason:Error getting remote image https://inspiry.co.nz/wp-content/uploads/oshan/RFA/RFA-PR2006D-3.jpg. Error: Not Found
04-13-2022 @ 15:31:37 - Image URL:https://inspiry.co.nz/wp-content/uploads/oshan/RFA/RFA-PR2006D-4.jpg
04-13-2022 @ 15:31:38 - URL:https://inspiry.co.nz/wp-content/uploads/oshan/RFA/RFA-PR2006D-4.jpg Reason:Error getting remote image https://inspiry.co.nz/wp-content/uploads/oshan/RFA/RFA-PR2006D-4.jpg. Error: Not Found
04-13-2022 @ 15:31:38 - Image URL:https://inspiry.co.nz/wp-content/uploads/oshan/RFA/RFA-PR2006D-5.jpg
04-13-2022 @ 15:31:38 - URL:https://inspiry.co.nz/wp-content/uploads/oshan/RFA/RFA-PR2006D-5.jpg Reason:Error getting remote image https://inspiry.co.nz/wp-content/uploads/oshan/RFA/RFA-PR2006D-5.jpg. Error: Not Found
04-13-2022 @ 15:31:39 - Row :9 - Product imported successfully.
04-13-2022 @ 15:31:39 - Row :10 - Parsing item.
04-13-2022 @ 15:31:39 - Importing as new product ID:463079
04-13-2022 @ 15:31:39 - Row :10 - Processing item.
04-13-2022 @ 15:31:39 - Found variable product object. ID:463079
04-13-2022 @ 15:31:39 - Setting Featured Image. URL:https://inspiry.co.nz/wp-content/uploads/oshan/RFA/RFA-PR2005A.jpg
04-13-2022 @ 15:31:39 - Attachment ID:463016
04-13-2022 @ 15:31:39 - Setting Gallery Images.
04-13-2022 @ 15:31:39 - Image URL:https://inspiry.co.nz/wp-content/uploads/oshan/RFA/RFA-PR2005A-1.jpg
04-13-2022 @ 15:31:39 - Attachment ID:463017
04-13-2022 @ 15:31:39 - Image URL:https://inspiry.co.nz/wp-content/uploads/oshan/RFA/RFA-PR2005A-2.jpg
04-13-2022 @ 15:31:39 - Attachment ID:463018
04-13-2022 @ 15:31:39 - Image URL:https://inspiry.co.nz/wp-content/uploads/oshan/RFA/RFA-PR2005A-3.jpg
04-13-2022 @ 15:31:39 - URL:https://inspiry.co.nz/wp-content/uploads/oshan/RFA/RFA-PR2005A-3.jpg Reason:Error getting remote image https://inspiry.co.nz/wp-content/uploads/oshan/RFA/RFA-PR2005A-3.jpg. Error: Not Found
04-13-2022 @ 15:31:39 - Image URL:https://inspiry.co.nz/wp-content/uploads/oshan/RFA/RFA-PR2005A-4.jpg
04-13-2022 @ 15:31:40 - URL:https://inspiry.co.nz/wp-content/uploads/oshan/RFA/RFA-PR2005A-4.jpg Reason:Error getting remote image https://inspiry.co.nz/wp-content/uploads/oshan/RFA/RFA-PR2005A-4.jpg. Error: Not Found
04-13-2022 @ 15:31:40 - Image URL:https://inspiry.co.nz/wp-content/uploads/oshan/RFA/RFA-PR2005A-5.jpg
04-13-2022 @ 15:31:41 - URL:https://inspiry.co.nz/wp-content/uploads/oshan/RFA/RFA-PR2005A-5.jpg Reason:Error getting remote image https://inspiry.co.nz/wp-content/uploads/oshan/RFA/RFA-PR2005A-5.jpg. Error: Not Found
04-13-2022 @ 15:31:41 - Image URL:https://inspiry.co.nz/wp-content/uploads/oshan/RFA/RFA-PR2005B.jpg
04-13-2022 @ 15:31:41 - Attachment ID:463020
04-13-2022 @ 15:31:41 - Image URL:https://inspiry.co.nz/wp-content/uploads/oshan/RFA/RFA-PR2005B-1.jpg
04-13-2022 @ 15:31:41 - Attachment ID:463021
04-13-2022 @ 15:31:41 - Image URL:https://inspiry.co.nz/wp-content/uploads/oshan/RFA/RFA-PR2005C.jpg
04-13-2022 @ 15:31:41 - Attachment ID:463024
04-13-2022 @ 15:31:41 - Image URL:https://inspiry.co.nz/wp-content/uploads/oshan/RFA/RFA-PR2005C-1.jpg
04-13-2022 @ 15:31:41 - Attachment ID:463025
04-13-2022 @ 15:31:41 - Image URL:https://inspiry.co.nz/wp-content/uploads/oshan/RFA/RFA-PR2005C-2.jpg
04-13-2022 @ 15:31:41 - Attachment ID:463026
04-13-2022 @ 15:31:41 - Image URL:https://inspiry.co.nz/wp-content/uploads/oshan/RFA/RFA-PR2005C-3.jpg
04-13-2022 @ 15:31:41 - URL:https://inspiry.co.nz/wp-content/uploads/oshan/RFA/RFA-PR2005C-3.jpg Reason:Error getting remote image https://inspiry.co.nz/wp-content/uploads/oshan/RFA/RFA-PR2005C-3.jpg. Error: Not Found
04-13-2022 @ 15:31:41 - Image URL:https://inspiry.co.nz/wp-content/uploads/oshan/RFA/RFA-PR2005C-4.jpg
04-13-2022 @ 15:31:42 - URL:https://inspiry.co.nz/wp-content/uploads/oshan/RFA/RFA-PR2005C-4.jpg Reason:Error getting remote image https://inspiry.co.nz/wp-content/uploads/oshan/RFA/RFA-PR2005C-4.jpg. Error: Not Found
04-13-2022 @ 15:31:42 - Image URL:https://inspiry.co.nz/wp-content/uploads/oshan/RFA/RFA-PR2005C-5.jpg
04-13-2022 @ 15:31:43 - URL:https://inspiry.co.nz/wp-content/uploads/oshan/RFA/RFA-PR2005C-5.jpg Reason:Error getting remote image https://inspiry.co.nz/wp-content/uploads/oshan/RFA/RFA-PR2005C-5.jpg. Error: Not Found
04-13-2022 @ 15:31:43 - Image URL:https://inspiry.co.nz/wp-content/uploads/oshan/RFA/RFA-PR2005B-2.jpg
04-13-2022 @ 15:31:43 - Attachment ID:463022
04-13-2022 @ 15:31:43 - Image URL:https://inspiry.co.nz/wp-content/uploads/oshan/RFA/RFA-PR2005B-3.jpg
04-13-2022 @ 15:31:43 - URL:https://inspiry.co.nz/wp-content/uploads/oshan/RFA/RFA-PR2005B-3.jpg Reason:Error getting remote image https://inspiry.co.nz/wp-content/uploads/oshan/RFA/RFA-PR2005B-3.jpg. Error: Not Found
04-13-2022 @ 15:31:43 - Image URL:
04-13-2022 @ 15:31:44 - Image URL:https://inspiry.co.nz/wp-content/uploads/oshan/RFA/RFA-PR2005B-4.jpg
04-13-2022 @ 15:31:45 - URL:https://inspiry.co.nz/wp-content/uploads/oshan/RFA/RFA-PR2005B-4.jpg Reason:Error getting remote image https://inspiry.co.nz/wp-content/uploads/oshan/RFA/RFA-PR2005B-4.jpg. Error: Not Found
04-13-2022 @ 15:31:45 - Image URL:https://inspiry.co.nz/wp-content/uploads/oshan/RFA/RFA-PR2005B-5.jpg
04-13-2022 @ 15:31:45 - URL:https://inspiry.co.nz/wp-content/uploads/oshan/RFA/RFA-PR2005B-5.jpg Reason:Error getting remote image https://inspiry.co.nz/wp-content/uploads/oshan/RFA/RFA-PR2005B-5.jpg. Error: Not Found
04-13-2022 @ 15:31:45 - Image URL:https://inspiry.co.nz/wp-content/uploads/oshan/RFA/RFA-PR2005C.jpg
04-13-2022 @ 15:31:45 - Attachment ID:463024
04-13-2022 @ 15:31:45 - Image URL:https://inspiry.co.nz/wp-content/uploads/oshan/RFA/RFA-PR2005C-1.jpg
04-13-2022 @ 15:31:45 - Attachment ID:463025
04-13-2022 @ 15:31:45 - Image URL:https://inspiry.co.nz/wp-content/uploads/oshan/RFA/RFA-PR2005C-2.jpg
04-13-2022 @ 15:31:45 - Attachment ID:463026
04-13-2022 @ 15:31:45 - Image URL:https://inspiry.co.nz/wp-content/uploads/oshan/RFA/RFA-PR2005C-3.jpg
04-13-2022 @ 15:31:46 - URL:https://inspiry.co.nz/wp-content/uploads/oshan/RFA/RFA-PR2005C-3.jpg Reason:Error getting remote image https://inspiry.co.nz/wp-content/uploads/oshan/RFA/RFA-PR2005C-3.jpg. Error: Not Found
04-13-2022 @ 15:31:46 - Image URL:https://inspiry.co.nz/wp-content/uploads/oshan/RFA/RFA-PR2005C-4.jpg
04-13-2022 @ 15:31:47 - URL:https://inspiry.co.nz/wp-content/uploads/oshan/RFA/RFA-PR2005C-4.jpg Reason:Error getting remote image https://inspiry.co.nz/wp-content/uploads/oshan/RFA/RFA-PR2005C-4.jpg. Error: Not Found
04-13-2022 @ 15:31:47 - Image URL:https://inspiry.co.nz/wp-content/uploads/oshan/RFA/RFA-PR2005C-5.jpg
04-13-2022 @ 15:31:48 - URL:https://inspiry.co.nz/wp-content/uploads/oshan/RFA/RFA-PR2005C-5.jpg Reason:Error getting remote image https://inspiry.co.nz/wp-content/uploads/oshan/RFA/RFA-PR2005C-5.jpg. Error: Not Found
04-13-2022 @ 15:31:48 - Image URL:https://inspiry.co.nz/wp-content/uploads/oshan/RFA/RFA-PR2006D.jpg
04-13-2022 @ 15:31:48 - Attachment ID:463044
04-13-2022 @ 15:31:48 - Image URL:https://inspiry.co.nz/wp-content/uploads/oshan/RFA/RFA-PR2006D-1.jpg
04-13-2022 @ 15:31:48 - Attachment ID:463045
04-13-2022 @ 15:31:48 - Image URL:https://inspiry.co.nz/wp-content/uploads/oshan/RFA/RFA-PR2006D-2.jpg
04-13-2022 @ 15:31:48 - Attachment ID:463046
04-13-2022 @ 15:31:48 - Image URL:https://inspiry.co.nz/wp-content/uploads/oshan/RFA/RFA-PR2006D-3.jpg
04-13-2022 @ 15:31:48 - URL:https://inspiry.co.nz/wp-content/uploads/oshan/RFA/RFA-PR2006D-3.jpg Reason:Error getting remote image https://inspiry.co.nz/wp-content/uploads/oshan/RFA/RFA-PR2006D-3.jpg. Error: Not Found
04-13-2022 @ 15:31:48 - Image URL:https://inspiry.co.nz/wp-content/uploads/oshan/RFA/RFA-PR2006D-4.jpg
04-13-2022 @ 15:31:49 - URL:https://inspiry.co.nz/wp-content/uploads/oshan/RFA/RFA-PR2006D-4.jpg Reason:Error getting remote image https://inspiry.co.nz/wp-content/uploads/oshan/RFA/RFA-PR2006D-4.jpg. Error: Not Found
04-13-2022 @ 15:31:49 - Image URL:https://inspiry.co.nz/wp-content/uploads/oshan/RFA/RFA-PR2006D-5.jpg
04-13-2022 @ 15:31:50 - URL:https://inspiry.co.nz/wp-content/uploads/oshan/RFA/RFA-PR2006D-5.jpg Reason:Error getting remote image https://inspiry.co.nz/wp-content/uploads/oshan/RFA/RFA-PR2006D-5.jpg. Error: Not Found
04-13-2022 @ 15:31:50 - Image URL:https://inspiry.co.nz/wp-content/uploads/oshan/RFA/RFA-PR2006D.jpg
04-13-2022 @ 15:31:50 - Attachment ID:463044
04-13-2022 @ 15:31:50 - Image URL:https://inspiry.co.nz/wp-content/uploads/oshan/RFA/RFA-PR2006D-1.jpg
04-13-2022 @ 15:31:50 - Attachment ID:463045
04-13-2022 @ 15:31:50 - Image URL:https://inspiry.co.nz/wp-content/uploads/oshan/RFA/RFA-PR2006D-2.jpg
04-13-2022 @ 15:31:50 - Attachment ID:463046
04-13-2022 @ 15:31:50 - Image URL:https://inspiry.co.nz/wp-content/uploads/oshan/RFA/RFA-PR2006D-3.jpg
04-13-2022 @ 15:31:50 - URL:https://inspiry.co.nz/wp-content/uploads/oshan/RFA/RFA-PR2006D-3.jpg Reason:Error getting remote image https://inspiry.co.nz/wp-content/uploads/oshan/RFA/RFA-PR2006D-3.jpg. Error: Not Found
04-13-2022 @ 15:31:50 - Image URL:https://inspiry.co.nz/wp-content/uploads/oshan/RFA/RFA-PR2006D-4.jpg
04-13-2022 @ 15:31:51 - URL:https://inspiry.co.nz/wp-content/uploads/oshan/RFA/RFA-PR2006D-4.jpg Reason:Error getting remote image https://inspiry.co.nz/wp-content/uploads/oshan/RFA/RFA-PR2006D-4.jpg. Error: Not Found
04-13-2022 @ 15:31:51 - Image URL:https://inspiry.co.nz/wp-content/uploads/oshan/RFA/RFA-PR2006D-5.jpg
04-13-2022 @ 15:31:52 - URL:https://inspiry.co.nz/wp-content/uploads/oshan/RFA/RFA-PR2006D-5.jpg Reason:Error getting remote image https://inspiry.co.nz/wp-content/uploads/oshan/RFA/RFA-PR2006D-5.jpg. Error: Not Found
04-13-2022 @ 15:31:52 - Row :10 - Product imported successfully.
04-13-2022 @ 15:31:55 - Preparing for import.
04-13-2022 @ 15:31:55 - Row :11 - Parsing item.
04-13-2022 @ 15:31:55 - Importing as new product ID:463080
04-13-2022 @ 15:31:55 - Row :11 - Processing item.
04-13-2022 @ 15:31:55 - Found variation product object. ID:463080
04-13-2022 @ 15:31:55 - Setting Featured Image. URL:https://inspiry.co.nz/wp-content/uploads/oshan/RFA/RFA-PR2005A.jpg
04-13-2022 @ 15:31:55 - Attachment ID:463016
04-13-2022 @ 15:31:55 - Setting Gallery Images.
04-13-2022 @ 15:31:55 - Image URL:https://inspiry.co.nz/wp-content/uploads/oshan/RFA/RFA-PR2005A-1.jpg
04-13-2022 @ 15:31:55 - Attachment ID:463017
04-13-2022 @ 15:31:55 - Image URL:https://inspiry.co.nz/wp-content/uploads/oshan/RFA/RFA-PR2005A-2.jpg
04-13-2022 @ 15:31:55 - Attachment ID:463018
04-13-2022 @ 15:31:55 - Image URL:https://inspiry.co.nz/wp-content/uploads/oshan/RFA/RFA-PR2005A-3.jpg
04-13-2022 @ 15:31:56 - URL:https://inspiry.co.nz/wp-content/uploads/oshan/RFA/RFA-PR2005A-3.jpg Reason:Error getting remote image https://inspiry.co.nz/wp-content/uploads/oshan/RFA/RFA-PR2005A-3.jpg. Error: Not Found
04-13-2022 @ 15:31:56 - Image URL:https://inspiry.co.nz/wp-content/uploads/oshan/RFA/RFA-PR2005A-4.jpg
04-13-2022 @ 15:31:57 - URL:https://inspiry.co.nz/wp-content/uploads/oshan/RFA/RFA-PR2005A-4.jpg Reason:Error getting remote image https://inspiry.co.nz/wp-content/uploads/oshan/RFA/RFA-PR2005A-4.jpg. Error: Not Found
04-13-2022 @ 15:31:57 - Image URL:https://inspiry.co.nz/wp-content/uploads/oshan/RFA/RFA-PR2005A-5.jpg
04-13-2022 @ 15:31:57 - URL:https://inspiry.co.nz/wp-content/uploads/oshan/RFA/RFA-PR2005A-5.jpg Reason:Error getting remote image https://inspiry.co.nz/wp-content/uploads/oshan/RFA/RFA-PR2005A-5.jpg. Error: Not Found
04-13-2022 @ 15:31:58 - Row :11 - Product imported successfully.
04-13-2022 @ 15:31:58 - Row :12 - Parsing item.
04-13-2022 @ 15:31:58 - Importing as new product ID:463081
04-13-2022 @ 15:31:58 - Row :12 - Processing item.
04-13-2022 @ 15:31:58 - Found variation product object. ID:463081
04-13-2022 @ 15:31:58 - Setting Featured Image. URL:https://inspiry.co.nz/wp-content/uploads/oshan/RFA/RFA-PR2005B.jpg
04-13-2022 @ 15:31:58 - Attachment ID:463020
04-13-2022 @ 15:31:58 - Setting Gallery Images.
04-13-2022 @ 15:31:58 - Image URL:https://inspiry.co.nz/wp-content/uploads/oshan/RFA/RFA-PR2005B-1.jpg
04-13-2022 @ 15:31:58 - Attachment ID:463021
04-13-2022 @ 15:31:58 - Image URL:https://inspiry.co.nz/wp-content/uploads/oshan/RFA/RFA-PR2005B-2.jpg
04-13-2022 @ 15:31:58 - Attachment ID:463022
04-13-2022 @ 15:31:58 - Image URL:https://inspiry.co.nz/wp-content/uploads/oshan/RFA/RFA-PR2005B-3.jpg
04-13-2022 @ 15:31:58 - URL:https://inspiry.co.nz/wp-content/uploads/oshan/RFA/RFA-PR2005B-3.jpg Reason:Error getting remote image https://inspiry.co.nz/wp-content/uploads/oshan/RFA/RFA-PR2005B-3.jpg. Error: Not Found
04-13-2022 @ 15:31:58 - Image URL:https://inspiry.co.nz/wp-content/uploads/oshan/RFA/RFA-PR2005B-4.jpg
04-13-2022 @ 15:31:59 - URL:https://inspiry.co.nz/wp-content/uploads/oshan/RFA/RFA-PR2005B-4.jpg Reason:Error getting remote image https://inspiry.co.nz/wp-content/uploads/oshan/RFA/RFA-PR2005B-4.jpg. Error: Not Found
04-13-2022 @ 15:31:59 - Image URL:https://inspiry.co.nz/wp-content/uploads/oshan/RFA/RFA-PR2005B-5.jpg
04-13-2022 @ 15:32:00 - URL:https://inspiry.co.nz/wp-content/uploads/oshan/RFA/RFA-PR2005B-5.jpg Reason:Error getting remote image https://inspiry.co.nz/wp-content/uploads/oshan/RFA/RFA-PR2005B-5.jpg. Error: Not Found
04-13-2022 @ 15:32:00 - Row :12 - Product imported successfully.
04-13-2022 @ 15:32:00 - Row :13 - Parsing item.
04-13-2022 @ 15:32:00 - Importing as new product ID:463082
04-13-2022 @ 15:32:00 - Row :13 - Processing item.
04-13-2022 @ 15:32:00 - Found variation product object. ID:463082
04-13-2022 @ 15:32:00 - Setting Featured Image. URL:https://inspiry.co.nz/wp-content/uploads/oshan/RFA/RFA-PR2005C.jpg
04-13-2022 @ 15:32:00 - Attachment ID:463024
04-13-2022 @ 15:32:00 - Setting Gallery Images.
04-13-2022 @ 15:32:00 - Image URL:https://inspiry.co.nz/wp-content/uploads/oshan/RFA/RFA-PR2005C-1.jpg
04-13-2022 @ 15:32:00 - Attachment ID:463025
04-13-2022 @ 15:32:00 - Image URL:https://inspiry.co.nz/wp-content/uploads/oshan/RFA/RFA-PR2005C-2.jpg
04-13-2022 @ 15:32:00 - Attachment ID:463026
04-13-2022 @ 15:32:00 - Image URL:https://inspiry.co.nz/wp-content/uploads/oshan/RFA/RFA-PR2005C-3.jpg
04-13-2022 @ 15:32:01 - URL:https://inspiry.co.nz/wp-content/uploads/oshan/RFA/RFA-PR2005C-3.jpg Reason:Error getting remote image https://inspiry.co.nz/wp-content/uploads/oshan/RFA/RFA-PR2005C-3.jpg. Error: Not Found
04-13-2022 @ 15:32:01 - Image URL:https://inspiry.co.nz/wp-content/uploads/oshan/RFA/RFA-PR2005C-4.jpg
04-13-2022 @ 15:32:01 - URL:https://inspiry.co.nz/wp-content/uploads/oshan/RFA/RFA-PR2005C-4.jpg Reason:Error getting remote image https://inspiry.co.nz/wp-content/uploads/oshan/RFA/RFA-PR2005C-4.jpg. Error: Not Found
04-13-2022 @ 15:32:01 - Image URL:https://inspiry.co.nz/wp-content/uploads/oshan/RFA/RFA-PR2005C-5.jpg
04-13-2022 @ 15:32:02 - URL:https://inspiry.co.nz/wp-content/uploads/oshan/RFA/RFA-PR2005C-5.jpg Reason:Error getting remote image https://inspiry.co.nz/wp-content/uploads/oshan/RFA/RFA-PR2005C-5.jpg. Error: Not Found
04-13-2022 @ 15:32:02 - Row :13 - Product imported successfully.
04-13-2022 @ 15:32:02 - Row :14 - Parsing item.
04-13-2022 @ 15:32:02 - Importing as new product ID:463083
04-13-2022 @ 15:32:02 - Row :14 - Processing item.
04-13-2022 @ 15:32:02 - Found variation product object. ID:463083
04-13-2022 @ 15:32:02 - Setting Featured Image. URL:https://inspiry.co.nz/wp-content/uploads/oshan/RFA/RFA-PR2005D.jpg
04-13-2022 @ 15:32:02 - Attachment ID:463028
04-13-2022 @ 15:32:02 - Setting Gallery Images.
04-13-2022 @ 15:32:02 - Image URL:https://inspiry.co.nz/wp-content/uploads/oshan/RFA/RFA-PR2005D-1.jpg
04-13-2022 @ 15:32:02 - Attachment ID:463029
04-13-2022 @ 15:32:02 - Image URL:https://inspiry.co.nz/wp-content/uploads/oshan/RFA/RFA-PR2005D-2.jpg
04-13-2022 @ 15:32:02 - Attachment ID:463030
04-13-2022 @ 15:32:02 - Image URL:https://inspiry.co.nz/wp-content/uploads/oshan/RFA/RFA-PR2005D-3.jpg
04-13-2022 @ 15:32:03 - URL:https://inspiry.co.nz/wp-content/uploads/oshan/RFA/RFA-PR2005D-3.jpg Reason:Error getting remote image https://inspiry.co.nz/wp-content/uploads/oshan/RFA/RFA-PR2005D-3.jpg. Error: Not Found
04-13-2022 @ 15:32:03 - Image URL:https://inspiry.co.nz/wp-content/uploads/oshan/RFA/RFA-PR2005D-4.jpg
04-13-2022 @ 15:32:04 - URL:https://inspiry.co.nz/wp-content/uploads/oshan/RFA/RFA-PR2005D-4.jpg Reason:Error getting remote image https://inspiry.co.nz/wp-content/uploads/oshan/RFA/RFA-PR2005D-4.jpg. Error: Not Found
04-13-2022 @ 15:32:04 - Image URL:https://inspiry.co.nz/wp-content/uploads/oshan/RFA/RFA-PR2005D-5.jpg
04-13-2022 @ 15:32:04 - URL:https://inspiry.co.nz/wp-content/uploads/oshan/RFA/RFA-PR2005D-5.jpg Reason:Error getting remote image https://inspiry.co.nz/wp-content/uploads/oshan/RFA/RFA-PR2005D-5.jpg. Error: Not Found
04-13-2022 @ 15:32:04 - Image URL:https://inspiry.co.nz/wp-content/uploads/oshan/RFA/RFA-PR2005D.jpg
04-13-2022 @ 15:32:04 - Attachment ID:463028
04-13-2022 @ 15:32:04 - Image URL:https://inspiry.co.nz/wp-content/uploads/oshan/RFA/RFA-PR2005D-1.jpg
04-13-2022 @ 15:32:04 - Attachment ID:463029
04-13-2022 @ 15:32:04 - Image URL:https://inspiry.co.nz/wp-content/uploads/oshan/RFA/RFA-PR2005D-2.jpg
04-13-2022 @ 15:32:04 - Attachment ID:463030
04-13-2022 @ 15:32:04 - Image URL:https://inspiry.co.nz/wp-content/uploads/oshan/RFA/RFA-PR2005D-3.jpg
04-13-2022 @ 15:32:05 - URL:https://inspiry.co.nz/wp-content/uploads/oshan/RFA/RFA-PR2005D-3.jpg Reason:Error getting remote image https://inspiry.co.nz/wp-content/uploads/oshan/RFA/RFA-PR2005D-3.jpg. Error: Not Found
04-13-2022 @ 15:32:05 - Image URL:https://inspiry.co.nz/wp-content/uploads/oshan/RFA/RFA-PR2005D-4.jpg
04-13-2022 @ 15:32:06 - URL:https://inspiry.co.nz/wp-content/uploads/oshan/RFA/RFA-PR2005D-4.jpg Reason:Error getting remote image https://inspiry.co.nz/wp-content/uploads/oshan/RFA/RFA-PR2005D-4.jpg. Error: Not Found
04-13-2022 @ 15:32:06 - Image URL:https://inspiry.co.nz/wp-content/uploads/oshan/RFA/RFA-PR2005D-5.jpg
04-13-2022 @ 15:32:07 - URL:https://inspiry.co.nz/wp-content/uploads/oshan/RFA/RFA-PR2005D-5.jpg Reason:Error getting remote image https://inspiry.co.nz/wp-content/uploads/oshan/RFA/RFA-PR2005D-5.jpg. Error: Not Found
04-13-2022 @ 15:32:07 - Row :14 - Product imported successfully.
04-13-2022 @ 15:32:07 - Row :15 - Parsing item.
04-13-2022 @ 15:32:07 - Importing as new product ID:463084
04-13-2022 @ 15:32:07 - Row :15 - Processing item.
04-13-2022 @ 15:32:07 - Found variation product object. ID:463084
04-13-2022 @ 15:32:07 - Setting Featured Image. URL:https://inspiry.co.nz/wp-content/uploads/oshan/RFA/RFA-PR2006A.jpg
04-13-2022 @ 15:32:07 - Attachment ID:463032
04-13-2022 @ 15:32:07 - Setting Gallery Images.
04-13-2022 @ 15:32:07 - Image URL:https://inspiry.co.nz/wp-content/uploads/oshan/RFA/RFA-PR2006A-1.jpg
04-13-2022 @ 15:32:07 - Attachment ID:463033
04-13-2022 @ 15:32:07 - Image URL:https://inspiry.co.nz/wp-content/uploads/oshan/RFA/RFA-PR2006A-2.jpg
04-13-2022 @ 15:32:07 - Attachment ID:463034
04-13-2022 @ 15:32:07 - Image URL:https://inspiry.co.nz/wp-content/uploads/oshan/RFA/RFA-PR2006A-3.jpg
04-13-2022 @ 15:32:07 - URL:https://inspiry.co.nz/wp-content/uploads/oshan/RFA/RFA-PR2006A-3.jpg Reason:Error getting remote image https://inspiry.co.nz/wp-content/uploads/oshan/RFA/RFA-PR2006A-3.jpg. Error: Not Found
04-13-2022 @ 15:32:07 - Image URL:https://inspiry.co.nz/wp-content/uploads/oshan/RFA/RFA-PR2006A-4.jpg
04-13-2022 @ 15:32:08 - URL:https://inspiry.co.nz/wp-content/uploads/oshan/RFA/RFA-PR2006A-4.jpg Reason:Error getting remote image https://inspiry.co.nz/wp-content/uploads/oshan/RFA/RFA-PR2006A-4.jpg. Error: Not Found
04-13-2022 @ 15:32:08 - Image URL:https://inspiry.co.nz/wp-content/uploads/oshan/RFA/RFA-PR2006A-5.jpg
04-13-2022 @ 15:32:09 - URL:https://inspiry.co.nz/wp-content/uploads/oshan/RFA/RFA-PR2006A-5.jpg Reason:Error getting remote image https://inspiry.co.nz/wp-content/uploads/oshan/RFA/RFA-PR2006A-5.jpg. Error: Not Found
04-13-2022 @ 15:32:09 - Row :15 - Product imported successfully.
04-13-2022 @ 15:32:09 - Row :16 - Parsing item.
04-13-2022 @ 15:32:09 - Importing as new product ID:463085
04-13-2022 @ 15:32:09 - Row :16 - Processing item.
04-13-2022 @ 15:32:09 - Found variation product object. ID:463085
04-13-2022 @ 15:32:09 - Setting Featured Image. URL:https://inspiry.co.nz/wp-content/uploads/oshan/RFA/RFA-PR2006B.jpg
04-13-2022 @ 15:32:09 - Attachment ID:463036
04-13-2022 @ 15:32:09 - Setting Gallery Images.
04-13-2022 @ 15:32:09 - Image URL:https://inspiry.co.nz/wp-content/uploads/oshan/RFA/RFA-PR2006B-1.jpg
04-13-2022 @ 15:32:09 - Attachment ID:463037
04-13-2022 @ 15:32:09 - Image URL:https://inspiry.co.nz/wp-content/uploads/oshan/RFA/RFA-PR2006B-2.jpg
04-13-2022 @ 15:32:09 - Attachment ID:463038
04-13-2022 @ 15:32:09 - Image URL:https://inspiry.co.nz/wp-content/uploads/oshan/RFA/RFA-PR2006B-3.jpg
04-13-2022 @ 15:32:10 - URL:https://inspiry.co.nz/wp-content/uploads/oshan/RFA/RFA-PR2006B-3.jpg Reason:Error getting remote image https://inspiry.co.nz/wp-content/uploads/oshan/RFA/RFA-PR2006B-3.jpg. Error: Not Found
04-13-2022 @ 15:32:10 - Image URL:https://inspiry.co.nz/wp-content/uploads/oshan/RFA/RFA-PR2006B-4.jpg
04-13-2022 @ 15:32:11 - URL:https://inspiry.co.nz/wp-content/uploads/oshan/RFA/RFA-PR2006B-4.jpg Reason:Error getting remote image https://inspiry.co.nz/wp-content/uploads/oshan/RFA/RFA-PR2006B-4.jpg. Error: Not Found
04-13-2022 @ 15:32:11 - Image URL:https://inspiry.co.nz/wp-content/uploads/oshan/RFA/RFA-PR2006B-5.jpg
04-13-2022 @ 15:32:11 - URL:https://inspiry.co.nz/wp-content/uploads/oshan/RFA/RFA-PR2006B-5.jpg Reason:Error getting remote image https://inspiry.co.nz/wp-content/uploads/oshan/RFA/RFA-PR2006B-5.jpg. Error: Not Found
04-13-2022 @ 15:32:12 - Row :16 - Product imported successfully.
04-13-2022 @ 15:32:12 - Row :17 - Parsing item.
04-13-2022 @ 15:32:12 - Importing as new product ID:463086
04-13-2022 @ 15:32:12 - Row :17 - Processing item.
04-13-2022 @ 15:32:12 - Found variation product object. ID:463086
04-13-2022 @ 15:32:12 - Setting Featured Image. URL:https://inspiry.co.nz/wp-content/uploads/oshan/RFA/RFA-PR2006C.jpg
04-13-2022 @ 15:32:12 - Attachment ID:463040
04-13-2022 @ 15:32:12 - Setting Gallery Images.
04-13-2022 @ 15:32:12 - Image URL:https://inspiry.co.nz/wp-content/uploads/oshan/RFA/RFA-PR2006C-1.jpg
04-13-2022 @ 15:32:12 - Attachment ID:463041
04-13-2022 @ 15:32:12 - Image URL:https://inspiry.co.nz/wp-content/uploads/oshan/RFA/RFA-PR2006C-2.jpg
04-13-2022 @ 15:32:12 - Attachment ID:463042
04-13-2022 @ 15:32:12 - Image URL:https://inspiry.co.nz/wp-content/uploads/oshan/RFA/RFA-PR2006C-3.jpg
04-13-2022 @ 15:32:12 - URL:https://inspiry.co.nz/wp-content/uploads/oshan/RFA/RFA-PR2006C-3.jpg Reason:Error getting remote image https://inspiry.co.nz/wp-content/uploads/oshan/RFA/RFA-PR2006C-3.jpg. Error: Not Found
04-13-2022 @ 15:32:12 - Image URL:https://inspiry.co.nz/wp-content/uploads/oshan/RFA/RFA-PR2006C-4.jpg
04-13-2022 @ 15:32:13 - URL:https://inspiry.co.nz/wp-content/uploads/oshan/RFA/RFA-PR2006C-4.jpg Reason:Error getting remote image https://inspiry.co.nz/wp-content/uploads/oshan/RFA/RFA-PR2006C-4.jpg. Error: Not Found
04-13-2022 @ 15:32:13 - Image URL:https://inspiry.co.nz/wp-content/uploads/oshan/RFA/RFA-PR2006C-5.jpg
04-13-2022 @ 15:32:14 - URL:https://inspiry.co.nz/wp-content/uploads/oshan/RFA/RFA-PR2006C-5.jpg Reason:Error getting remote image https://inspiry.co.nz/wp-content/uploads/oshan/RFA/RFA-PR2006C-5.jpg. Error: Not Found
04-13-2022 @ 15:32:14 - Row :17 - Product imported successfully.
04-13-2022 @ 15:32:14 - Row :18 - Parsing item.
04-13-2022 @ 15:32:14 - Importing as new product ID:463087
04-13-2022 @ 15:32:14 - Row :18 - Processing item.
04-13-2022 @ 15:32:14 - Found variation product object. ID:463087
04-13-2022 @ 15:32:14 - Setting Featured Image. URL:https://inspiry.co.nz/wp-content/uploads/oshan/RFA/RFA-PR2006D.jpg
04-13-2022 @ 15:32:14 - Attachment ID:463044
04-13-2022 @ 15:32:14 - Setting Gallery Images.
04-13-2022 @ 15:32:14 - Image URL:https://inspiry.co.nz/wp-content/uploads/oshan/RFA/RFA-PR2006D-1.jpg
04-13-2022 @ 15:32:14 - Attachment ID:463045
04-13-2022 @ 15:32:14 - Image URL:https://inspiry.co.nz/wp-content/uploads/oshan/RFA/RFA-PR2006D-2.jpg
04-13-2022 @ 15:32:14 - Attachment ID:463046
04-13-2022 @ 15:32:14 - Image URL:https://inspiry.co.nz/wp-content/uploads/oshan/RFA/RFA-PR2006D-3.jpg
04-13-2022 @ 15:32:15 - URL:https://inspiry.co.nz/wp-content/uploads/oshan/RFA/RFA-PR2006D-3.jpg Reason:Error getting remote image https://inspiry.co.nz/wp-content/uploads/oshan/RFA/RFA-PR2006D-3.jpg. Error: Not Found
04-13-2022 @ 15:32:15 - Image URL:https://inspiry.co.nz/wp-content/uploads/oshan/RFA/RFA-PR2006D-4.jpg
04-13-2022 @ 15:32:15 - URL:https://inspiry.co.nz/wp-content/uploads/oshan/RFA/RFA-PR2006D-4.jpg Reason:Error getting remote image https://inspiry.co.nz/wp-content/uploads/oshan/RFA/RFA-PR2006D-4.jpg. Error: Not Found
04-13-2022 @ 15:32:15 - Image URL:https://inspiry.co.nz/wp-content/uploads/oshan/RFA/RFA-PR2006D-5.jpg
04-13-2022 @ 15:32:16 - URL:https://inspiry.co.nz/wp-content/uploads/oshan/RFA/RFA-PR2006D-5.jpg Reason:Error getting remote image https://inspiry.co.nz/wp-content/uploads/oshan/RFA/RFA-PR2006D-5.jpg. Error: Not Found
04-13-2022 @ 15:32:16 - Image URL:https://inspiry.co.nz/wp-content/uploads/oshan/RFA/RFA-PR2006D.jpg
04-13-2022 @ 15:32:16 - Attachment ID:463044
04-13-2022 @ 15:32:16 - Image URL:https://inspiry.co.nz/wp-content/uploads/oshan/RFA/RFA-PR2006D-1.jpg
04-13-2022 @ 15:32:16 - Attachment ID:463045
04-13-2022 @ 15:32:16 - Image URL:https://inspiry.co.nz/wp-content/uploads/oshan/RFA/RFA-PR2006D-2.jpg
04-13-2022 @ 15:32:16 - Attachment ID:463046
04-13-2022 @ 15:32:16 - Image URL:https://inspiry.co.nz/wp-content/uploads/oshan/RFA/RFA-PR2006D-3.jpg
04-13-2022 @ 15:32:17 - URL:https://inspiry.co.nz/wp-content/uploads/oshan/RFA/RFA-PR2006D-3.jpg Reason:Error getting remote image https://inspiry.co.nz/wp-content/uploads/oshan/RFA/RFA-PR2006D-3.jpg. Error: Not Found
04-13-2022 @ 15:32:17 - Image URL:https://inspiry.co.nz/wp-content/uploads/oshan/RFA/RFA-PR2006D-4.jpg
04-13-2022 @ 15:32:17 - URL:https://inspiry.co.nz/wp-content/uploads/oshan/RFA/RFA-PR2006D-4.jpg Reason:Error getting remote image https://inspiry.co.nz/wp-content/uploads/oshan/RFA/RFA-PR2006D-4.jpg. Error: Not Found
04-13-2022 @ 15:32:17 - Image URL:https://inspiry.co.nz/wp-content/uploads/oshan/RFA/RFA-PR2006D-5.jpg
04-13-2022 @ 15:32:18 - URL:https://inspiry.co.nz/wp-content/uploads/oshan/RFA/RFA-PR2006D-5.jpg Reason:Error getting remote image https://inspiry.co.nz/wp-content/uploads/oshan/RFA/RFA-PR2006D-5.jpg. Error: Not Found
04-13-2022 @ 15:32:18 - Row :18 - Product imported successfully.
04-13-2022 @ 15:32:18 - ---[ Import ended at 2022-04-13 03:32:18]---
