04-13-2022 @ 17:27:02 - ---[ New import started at 2022-04-13 05:27:02 ] PHP Memory: 256 MB, WP Memory: 40 MB
04-13-2022 @ 17:27:02 - Preparing for import.
04-13-2022 @ 17:27:02 - Row :1 - Parsing item.
04-13-2022 @ 17:27:02 - Importing as new product ID:463092
04-13-2022 @ 17:27:02 - Row :1 - Processing item.
04-13-2022 @ 17:27:02 - Found variable product object. ID:463092
04-13-2022 @ 17:27:02 - Setting Featured Image. URL:https://inspiry.co.nz/wp-content/uploads/oshan/RFA/RFA-PR2005A.jpg
04-13-2022 @ 17:27:02 - Attachment ID:463016
04-13-2022 @ 17:27:02 - Setting Gallery Images.
04-13-2022 @ 17:27:02 - Image URL:https://inspiry.co.nz/wp-content/uploads/oshan/RFA/RFA-PR2005A-1.jpg
04-13-2022 @ 17:27:02 - Attachment ID:463017
04-13-2022 @ 17:27:02 - Image URL:https://inspiry.co.nz/wp-content/uploads/oshan/RFA/RFA-PR2005A-2.jpg
04-13-2022 @ 17:27:02 - Attachment ID:463018
04-13-2022 @ 17:27:02 - Image URL:https://inspiry.co.nz/wp-content/uploads/oshan/RFA/RFA-PR2005A-3.jpg
04-13-2022 @ 17:27:02 - URL:https://inspiry.co.nz/wp-content/uploads/oshan/RFA/RFA-PR2005A-3.jpg Reason:Error getting remote image https://inspiry.co.nz/wp-content/uploads/oshan/RFA/RFA-PR2005A-3.jpg. Error: Not Found
04-13-2022 @ 17:27:02 - Image URL:https://inspiry.co.nz/wp-content/uploads/oshan/RFA/RFA-PR2005A-4.jpg
04-13-2022 @ 17:27:03 - URL:https://inspiry.co.nz/wp-content/uploads/oshan/RFA/RFA-PR2005A-4.jpg Reason:Error getting remote image https://inspiry.co.nz/wp-content/uploads/oshan/RFA/RFA-PR2005A-4.jpg. Error: Not Found
04-13-2022 @ 17:27:03 - Image URL:https://inspiry.co.nz/wp-content/uploads/oshan/RFA/RFA-PR2005A-5.jpg
04-13-2022 @ 17:27:04 - URL:https://inspiry.co.nz/wp-content/uploads/oshan/RFA/RFA-PR2005A-5.jpg Reason:Error getting remote image https://inspiry.co.nz/wp-content/uploads/oshan/RFA/RFA-PR2005A-5.jpg. Error: Not Found
04-13-2022 @ 17:27:04 - Image URL:https://inspiry.co.nz/wp-content/uploads/oshan/RFA/RFA-PR2005B.jpg
04-13-2022 @ 17:27:04 - Attachment ID:463020
04-13-2022 @ 17:27:04 - Image URL:https://inspiry.co.nz/wp-content/uploads/oshan/RFA/RFA-PR2005B-1.jpg
04-13-2022 @ 17:27:04 - Attachment ID:463021
04-13-2022 @ 17:27:04 - Image URL:https://inspiry.co.nz/wp-content/uploads/oshan/RFA/RFA-PR2005C.jpg
04-13-2022 @ 17:27:04 - Attachment ID:463024
04-13-2022 @ 17:27:04 - Image URL:https://inspiry.co.nz/wp-content/uploads/oshan/RFA/RFA-PR2005C-1.jpg
04-13-2022 @ 17:27:04 - Attachment ID:463025
04-13-2022 @ 17:27:04 - Image URL:https://inspiry.co.nz/wp-content/uploads/oshan/RFA/RFA-PR2005C-2.jpg
04-13-2022 @ 17:27:04 - Attachment ID:463026
04-13-2022 @ 17:27:04 - Image URL:https://inspiry.co.nz/wp-content/uploads/oshan/RFA/RFA-PR2005C-3.jpg
04-13-2022 @ 17:27:05 - URL:https://inspiry.co.nz/wp-content/uploads/oshan/RFA/RFA-PR2005C-3.jpg Reason:Error getting remote image https://inspiry.co.nz/wp-content/uploads/oshan/RFA/RFA-PR2005C-3.jpg. Error: Not Found
04-13-2022 @ 17:27:05 - Image URL:https://inspiry.co.nz/wp-content/uploads/oshan/RFA/RFA-PR2005C-4.jpg
04-13-2022 @ 17:27:06 - URL:https://inspiry.co.nz/wp-content/uploads/oshan/RFA/RFA-PR2005C-4.jpg Reason:Error getting remote image https://inspiry.co.nz/wp-content/uploads/oshan/RFA/RFA-PR2005C-4.jpg. Error: Not Found
04-13-2022 @ 17:27:06 - Image URL:https://inspiry.co.nz/wp-content/uploads/oshan/RFA/RFA-PR2005C-5.jpg
04-13-2022 @ 17:27:06 - URL:https://inspiry.co.nz/wp-content/uploads/oshan/RFA/RFA-PR2005C-5.jpg Reason:Error getting remote image https://inspiry.co.nz/wp-content/uploads/oshan/RFA/RFA-PR2005C-5.jpg. Error: Not Found
04-13-2022 @ 17:27:06 - Image URL:https://inspiry.co.nz/wp-content/uploads/oshan/RFA/RFA-PR2005B-2.jpg
04-13-2022 @ 17:27:06 - Attachment ID:463022
04-13-2022 @ 17:27:06 - Image URL:https://inspiry.co.nz/wp-content/uploads/oshan/RFA/RFA-PR2005B-3.jpg
04-13-2022 @ 17:27:07 - URL:https://inspiry.co.nz/wp-content/uploads/oshan/RFA/RFA-PR2005B-3.jpg Reason:Error getting remote image https://inspiry.co.nz/wp-content/uploads/oshan/RFA/RFA-PR2005B-3.jpg. Error: Not Found
04-13-2022 @ 17:27:07 - Image URL:
04-13-2022 @ 17:27:08 - Image URL:https://inspiry.co.nz/wp-content/uploads/oshan/RFA/RFA-PR2005B-4.jpg
04-13-2022 @ 17:27:09 - URL:https://inspiry.co.nz/wp-content/uploads/oshan/RFA/RFA-PR2005B-4.jpg Reason:Error getting remote image https://inspiry.co.nz/wp-content/uploads/oshan/RFA/RFA-PR2005B-4.jpg. Error: Not Found
04-13-2022 @ 17:27:09 - Image URL:https://inspiry.co.nz/wp-content/uploads/oshan/RFA/RFA-PR2005B-5.jpg
04-13-2022 @ 17:27:10 - URL:https://inspiry.co.nz/wp-content/uploads/oshan/RFA/RFA-PR2005B-5.jpg Reason:Error getting remote image https://inspiry.co.nz/wp-content/uploads/oshan/RFA/RFA-PR2005B-5.jpg. Error: Not Found
04-13-2022 @ 17:27:10 - Image URL:https://inspiry.co.nz/wp-content/uploads/oshan/RFA/RFA-PR2005C.jpg
04-13-2022 @ 17:27:10 - Attachment ID:463024
04-13-2022 @ 17:27:10 - Image URL:https://inspiry.co.nz/wp-content/uploads/oshan/RFA/RFA-PR2005C-1.jpg
04-13-2022 @ 17:27:10 - Attachment ID:463025
04-13-2022 @ 17:27:10 - Image URL:https://inspiry.co.nz/wp-content/uploads/oshan/RFA/RFA-PR2005C-2.jpg
04-13-2022 @ 17:27:10 - Attachment ID:463026
04-13-2022 @ 17:27:10 - Image URL:https://inspiry.co.nz/wp-content/uploads/oshan/RFA/RFA-PR2005C-3.jpg
04-13-2022 @ 17:27:10 - URL:https://inspiry.co.nz/wp-content/uploads/oshan/RFA/RFA-PR2005C-3.jpg Reason:Error getting remote image https://inspiry.co.nz/wp-content/uploads/oshan/RFA/RFA-PR2005C-3.jpg. Error: Not Found
04-13-2022 @ 17:27:10 - Image URL:https://inspiry.co.nz/wp-content/uploads/oshan/RFA/RFA-PR2005C-4.jpg
04-13-2022 @ 17:27:11 - URL:https://inspiry.co.nz/wp-content/uploads/oshan/RFA/RFA-PR2005C-4.jpg Reason:Error getting remote image https://inspiry.co.nz/wp-content/uploads/oshan/RFA/RFA-PR2005C-4.jpg. Error: Not Found
04-13-2022 @ 17:27:11 - Image URL:https://inspiry.co.nz/wp-content/uploads/oshan/RFA/RFA-PR2005C-5.jpg
04-13-2022 @ 17:27:12 - URL:https://inspiry.co.nz/wp-content/uploads/oshan/RFA/RFA-PR2005C-5.jpg Reason:Error getting remote image https://inspiry.co.nz/wp-content/uploads/oshan/RFA/RFA-PR2005C-5.jpg. Error: Not Found
04-13-2022 @ 17:27:12 - Image URL:https://inspiry.co.nz/wp-content/uploads/oshan/RFA/RFA-PR2006D.jpg
04-13-2022 @ 17:27:12 - Attachment ID:463044
04-13-2022 @ 17:27:12 - Image URL:https://inspiry.co.nz/wp-content/uploads/oshan/RFA/RFA-PR2006D-1.jpg
04-13-2022 @ 17:27:12 - Attachment ID:463045
04-13-2022 @ 17:27:12 - Image URL:https://inspiry.co.nz/wp-content/uploads/oshan/RFA/RFA-PR2006D-2.jpg
04-13-2022 @ 17:27:12 - Attachment ID:463046
04-13-2022 @ 17:27:12 - Image URL:https://inspiry.co.nz/wp-content/uploads/oshan/RFA/RFA-PR2006D-3.jpg
04-13-2022 @ 17:27:12 - URL:https://inspiry.co.nz/wp-content/uploads/oshan/RFA/RFA-PR2006D-3.jpg Reason:Error getting remote image https://inspiry.co.nz/wp-content/uploads/oshan/RFA/RFA-PR2006D-3.jpg. Error: Not Found
04-13-2022 @ 17:27:12 - Image URL:https://inspiry.co.nz/wp-content/uploads/oshan/RFA/RFA-PR2006D-4.jpg
04-13-2022 @ 17:27:13 - URL:https://inspiry.co.nz/wp-content/uploads/oshan/RFA/RFA-PR2006D-4.jpg Reason:Error getting remote image https://inspiry.co.nz/wp-content/uploads/oshan/RFA/RFA-PR2006D-4.jpg. Error: Not Found
04-13-2022 @ 17:27:13 - Image URL:https://inspiry.co.nz/wp-content/uploads/oshan/RFA/RFA-PR2006D-5.jpg
04-13-2022 @ 17:27:14 - URL:https://inspiry.co.nz/wp-content/uploads/oshan/RFA/RFA-PR2006D-5.jpg Reason:Error getting remote image https://inspiry.co.nz/wp-content/uploads/oshan/RFA/RFA-PR2006D-5.jpg. Error: Not Found
04-13-2022 @ 17:27:14 - Image URL:https://inspiry.co.nz/wp-content/uploads/oshan/RFA/RFA-PR2006D.jpg
04-13-2022 @ 17:27:14 - Attachment ID:463044
04-13-2022 @ 17:27:14 - Image URL:https://inspiry.co.nz/wp-content/uploads/oshan/RFA/RFA-PR2006D-1.jpg
04-13-2022 @ 17:27:14 - Attachment ID:463045
04-13-2022 @ 17:27:14 - Image URL:https://inspiry.co.nz/wp-content/uploads/oshan/RFA/RFA-PR2006D-2.jpg
04-13-2022 @ 17:27:14 - Attachment ID:463046
04-13-2022 @ 17:27:14 - Image URL:https://inspiry.co.nz/wp-content/uploads/oshan/RFA/RFA-PR2006D-3.jpg
04-13-2022 @ 17:27:15 - URL:https://inspiry.co.nz/wp-content/uploads/oshan/RFA/RFA-PR2006D-3.jpg Reason:Error getting remote image https://inspiry.co.nz/wp-content/uploads/oshan/RFA/RFA-PR2006D-3.jpg. Error: Not Found
04-13-2022 @ 17:27:15 - Image URL:https://inspiry.co.nz/wp-content/uploads/oshan/RFA/RFA-PR2006D-4.jpg
04-13-2022 @ 17:27:15 - URL:https://inspiry.co.nz/wp-content/uploads/oshan/RFA/RFA-PR2006D-4.jpg Reason:Error getting remote image https://inspiry.co.nz/wp-content/uploads/oshan/RFA/RFA-PR2006D-4.jpg. Error: Not Found
04-13-2022 @ 17:27:15 - Image URL:https://inspiry.co.nz/wp-content/uploads/oshan/RFA/RFA-PR2006D-5.jpg
04-13-2022 @ 17:27:16 - URL:https://inspiry.co.nz/wp-content/uploads/oshan/RFA/RFA-PR2006D-5.jpg Reason:Error getting remote image https://inspiry.co.nz/wp-content/uploads/oshan/RFA/RFA-PR2006D-5.jpg. Error: Not Found
04-13-2022 @ 17:27:16 - Row :1 - Product imported successfully.
04-13-2022 @ 17:27:16 - Row :2 - Parsing item.
04-13-2022 @ 17:27:16 - Importing as new product ID:463093
04-13-2022 @ 17:27:16 - Row :2 - Processing item.
04-13-2022 @ 17:27:16 - Found variation product object. ID:463093
04-13-2022 @ 17:27:16 - Setting Featured Image. URL:https://inspiry.co.nz/wp-content/uploads/oshan/RFA/RFA-PR2005A.jpg
04-13-2022 @ 17:27:16 - Attachment ID:463016
04-13-2022 @ 17:27:16 - Setting Gallery Images.
04-13-2022 @ 17:27:16 - Image URL:https://inspiry.co.nz/wp-content/uploads/oshan/RFA/RFA-PR2005A-1.jpg
04-13-2022 @ 17:27:16 - Attachment ID:463017
04-13-2022 @ 17:27:16 - Image URL:https://inspiry.co.nz/wp-content/uploads/oshan/RFA/RFA-PR2005A-2.jpg
04-13-2022 @ 17:27:16 - Attachment ID:463018
04-13-2022 @ 17:27:16 - Image URL:https://inspiry.co.nz/wp-content/uploads/oshan/RFA/RFA-PR2005A-3.jpg
04-13-2022 @ 17:27:17 - URL:https://inspiry.co.nz/wp-content/uploads/oshan/RFA/RFA-PR2005A-3.jpg Reason:Error getting remote image https://inspiry.co.nz/wp-content/uploads/oshan/RFA/RFA-PR2005A-3.jpg. Error: Not Found
04-13-2022 @ 17:27:17 - Image URL:https://inspiry.co.nz/wp-content/uploads/oshan/RFA/RFA-PR2005A-4.jpg
04-13-2022 @ 17:27:18 - URL:https://inspiry.co.nz/wp-content/uploads/oshan/RFA/RFA-PR2005A-4.jpg Reason:Error getting remote image https://inspiry.co.nz/wp-content/uploads/oshan/RFA/RFA-PR2005A-4.jpg. Error: Not Found
04-13-2022 @ 17:27:18 - Image URL:https://inspiry.co.nz/wp-content/uploads/oshan/RFA/RFA-PR2005A-5.jpg
04-13-2022 @ 17:27:19 - URL:https://inspiry.co.nz/wp-content/uploads/oshan/RFA/RFA-PR2005A-5.jpg Reason:Error getting remote image https://inspiry.co.nz/wp-content/uploads/oshan/RFA/RFA-PR2005A-5.jpg. Error: Not Found
04-13-2022 @ 17:27:19 - Row :2 - Product imported successfully.
04-13-2022 @ 17:27:19 - Row :3 - Parsing item.
04-13-2022 @ 17:27:19 - Importing as new product ID:463094
04-13-2022 @ 17:27:19 - Row :3 - Processing item.
04-13-2022 @ 17:27:19 - Found variation product object. ID:463094
04-13-2022 @ 17:27:19 - Setting Featured Image. URL:https://inspiry.co.nz/wp-content/uploads/oshan/RFA/RFA-PR2005B.jpg
04-13-2022 @ 17:27:19 - Attachment ID:463020
04-13-2022 @ 17:27:19 - Setting Gallery Images.
04-13-2022 @ 17:27:19 - Image URL:https://inspiry.co.nz/wp-content/uploads/oshan/RFA/RFA-PR2005B-1.jpg
04-13-2022 @ 17:27:19 - Attachment ID:463021
04-13-2022 @ 17:27:19 - Image URL:https://inspiry.co.nz/wp-content/uploads/oshan/RFA/RFA-PR2005B-2.jpg
04-13-2022 @ 17:27:19 - Attachment ID:463022
04-13-2022 @ 17:27:19 - Image URL:https://inspiry.co.nz/wp-content/uploads/oshan/RFA/RFA-PR2005B-3.jpg
04-13-2022 @ 17:27:20 - URL:https://inspiry.co.nz/wp-content/uploads/oshan/RFA/RFA-PR2005B-3.jpg Reason:Error getting remote image https://inspiry.co.nz/wp-content/uploads/oshan/RFA/RFA-PR2005B-3.jpg. Error: Not Found
04-13-2022 @ 17:27:20 - Image URL:https://inspiry.co.nz/wp-content/uploads/oshan/RFA/RFA-PR2005B-4.jpg
04-13-2022 @ 17:27:20 - URL:https://inspiry.co.nz/wp-content/uploads/oshan/RFA/RFA-PR2005B-4.jpg Reason:Error getting remote image https://inspiry.co.nz/wp-content/uploads/oshan/RFA/RFA-PR2005B-4.jpg. Error: Not Found
04-13-2022 @ 17:27:20 - Image URL:https://inspiry.co.nz/wp-content/uploads/oshan/RFA/RFA-PR2005B-5.jpg
04-13-2022 @ 17:27:21 - URL:https://inspiry.co.nz/wp-content/uploads/oshan/RFA/RFA-PR2005B-5.jpg Reason:Error getting remote image https://inspiry.co.nz/wp-content/uploads/oshan/RFA/RFA-PR2005B-5.jpg. Error: Not Found
04-13-2022 @ 17:27:21 - Row :3 - Product imported successfully.
04-13-2022 @ 17:27:21 - Row :4 - Parsing item.
04-13-2022 @ 17:27:21 - Importing as new product ID:463095
04-13-2022 @ 17:27:21 - Row :4 - Processing item.
04-13-2022 @ 17:27:21 - Found variation product object. ID:463095
04-13-2022 @ 17:27:21 - Setting Featured Image. URL:https://inspiry.co.nz/wp-content/uploads/oshan/RFA/RFA-PR2005C.jpg
04-13-2022 @ 17:27:21 - Attachment ID:463024
04-13-2022 @ 17:27:21 - Setting Gallery Images.
04-13-2022 @ 17:27:21 - Image URL:https://inspiry.co.nz/wp-content/uploads/oshan/RFA/RFA-PR2005C-1.jpg
04-13-2022 @ 17:27:21 - Attachment ID:463025
04-13-2022 @ 17:27:21 - Image URL:https://inspiry.co.nz/wp-content/uploads/oshan/RFA/RFA-PR2005C-2.jpg
04-13-2022 @ 17:27:21 - Attachment ID:463026
04-13-2022 @ 17:27:21 - Image URL:https://inspiry.co.nz/wp-content/uploads/oshan/RFA/RFA-PR2005C-3.jpg
04-13-2022 @ 17:27:22 - URL:https://inspiry.co.nz/wp-content/uploads/oshan/RFA/RFA-PR2005C-3.jpg Reason:Error getting remote image https://inspiry.co.nz/wp-content/uploads/oshan/RFA/RFA-PR2005C-3.jpg. Error: Not Found
04-13-2022 @ 17:27:22 - Image URL:https://inspiry.co.nz/wp-content/uploads/oshan/RFA/RFA-PR2005C-4.jpg
04-13-2022 @ 17:27:22 - URL:https://inspiry.co.nz/wp-content/uploads/oshan/RFA/RFA-PR2005C-4.jpg Reason:Error getting remote image https://inspiry.co.nz/wp-content/uploads/oshan/RFA/RFA-PR2005C-4.jpg. Error: Not Found
04-13-2022 @ 17:27:22 - Image URL:https://inspiry.co.nz/wp-content/uploads/oshan/RFA/RFA-PR2005C-5.jpg
04-13-2022 @ 17:27:23 - URL:https://inspiry.co.nz/wp-content/uploads/oshan/RFA/RFA-PR2005C-5.jpg Reason:Error getting remote image https://inspiry.co.nz/wp-content/uploads/oshan/RFA/RFA-PR2005C-5.jpg. Error: Not Found
04-13-2022 @ 17:27:23 - Row :4 - Product imported successfully.
04-13-2022 @ 17:27:23 - Row :5 - Parsing item.
04-13-2022 @ 17:27:23 - Importing as new product ID:463096
04-13-2022 @ 17:27:23 - Row :5 - Processing item.
04-13-2022 @ 17:27:23 - Found variation product object. ID:463096
04-13-2022 @ 17:27:23 - Setting Featured Image. URL:https://inspiry.co.nz/wp-content/uploads/oshan/RFA/RFA-PR2005D.jpg
04-13-2022 @ 17:27:23 - Attachment ID:463028
04-13-2022 @ 17:27:23 - Setting Gallery Images.
04-13-2022 @ 17:27:23 - Image URL:https://inspiry.co.nz/wp-content/uploads/oshan/RFA/RFA-PR2005D-1.jpg
04-13-2022 @ 17:27:23 - Attachment ID:463029
04-13-2022 @ 17:27:23 - Image URL:https://inspiry.co.nz/wp-content/uploads/oshan/RFA/RFA-PR2005D-2.jpg
04-13-2022 @ 17:27:23 - Attachment ID:463030
04-13-2022 @ 17:27:23 - Image URL:https://inspiry.co.nz/wp-content/uploads/oshan/RFA/RFA-PR2005D-3.jpg
04-13-2022 @ 17:27:25 - URL:https://inspiry.co.nz/wp-content/uploads/oshan/RFA/RFA-PR2005D-3.jpg Reason:Error getting remote image https://inspiry.co.nz/wp-content/uploads/oshan/RFA/RFA-PR2005D-3.jpg. Error: Not Found
04-13-2022 @ 17:27:25 - Image URL:https://inspiry.co.nz/wp-content/uploads/oshan/RFA/RFA-PR2005D-4.jpg
04-13-2022 @ 17:27:25 - URL:https://inspiry.co.nz/wp-content/uploads/oshan/RFA/RFA-PR2005D-4.jpg Reason:Error getting remote image https://inspiry.co.nz/wp-content/uploads/oshan/RFA/RFA-PR2005D-4.jpg. Error: Not Found
04-13-2022 @ 17:27:25 - Image URL:https://inspiry.co.nz/wp-content/uploads/oshan/RFA/RFA-PR2005D-5.jpg
04-13-2022 @ 17:27:26 - URL:https://inspiry.co.nz/wp-content/uploads/oshan/RFA/RFA-PR2005D-5.jpg Reason:Error getting remote image https://inspiry.co.nz/wp-content/uploads/oshan/RFA/RFA-PR2005D-5.jpg. Error: Not Found
04-13-2022 @ 17:27:26 - Image URL:https://inspiry.co.nz/wp-content/uploads/oshan/RFA/RFA-PR2005D.jpg
04-13-2022 @ 17:27:26 - Attachment ID:463028
04-13-2022 @ 17:27:26 - Image URL:https://inspiry.co.nz/wp-content/uploads/oshan/RFA/RFA-PR2005D-1.jpg
04-13-2022 @ 17:27:26 - Attachment ID:463029
04-13-2022 @ 17:27:26 - Image URL:https://inspiry.co.nz/wp-content/uploads/oshan/RFA/RFA-PR2005D-2.jpg
04-13-2022 @ 17:27:26 - Attachment ID:463030
04-13-2022 @ 17:27:26 - Image URL:https://inspiry.co.nz/wp-content/uploads/oshan/RFA/RFA-PR2005D-3.jpg
04-13-2022 @ 17:27:27 - URL:https://inspiry.co.nz/wp-content/uploads/oshan/RFA/RFA-PR2005D-3.jpg Reason:Error getting remote image https://inspiry.co.nz/wp-content/uploads/oshan/RFA/RFA-PR2005D-3.jpg. Error: Not Found
04-13-2022 @ 17:27:27 - Image URL:https://inspiry.co.nz/wp-content/uploads/oshan/RFA/RFA-PR2005D-4.jpg
04-13-2022 @ 17:27:28 - URL:https://inspiry.co.nz/wp-content/uploads/oshan/RFA/RFA-PR2005D-4.jpg Reason:Error getting remote image https://inspiry.co.nz/wp-content/uploads/oshan/RFA/RFA-PR2005D-4.jpg. Error: Not Found
04-13-2022 @ 17:27:28 - Image URL:https://inspiry.co.nz/wp-content/uploads/oshan/RFA/RFA-PR2005D-5.jpg
04-13-2022 @ 17:27:29 - URL:https://inspiry.co.nz/wp-content/uploads/oshan/RFA/RFA-PR2005D-5.jpg Reason:Error getting remote image https://inspiry.co.nz/wp-content/uploads/oshan/RFA/RFA-PR2005D-5.jpg. Error: Not Found
04-13-2022 @ 17:27:29 - Row :5 - Product imported successfully.
04-13-2022 @ 17:27:29 - Row :6 - Parsing item.
04-13-2022 @ 17:27:29 - Importing as new product ID:463097
04-13-2022 @ 17:27:29 - Row :6 - Processing item.
04-13-2022 @ 17:27:29 - Found variation product object. ID:463097
04-13-2022 @ 17:27:29 - Setting Featured Image. URL:https://inspiry.co.nz/wp-content/uploads/oshan/RFA/RFA-PR2006A.jpg
04-13-2022 @ 17:27:29 - Attachment ID:463032
04-13-2022 @ 17:27:29 - Setting Gallery Images.
04-13-2022 @ 17:27:29 - Image URL:https://inspiry.co.nz/wp-content/uploads/oshan/RFA/RFA-PR2006A-1.jpg
04-13-2022 @ 17:27:29 - Attachment ID:463033
04-13-2022 @ 17:27:29 - Image URL:https://inspiry.co.nz/wp-content/uploads/oshan/RFA/RFA-PR2006A-2.jpg
04-13-2022 @ 17:27:29 - Attachment ID:463034
04-13-2022 @ 17:27:29 - Image URL:https://inspiry.co.nz/wp-content/uploads/oshan/RFA/RFA-PR2006A-3.jpg
04-13-2022 @ 17:27:30 - URL:https://inspiry.co.nz/wp-content/uploads/oshan/RFA/RFA-PR2006A-3.jpg Reason:Error getting remote image https://inspiry.co.nz/wp-content/uploads/oshan/RFA/RFA-PR2006A-3.jpg. Error: Not Found
04-13-2022 @ 17:27:30 - Image URL:https://inspiry.co.nz/wp-content/uploads/oshan/RFA/RFA-PR2006A-4.jpg
04-13-2022 @ 17:27:30 - URL:https://inspiry.co.nz/wp-content/uploads/oshan/RFA/RFA-PR2006A-4.jpg Reason:Error getting remote image https://inspiry.co.nz/wp-content/uploads/oshan/RFA/RFA-PR2006A-4.jpg. Error: Not Found
04-13-2022 @ 17:27:30 - Image URL:https://inspiry.co.nz/wp-content/uploads/oshan/RFA/RFA-PR2006A-5.jpg
04-13-2022 @ 17:27:31 - URL:https://inspiry.co.nz/wp-content/uploads/oshan/RFA/RFA-PR2006A-5.jpg Reason:Error getting remote image https://inspiry.co.nz/wp-content/uploads/oshan/RFA/RFA-PR2006A-5.jpg. Error: Not Found
04-13-2022 @ 17:27:31 - Row :6 - Product imported successfully.
04-13-2022 @ 17:27:31 - Row :7 - Parsing item.
04-13-2022 @ 17:27:31 - Importing as new product ID:463098
04-13-2022 @ 17:27:31 - Row :7 - Processing item.
04-13-2022 @ 17:27:31 - Found variation product object. ID:463098
04-13-2022 @ 17:27:31 - Setting Featured Image. URL:https://inspiry.co.nz/wp-content/uploads/oshan/RFA/RFA-PR2006B.jpg
04-13-2022 @ 17:27:31 - Attachment ID:463036
04-13-2022 @ 17:27:31 - Setting Gallery Images.
04-13-2022 @ 17:27:31 - Image URL:https://inspiry.co.nz/wp-content/uploads/oshan/RFA/RFA-PR2006B-1.jpg
04-13-2022 @ 17:27:31 - Attachment ID:463037
04-13-2022 @ 17:27:31 - Image URL:https://inspiry.co.nz/wp-content/uploads/oshan/RFA/RFA-PR2006B-2.jpg
04-13-2022 @ 17:27:31 - Attachment ID:463038
04-13-2022 @ 17:27:31 - Image URL:https://inspiry.co.nz/wp-content/uploads/oshan/RFA/RFA-PR2006B-3.jpg
04-13-2022 @ 17:27:32 - URL:https://inspiry.co.nz/wp-content/uploads/oshan/RFA/RFA-PR2006B-3.jpg Reason:Error getting remote image https://inspiry.co.nz/wp-content/uploads/oshan/RFA/RFA-PR2006B-3.jpg. Error: Not Found
04-13-2022 @ 17:27:32 - Image URL:https://inspiry.co.nz/wp-content/uploads/oshan/RFA/RFA-PR2006B-4.jpg
04-13-2022 @ 17:27:33 - URL:https://inspiry.co.nz/wp-content/uploads/oshan/RFA/RFA-PR2006B-4.jpg Reason:Error getting remote image https://inspiry.co.nz/wp-content/uploads/oshan/RFA/RFA-PR2006B-4.jpg. Error: Not Found
04-13-2022 @ 17:27:33 - Image URL:https://inspiry.co.nz/wp-content/uploads/oshan/RFA/RFA-PR2006B-5.jpg
04-13-2022 @ 17:27:34 - URL:https://inspiry.co.nz/wp-content/uploads/oshan/RFA/RFA-PR2006B-5.jpg Reason:Error getting remote image https://inspiry.co.nz/wp-content/uploads/oshan/RFA/RFA-PR2006B-5.jpg. Error: Not Found
04-13-2022 @ 17:27:34 - Row :7 - Product imported successfully.
04-13-2022 @ 17:27:34 - Row :8 - Parsing item.
04-13-2022 @ 17:27:34 - Importing as new product ID:463099
04-13-2022 @ 17:27:34 - Row :8 - Processing item.
04-13-2022 @ 17:27:34 - Found variation product object. ID:463099
04-13-2022 @ 17:27:34 - Setting Featured Image. URL:https://inspiry.co.nz/wp-content/uploads/oshan/RFA/RFA-PR2006C.jpg
04-13-2022 @ 17:27:34 - Attachment ID:463040
04-13-2022 @ 17:27:34 - Setting Gallery Images.
04-13-2022 @ 17:27:34 - Image URL:https://inspiry.co.nz/wp-content/uploads/oshan/RFA/RFA-PR2006C-1.jpg
04-13-2022 @ 17:27:34 - Attachment ID:463041
04-13-2022 @ 17:27:34 - Image URL:https://inspiry.co.nz/wp-content/uploads/oshan/RFA/RFA-PR2006C-2.jpg
04-13-2022 @ 17:27:34 - Attachment ID:463042
04-13-2022 @ 17:27:34 - Image URL:https://inspiry.co.nz/wp-content/uploads/oshan/RFA/RFA-PR2006C-3.jpg
04-13-2022 @ 17:27:34 - URL:https://inspiry.co.nz/wp-content/uploads/oshan/RFA/RFA-PR2006C-3.jpg Reason:Error getting remote image https://inspiry.co.nz/wp-content/uploads/oshan/RFA/RFA-PR2006C-3.jpg. Error: Not Found
04-13-2022 @ 17:27:34 - Image URL:https://inspiry.co.nz/wp-content/uploads/oshan/RFA/RFA-PR2006C-4.jpg
04-13-2022 @ 17:27:35 - URL:https://inspiry.co.nz/wp-content/uploads/oshan/RFA/RFA-PR2006C-4.jpg Reason:Error getting remote image https://inspiry.co.nz/wp-content/uploads/oshan/RFA/RFA-PR2006C-4.jpg. Error: Not Found
04-13-2022 @ 17:27:35 - Image URL:https://inspiry.co.nz/wp-content/uploads/oshan/RFA/RFA-PR2006C-5.jpg
04-13-2022 @ 17:27:36 - URL:https://inspiry.co.nz/wp-content/uploads/oshan/RFA/RFA-PR2006C-5.jpg Reason:Error getting remote image https://inspiry.co.nz/wp-content/uploads/oshan/RFA/RFA-PR2006C-5.jpg. Error: Not Found
04-13-2022 @ 17:27:36 - Row :8 - Product imported successfully.
04-13-2022 @ 17:27:36 - Row :9 - Parsing item.
04-13-2022 @ 17:27:36 - Importing as new product ID:463100
04-13-2022 @ 17:27:36 - Row :9 - Processing item.
04-13-2022 @ 17:27:36 - Found variation product object. ID:463100
04-13-2022 @ 17:27:36 - Setting Featured Image. URL:https://inspiry.co.nz/wp-content/uploads/oshan/RFA/RFA-PR2006D.jpg
04-13-2022 @ 17:27:36 - Attachment ID:463044
04-13-2022 @ 17:27:36 - Setting Gallery Images.
04-13-2022 @ 17:27:36 - Image URL:https://inspiry.co.nz/wp-content/uploads/oshan/RFA/RFA-PR2006D-1.jpg
04-13-2022 @ 17:27:36 - Attachment ID:463045
04-13-2022 @ 17:27:36 - Image URL:https://inspiry.co.nz/wp-content/uploads/oshan/RFA/RFA-PR2006D-2.jpg
04-13-2022 @ 17:27:36 - Attachment ID:463046
04-13-2022 @ 17:27:36 - Image URL:https://inspiry.co.nz/wp-content/uploads/oshan/RFA/RFA-PR2006D-3.jpg
04-13-2022 @ 17:27:37 - URL:https://inspiry.co.nz/wp-content/uploads/oshan/RFA/RFA-PR2006D-3.jpg Reason:Error getting remote image https://inspiry.co.nz/wp-content/uploads/oshan/RFA/RFA-PR2006D-3.jpg. Error: Not Found
04-13-2022 @ 17:27:37 - Image URL:https://inspiry.co.nz/wp-content/uploads/oshan/RFA/RFA-PR2006D-4.jpg
04-13-2022 @ 17:27:38 - URL:https://inspiry.co.nz/wp-content/uploads/oshan/RFA/RFA-PR2006D-4.jpg Reason:Error getting remote image https://inspiry.co.nz/wp-content/uploads/oshan/RFA/RFA-PR2006D-4.jpg. Error: Not Found
04-13-2022 @ 17:27:38 - Image URL:https://inspiry.co.nz/wp-content/uploads/oshan/RFA/RFA-PR2006D-5.jpg
04-13-2022 @ 17:27:38 - URL:https://inspiry.co.nz/wp-content/uploads/oshan/RFA/RFA-PR2006D-5.jpg Reason:Error getting remote image https://inspiry.co.nz/wp-content/uploads/oshan/RFA/RFA-PR2006D-5.jpg. Error: Not Found
04-13-2022 @ 17:27:38 - Image URL:https://inspiry.co.nz/wp-content/uploads/oshan/RFA/RFA-PR2006D.jpg
04-13-2022 @ 17:27:38 - Attachment ID:463044
04-13-2022 @ 17:27:38 - Image URL:https://inspiry.co.nz/wp-content/uploads/oshan/RFA/RFA-PR2006D-1.jpg
04-13-2022 @ 17:27:38 - Attachment ID:463045
04-13-2022 @ 17:27:38 - Image URL:https://inspiry.co.nz/wp-content/uploads/oshan/RFA/RFA-PR2006D-2.jpg
04-13-2022 @ 17:27:38 - Attachment ID:463046
04-13-2022 @ 17:27:38 - Image URL:https://inspiry.co.nz/wp-content/uploads/oshan/RFA/RFA-PR2006D-3.jpg
04-13-2022 @ 17:27:39 - URL:https://inspiry.co.nz/wp-content/uploads/oshan/RFA/RFA-PR2006D-3.jpg Reason:Error getting remote image https://inspiry.co.nz/wp-content/uploads/oshan/RFA/RFA-PR2006D-3.jpg. Error: Not Found
04-13-2022 @ 17:27:39 - Image URL:https://inspiry.co.nz/wp-content/uploads/oshan/RFA/RFA-PR2006D-4.jpg
04-13-2022 @ 17:27:40 - URL:https://inspiry.co.nz/wp-content/uploads/oshan/RFA/RFA-PR2006D-4.jpg Reason:Error getting remote image https://inspiry.co.nz/wp-content/uploads/oshan/RFA/RFA-PR2006D-4.jpg. Error: Not Found
04-13-2022 @ 17:27:40 - Image URL:https://inspiry.co.nz/wp-content/uploads/oshan/RFA/RFA-PR2006D-5.jpg
04-13-2022 @ 17:27:41 - URL:https://inspiry.co.nz/wp-content/uploads/oshan/RFA/RFA-PR2006D-5.jpg Reason:Error getting remote image https://inspiry.co.nz/wp-content/uploads/oshan/RFA/RFA-PR2006D-5.jpg. Error: Not Found
04-13-2022 @ 17:27:41 - Row :9 - Product imported successfully.
04-13-2022 @ 17:27:41 - ---[ Import ended at 2022-04-13 05:27:41]---
