04-13-2022 @ 18:08:56 - ---[ New import started at 2022-04-13 06:08:56 ] PHP Memory: 256 MB, WP Memory: 40 MB
04-13-2022 @ 18:08:56 - Preparing for import.
04-13-2022 @ 18:08:56 - Row :1 - Parsing item.
04-13-2022 @ 18:08:56 - Row :1 - Processing item.
04-13-2022 @ 18:08:56 - Found variable product object. ID:463092
04-13-2022 @ 18:08:56 - Setting Featured Image. URL:http://localhost/wp-content/uploads/2022/04/RFA-PR2005A.jpg
04-13-2022 @ 18:08:56 - Attachment ID:463016
04-13-2022 @ 18:08:56 - Setting Gallery Images.
04-13-2022 @ 18:08:56 - Image URL:http://localhost/wp-content/uploads/2022/04/RFA-PR2005A-1.jpg
04-13-2022 @ 18:08:56 - Attachment ID:463017
04-13-2022 @ 18:08:56 - Image URL:http://localhost/wp-content/uploads/2022/04/RFA-PR2005A-2.jpg
04-13-2022 @ 18:08:56 - Attachment ID:463018
04-13-2022 @ 18:08:56 - Image URL:http://localhost/wp-content/uploads/2022/04/RFA-PR2005B.jpg
04-13-2022 @ 18:08:56 - Attachment ID:463020
04-13-2022 @ 18:08:56 - Image URL:http://localhost/wp-content/uploads/2022/04/RFA-PR2005B-1.jpg
04-13-2022 @ 18:08:56 - Attachment ID:463021
04-13-2022 @ 18:08:56 - Image URL:http://localhost/wp-content/uploads/2022/04/RFA-PR2005C.jpg
04-13-2022 @ 18:08:56 - Attachment ID:463024
04-13-2022 @ 18:08:56 - Image URL:http://localhost/wp-content/uploads/2022/04/RFA-PR2005C-1.jpg
04-13-2022 @ 18:08:56 - Attachment ID:463025
04-13-2022 @ 18:08:56 - Image URL:http://localhost/wp-content/uploads/2022/04/RFA-PR2005C-2.jpg
04-13-2022 @ 18:08:56 - Attachment ID:463026
04-13-2022 @ 18:08:56 - Image URL:http://localhost/wp-content/uploads/2022/04/RFA-PR2005B-2.jpg
04-13-2022 @ 18:08:56 - Attachment ID:463022
04-13-2022 @ 18:08:56 - Image URL:http://localhost/wp-content/uploads/2022/04/RFA-PR2006D.jpg
04-13-2022 @ 18:08:56 - Attachment ID:463044
04-13-2022 @ 18:08:56 - Image URL:http://localhost/wp-content/uploads/2022/04/RFA-PR2006D-1.jpg
04-13-2022 @ 18:08:56 - Attachment ID:463045
04-13-2022 @ 18:08:56 - Image URL:http://localhost/wp-content/uploads/2022/04/RFA-PR2006D-2.jpg
04-13-2022 @ 18:08:56 - Attachment ID:463046
04-13-2022 @ 18:08:56 - Row :1 - Product updated successfully.
04-13-2022 @ 18:08:56 - Row :2 - Parsing item.
04-13-2022 @ 18:08:56 - Row :2 - Processing item.
04-13-2022 @ 18:08:57 - Found variation product object. ID:463093
04-13-2022 @ 18:08:57 - Setting Featured Image. URL:http://localhost/wp-content/uploads/2022/04/RFA-PR2005A.jpg
04-13-2022 @ 18:08:57 - Attachment ID:463016
04-13-2022 @ 18:08:57 - Setting Gallery Images.
04-13-2022 @ 18:08:57 - Image URL:http://localhost/wp-content/uploads/2022/04/RFA-PR2005A-1.jpg
04-13-2022 @ 18:08:57 - Attachment ID:463017
04-13-2022 @ 18:08:57 - Image URL:http://localhost/wp-content/uploads/2022/04/RFA-PR2005A-2.jpg
04-13-2022 @ 18:08:57 - Attachment ID:463018
04-13-2022 @ 18:08:57 - Row :2 - Product updated successfully.
04-13-2022 @ 18:08:57 - Row :3 - Parsing item.
04-13-2022 @ 18:08:57 - Row :3 - Processing item.
04-13-2022 @ 18:08:57 - Found variation product object. ID:463094
04-13-2022 @ 18:08:57 - Setting Featured Image. URL:http://localhost/wp-content/uploads/2022/04/RFA-PR2005B.jpg
04-13-2022 @ 18:08:57 - Attachment ID:463020
04-13-2022 @ 18:08:57 - Setting Gallery Images.
04-13-2022 @ 18:08:57 - Image URL:http://localhost/wp-content/uploads/2022/04/RFA-PR2005B-1.jpg
04-13-2022 @ 18:08:57 - Attachment ID:463021
04-13-2022 @ 18:08:57 - Image URL:http://localhost/wp-content/uploads/2022/04/RFA-PR2005B-2.jpg
04-13-2022 @ 18:08:57 - Attachment ID:463022
04-13-2022 @ 18:08:57 - Row :3 - Product updated successfully.
04-13-2022 @ 18:08:57 - Row :4 - Parsing item.
04-13-2022 @ 18:08:57 - Row :4 - Processing item.
04-13-2022 @ 18:08:57 - Found variation product object. ID:463095
04-13-2022 @ 18:08:57 - Setting Featured Image. URL:http://localhost/wp-content/uploads/2022/04/RFA-PR2005C.jpg
04-13-2022 @ 18:08:57 - Attachment ID:463024
04-13-2022 @ 18:08:57 - Setting Gallery Images.
04-13-2022 @ 18:08:57 - Image URL:http://localhost/wp-content/uploads/2022/04/RFA-PR2005C-1.jpg
04-13-2022 @ 18:08:57 - Attachment ID:463025
04-13-2022 @ 18:08:57 - Image URL:http://localhost/wp-content/uploads/2022/04/RFA-PR2005C-2.jpg
04-13-2022 @ 18:08:57 - Attachment ID:463026
04-13-2022 @ 18:08:57 - Row :4 - Product updated successfully.
04-13-2022 @ 18:08:57 - Row :5 - Parsing item.
04-13-2022 @ 18:08:57 - Row :5 - Processing item.
04-13-2022 @ 18:08:57 - Found variation product object. ID:463096
04-13-2022 @ 18:08:57 - Setting Featured Image. URL:http://localhost/wp-content/uploads/2022/04/RFA-PR2005D.jpg
04-13-2022 @ 18:08:57 - Attachment ID:463028
04-13-2022 @ 18:08:57 - Setting Gallery Images.
04-13-2022 @ 18:08:57 - Image URL:http://localhost/wp-content/uploads/2022/04/RFA-PR2005D-1.jpg
04-13-2022 @ 18:08:57 - Attachment ID:463029
04-13-2022 @ 18:08:57 - Image URL:http://localhost/wp-content/uploads/2022/04/RFA-PR2005D-2.jpg
04-13-2022 @ 18:08:57 - Attachment ID:463030
04-13-2022 @ 18:08:57 - Row :5 - Product updated successfully.
04-13-2022 @ 18:08:57 - Row :6 - Parsing item.
04-13-2022 @ 18:08:57 - Row :6 - Processing item.
04-13-2022 @ 18:08:57 - Found variation product object. ID:463097
04-13-2022 @ 18:08:57 - Setting Featured Image. URL:http://localhost/wp-content/uploads/2022/04/RFA-PR2006A.jpg
04-13-2022 @ 18:08:57 - Attachment ID:463032
04-13-2022 @ 18:08:57 - Setting Gallery Images.
04-13-2022 @ 18:08:57 - Image URL:http://localhost/wp-content/uploads/2022/04/RFA-PR2006A-1.jpg
04-13-2022 @ 18:08:57 - Attachment ID:463033
04-13-2022 @ 18:08:57 - Image URL:http://localhost/wp-content/uploads/2022/04/RFA-PR2006A-2.jpg
04-13-2022 @ 18:08:58 - Attachment ID:463034
04-13-2022 @ 18:08:58 - Row :6 - Product updated successfully.
04-13-2022 @ 18:08:58 - Row :7 - Parsing item.
04-13-2022 @ 18:08:58 - Row :7 - Processing item.
04-13-2022 @ 18:08:58 - Found variation product object. ID:463098
04-13-2022 @ 18:08:58 - Setting Featured Image. URL:http://localhost/wp-content/uploads/2022/04/RFA-PR2006B.jpg
04-13-2022 @ 18:08:58 - Attachment ID:463036
04-13-2022 @ 18:08:58 - Setting Gallery Images.
04-13-2022 @ 18:08:58 - Image URL:http://localhost/wp-content/uploads/2022/04/RFA-PR2006B-1.jpg
04-13-2022 @ 18:08:58 - Attachment ID:463037
04-13-2022 @ 18:08:58 - Image URL:http://localhost/wp-content/uploads/2022/04/RFA-PR2006B-2.jpg
04-13-2022 @ 18:08:58 - Attachment ID:463038
04-13-2022 @ 18:08:58 - Row :7 - Product updated successfully.
04-13-2022 @ 18:08:58 - Row :8 - Parsing item.
04-13-2022 @ 18:08:58 - Row :8 - Processing item.
04-13-2022 @ 18:08:58 - Found variation product object. ID:463099
04-13-2022 @ 18:08:58 - Setting Featured Image. URL:http://localhost/wp-content/uploads/2022/04/RFA-PR2006C.jpg
04-13-2022 @ 18:08:58 - Attachment ID:463040
04-13-2022 @ 18:08:58 - Setting Gallery Images.
04-13-2022 @ 18:08:58 - Image URL:http://localhost/wp-content/uploads/2022/04/RFA-PR2006C-1.jpg
04-13-2022 @ 18:08:58 - Attachment ID:463041
04-13-2022 @ 18:08:58 - Image URL:http://localhost/wp-content/uploads/2022/04/RFA-PR2006C-2.jpg
04-13-2022 @ 18:08:58 - Attachment ID:463042
04-13-2022 @ 18:08:58 - Row :8 - Product updated successfully.
04-13-2022 @ 18:08:58 - Row :9 - Parsing item.
04-13-2022 @ 18:08:58 - Row :9 - Processing item.
04-13-2022 @ 18:08:58 - Found variation product object. ID:463100
04-13-2022 @ 18:08:58 - Setting Featured Image. URL:http://localhost/wp-content/uploads/2022/04/RFA-PR2006D.jpg
04-13-2022 @ 18:08:58 - Attachment ID:463044
04-13-2022 @ 18:08:58 - Setting Gallery Images.
04-13-2022 @ 18:08:58 - Image URL:http://localhost/wp-content/uploads/2022/04/RFA-PR2006D-1.jpg
04-13-2022 @ 18:08:58 - Attachment ID:463045
04-13-2022 @ 18:08:58 - Image URL:http://localhost/wp-content/uploads/2022/04/RFA-PR2006D-2.jpg
04-13-2022 @ 18:08:58 - Attachment ID:463046
04-13-2022 @ 18:08:58 - Row :9 - Product updated successfully.
04-13-2022 @ 18:08:58 - ---[ Import ended at 2022-04-13 06:08:58]---
