04-13-2022 @ 09:39:45 - ---[ New import started at 2022-04-12 21:39:45 ] PHP Memory: 256 MB, WP Memory: 40 MB
04-13-2022 @ 09:39:45 - Preparing for import.
04-13-2022 @ 09:39:45 - Row :1 - Parsing item.
04-13-2022 @ 09:39:45 - Row :1 - Parsing failed. Reason: Could not insert post into the database.
04-13-2022 @ 09:39:45 - Row :2 - Parsing item.
04-13-2022 @ 09:39:45 - Row :2 - Parsing failed. Reason: Could not insert post into the database.
04-13-2022 @ 09:39:45 - Row :3 - Parsing item.
04-13-2022 @ 09:39:45 - Row :3 - Parsing failed. Reason: Could not insert post into the database.
04-13-2022 @ 09:39:45 - Row :4 - Parsing item.
04-13-2022 @ 09:39:45 - Row :4 - Parsing failed. Reason: Could not insert post into the database.
04-13-2022 @ 09:39:45 - Row :5 - Parsing item.
04-13-2022 @ 09:39:45 - Row :5 - Parsing failed. Reason: Could not insert post into the database.
04-13-2022 @ 09:39:45 - Row :6 - Parsing item.
04-13-2022 @ 09:39:45 - Row :6 - Parsing failed. Reason: Could not insert post into the database.
04-13-2022 @ 09:39:45 - Row :7 - Parsing item.
04-13-2022 @ 09:39:45 - Row :7 - Parsing failed. Reason: Could not insert post into the database.
04-13-2022 @ 09:39:45 - Row :8 - Parsing item.
04-13-2022 @ 09:39:45 - Row :8 - Parsing failed. Reason: Could not insert post into the database.
04-13-2022 @ 09:39:45 - Row :9 - Parsing item.
04-13-2022 @ 09:39:45 - Row :9 - Parsing failed. Reason: Could not insert post into the database.
04-13-2022 @ 09:39:45 - Row :10 - Parsing item.
04-13-2022 @ 09:39:45 - Row :10 - Parsing failed. Reason: Content, title, and excerpt are empty.
04-13-2022 @ 09:39:46 - Preparing for import.
04-13-2022 @ 09:39:46 - Row :11 - Parsing item.
04-13-2022 @ 09:39:46 - Row :11 - Parsing failed. Reason: Content, title, and excerpt are empty.
04-13-2022 @ 09:39:46 - Row :12 - Parsing item.
04-13-2022 @ 09:39:46 - Row :12 - Parsing failed. Reason: Content, title, and excerpt are empty.
04-13-2022 @ 09:39:46 - Row :13 - Parsing item.
04-13-2022 @ 09:39:46 - Row :13 - Parsing failed. Reason: Content, title, and excerpt are empty.
04-13-2022 @ 09:39:46 - Row :14 - Parsing item.
04-13-2022 @ 09:39:46 - Row :14 - Parsing failed. Reason: Content, title, and excerpt are empty.
04-13-2022 @ 09:39:46 - Row :15 - Parsing item.
04-13-2022 @ 09:39:46 - Row :15 - Parsing failed. Reason: Content, title, and excerpt are empty.
04-13-2022 @ 09:39:46 - Row :16 - Parsing item.
04-13-2022 @ 09:39:46 - Row :16 - Parsing failed. Reason: Content, title, and excerpt are empty.
04-13-2022 @ 09:39:46 - Row :17 - Parsing item.
04-13-2022 @ 09:39:46 - Row :17 - Parsing failed. Reason: Content, title, and excerpt are empty.
04-13-2022 @ 09:39:46 - Row :18 - Parsing item.
04-13-2022 @ 09:39:46 - Row :18 - Parsing failed. Reason: Content, title, and excerpt are empty.
04-13-2022 @ 09:39:46 - Row :19 - Parsing item.
04-13-2022 @ 09:39:46 - Row :19 - Parsing failed. Reason: Content, title, and excerpt are empty.
04-13-2022 @ 09:39:46 - Row :20 - Parsing item.
04-13-2022 @ 09:39:46 - Row :20 - Parsing failed. Reason: Content, title, and excerpt are empty.
04-13-2022 @ 09:39:47 - Preparing for import.
04-13-2022 @ 09:39:47 - Row :21 - Parsing item.
04-13-2022 @ 09:39:47 - Row :21 - Parsing failed. Reason: Content, title, and excerpt are empty.
04-13-2022 @ 09:39:47 - Row :22 - Parsing item.
04-13-2022 @ 09:39:47 - Row :22 - Parsing failed. Reason: Content, title, and excerpt are empty.
04-13-2022 @ 09:39:47 - Row :23 - Parsing item.
04-13-2022 @ 09:39:47 - Row :23 - Parsing failed. Reason: Content, title, and excerpt are empty.
04-13-2022 @ 09:39:47 - Row :24 - Parsing item.
04-13-2022 @ 09:39:47 - Row :24 - Parsing failed. Reason: Content, title, and excerpt are empty.
04-13-2022 @ 09:39:47 - Row :25 - Parsing item.
04-13-2022 @ 09:39:47 - Row :25 - Parsing failed. Reason: Content, title, and excerpt are empty.
04-13-2022 @ 09:39:47 - Row :26 - Parsing item.
04-13-2022 @ 09:39:47 - Row :26 - Parsing failed. Reason: Content, title, and excerpt are empty.
04-13-2022 @ 09:39:47 - Row :27 - Parsing item.
04-13-2022 @ 09:39:47 - Row :27 - Parsing failed. Reason: Content, title, and excerpt are empty.
04-13-2022 @ 09:39:47 - Row :28 - Parsing item.
04-13-2022 @ 09:39:47 - Row :28 - Parsing failed. Reason: Content, title, and excerpt are empty.
04-13-2022 @ 09:39:47 - Row :29 - Parsing item.
04-13-2022 @ 09:39:47 - Row :29 - Parsing failed. Reason: Content, title, and excerpt are empty.
04-13-2022 @ 09:39:47 - Row :30 - Parsing item.
04-13-2022 @ 09:39:47 - Row :30 - Parsing failed. Reason: Content, title, and excerpt are empty.
04-13-2022 @ 09:39:49 - Preparing for import.
04-13-2022 @ 09:39:49 - Row :31 - Parsing item.
04-13-2022 @ 09:39:49 - Row :31 - Parsing failed. Reason: Content, title, and excerpt are empty.
04-13-2022 @ 09:39:49 - Row :32 - Parsing item.
04-13-2022 @ 09:39:49 - Row :32 - Parsing failed. Reason: Content, title, and excerpt are empty.
04-13-2022 @ 09:39:49 - Row :33 - Parsing item.
04-13-2022 @ 09:39:49 - Row :33 - Parsing failed. Reason: Content, title, and excerpt are empty.
04-13-2022 @ 09:39:49 - Row :34 - Parsing item.
04-13-2022 @ 09:39:49 - Row :34 - Parsing failed. Reason: Content, title, and excerpt are empty.
04-13-2022 @ 09:39:49 - Row :35 - Parsing item.
04-13-2022 @ 09:39:49 - Row :35 - Parsing failed. Reason: Content, title, and excerpt are empty.
04-13-2022 @ 09:39:49 - Row :36 - Parsing item.
04-13-2022 @ 09:39:49 - Row :36 - Parsing failed. Reason: Content, title, and excerpt are empty.
04-13-2022 @ 09:39:49 - Row :37 - Parsing item.
04-13-2022 @ 09:39:49 - Row :37 - Parsing failed. Reason: Content, title, and excerpt are empty.
04-13-2022 @ 09:39:49 - Row :38 - Parsing item.
04-13-2022 @ 09:39:49 - Row :38 - Parsing failed. Reason: Content, title, and excerpt are empty.
04-13-2022 @ 09:39:49 - Row :39 - Parsing item.
04-13-2022 @ 09:39:49 - Row :39 - Parsing failed. Reason: Content, title, and excerpt are empty.
04-13-2022 @ 09:39:49 - Row :40 - Parsing item.
04-13-2022 @ 09:39:49 - Row :40 - Parsing failed. Reason: Content, title, and excerpt are empty.
04-13-2022 @ 09:39:50 - Preparing for import.
04-13-2022 @ 09:39:50 - Row :41 - Parsing item.
04-13-2022 @ 09:39:50 - Row :41 - Parsing failed. Reason: Content, title, and excerpt are empty.
04-13-2022 @ 09:39:50 - Row :42 - Parsing item.
04-13-2022 @ 09:39:50 - Row :42 - Parsing failed. Reason: Content, title, and excerpt are empty.
04-13-2022 @ 09:39:50 - Row :43 - Parsing item.
04-13-2022 @ 09:39:50 - Row :43 - Parsing failed. Reason: Content, title, and excerpt are empty.
04-13-2022 @ 09:39:50 - Row :44 - Parsing item.
04-13-2022 @ 09:39:50 - Row :44 - Parsing failed. Reason: Content, title, and excerpt are empty.
04-13-2022 @ 09:39:50 - Row :45 - Parsing item.
04-13-2022 @ 09:39:50 - Row :45 - Parsing failed. Reason: Content, title, and excerpt are empty.
04-13-2022 @ 09:39:50 - Row :46 - Parsing item.
04-13-2022 @ 09:39:50 - Row :46 - Parsing failed. Reason: Content, title, and excerpt are empty.
04-13-2022 @ 09:39:50 - Row :47 - Parsing item.
04-13-2022 @ 09:39:50 - Row :47 - Parsing failed. Reason: Content, title, and excerpt are empty.
04-13-2022 @ 09:39:50 - Row :48 - Parsing item.
04-13-2022 @ 09:39:50 - Row :48 - Parsing failed. Reason: Content, title, and excerpt are empty.
04-13-2022 @ 09:39:50 - Row :49 - Parsing item.
04-13-2022 @ 09:39:50 - Row :49 - Parsing failed. Reason: Content, title, and excerpt are empty.
04-13-2022 @ 09:39:50 - Row :50 - Parsing item.
04-13-2022 @ 09:39:50 - Row :50 - Parsing failed. Reason: Content, title, and excerpt are empty.
04-13-2022 @ 09:39:51 - Preparing for import.
04-13-2022 @ 09:39:51 - Row :51 - Parsing item.
04-13-2022 @ 09:39:51 - Row :51 - Parsing failed. Reason: Content, title, and excerpt are empty.
04-13-2022 @ 09:39:51 - Row :52 - Parsing item.
04-13-2022 @ 09:39:51 - Row :52 - Parsing failed. Reason: Content, title, and excerpt are empty.
04-13-2022 @ 09:39:51 - Row :53 - Parsing item.
04-13-2022 @ 09:39:51 - Row :53 - Parsing failed. Reason: Content, title, and excerpt are empty.
04-13-2022 @ 09:39:51 - Row :54 - Parsing item.
04-13-2022 @ 09:39:51 - Row :54 - Parsing failed. Reason: Content, title, and excerpt are empty.
04-13-2022 @ 09:39:51 - Row :55 - Parsing item.
04-13-2022 @ 09:39:51 - Row :55 - Parsing failed. Reason: Content, title, and excerpt are empty.
04-13-2022 @ 09:39:51 - Row :56 - Parsing item.
04-13-2022 @ 09:39:51 - Row :56 - Parsing failed. Reason: Content, title, and excerpt are empty.
04-13-2022 @ 09:39:51 - Row :57 - Parsing item.
04-13-2022 @ 09:39:51 - Row :57 - Parsing failed. Reason: Content, title, and excerpt are empty.
04-13-2022 @ 09:39:51 - Row :58 - Parsing item.
04-13-2022 @ 09:39:51 - Row :58 - Parsing failed. Reason: Content, title, and excerpt are empty.
04-13-2022 @ 09:39:51 - Row :59 - Parsing item.
04-13-2022 @ 09:39:51 - Row :59 - Parsing failed. Reason: Content, title, and excerpt are empty.
04-13-2022 @ 09:39:51 - Row :60 - Parsing item.
04-13-2022 @ 09:39:51 - Row :60 - Parsing failed. Reason: Content, title, and excerpt are empty.
04-13-2022 @ 09:39:52 - Preparing for import.
04-13-2022 @ 09:39:52 - Row :61 - Parsing item.
04-13-2022 @ 09:39:52 - Row :61 - Parsing failed. Reason: Content, title, and excerpt are empty.
04-13-2022 @ 09:39:52 - Row :62 - Parsing item.
04-13-2022 @ 09:39:52 - Row :62 - Parsing failed. Reason: Content, title, and excerpt are empty.
04-13-2022 @ 09:39:52 - Row :63 - Parsing item.
04-13-2022 @ 09:39:52 - Row :63 - Parsing failed. Reason: Content, title, and excerpt are empty.
04-13-2022 @ 09:39:52 - Row :64 - Parsing item.
04-13-2022 @ 09:39:52 - Row :64 - Parsing failed. Reason: Content, title, and excerpt are empty.
04-13-2022 @ 09:39:52 - Row :65 - Parsing item.
04-13-2022 @ 09:39:52 - Row :65 - Parsing failed. Reason: Content, title, and excerpt are empty.
04-13-2022 @ 09:39:52 - Row :66 - Parsing item.
04-13-2022 @ 09:39:52 - Row :66 - Parsing failed. Reason: Content, title, and excerpt are empty.
04-13-2022 @ 09:39:52 - Row :67 - Parsing item.
04-13-2022 @ 09:39:52 - Row :67 - Parsing failed. Reason: Content, title, and excerpt are empty.
04-13-2022 @ 09:39:52 - Row :68 - Parsing item.
04-13-2022 @ 09:39:52 - Row :68 - Parsing failed. Reason: Content, title, and excerpt are empty.
04-13-2022 @ 09:39:52 - Row :69 - Parsing item.
04-13-2022 @ 09:39:52 - Row :69 - Parsing failed. Reason: Content, title, and excerpt are empty.
04-13-2022 @ 09:39:52 - Row :70 - Parsing item.
04-13-2022 @ 09:39:52 - Row :70 - Parsing failed. Reason: Content, title, and excerpt are empty.
04-13-2022 @ 09:39:54 - Preparing for import.
04-13-2022 @ 09:39:54 - Row :71 - Parsing item.
04-13-2022 @ 09:39:54 - Row :71 - Parsing failed. Reason: Content, title, and excerpt are empty.
04-13-2022 @ 09:39:54 - Row :72 - Parsing item.
04-13-2022 @ 09:39:54 - Row :72 - Parsing failed. Reason: Content, title, and excerpt are empty.
04-13-2022 @ 09:39:54 - Row :73 - Parsing item.
04-13-2022 @ 09:39:54 - Row :73 - Parsing failed. Reason: Content, title, and excerpt are empty.
04-13-2022 @ 09:39:54 - Row :74 - Parsing item.
04-13-2022 @ 09:39:54 - Row :74 - Parsing failed. Reason: Content, title, and excerpt are empty.
04-13-2022 @ 09:39:54 - Row :75 - Parsing item.
04-13-2022 @ 09:39:54 - Row :75 - Parsing failed. Reason: Content, title, and excerpt are empty.
04-13-2022 @ 09:39:54 - Row :76 - Parsing item.
04-13-2022 @ 09:39:54 - Row :76 - Parsing failed. Reason: Content, title, and excerpt are empty.
04-13-2022 @ 09:39:54 - Row :77 - Parsing item.
04-13-2022 @ 09:39:54 - Row :77 - Parsing failed. Reason: Content, title, and excerpt are empty.
04-13-2022 @ 09:39:54 - Row :78 - Parsing item.
04-13-2022 @ 09:39:54 - Row :78 - Parsing failed. Reason: Content, title, and excerpt are empty.
04-13-2022 @ 09:39:54 - Row :79 - Parsing item.
04-13-2022 @ 09:39:54 - Row :79 - Parsing failed. Reason: Content, title, and excerpt are empty.
04-13-2022 @ 09:39:54 - Row :80 - Parsing item.
04-13-2022 @ 09:39:54 - Row :80 - Parsing failed. Reason: Content, title, and excerpt are empty.
04-13-2022 @ 09:39:55 - Preparing for import.
04-13-2022 @ 09:39:55 - Row :81 - Parsing item.
04-13-2022 @ 09:39:55 - Row :81 - Parsing failed. Reason: Content, title, and excerpt are empty.
04-13-2022 @ 09:39:55 - Row :82 - Parsing item.
04-13-2022 @ 09:39:55 - Row :82 - Parsing failed. Reason: Content, title, and excerpt are empty.
04-13-2022 @ 09:39:55 - Row :83 - Parsing item.
04-13-2022 @ 09:39:55 - Row :83 - Parsing failed. Reason: Content, title, and excerpt are empty.
04-13-2022 @ 09:39:55 - Row :84 - Parsing item.
04-13-2022 @ 09:39:55 - Row :84 - Parsing failed. Reason: Content, title, and excerpt are empty.
04-13-2022 @ 09:39:55 - Row :85 - Parsing item.
04-13-2022 @ 09:39:55 - Row :85 - Parsing failed. Reason: Content, title, and excerpt are empty.
04-13-2022 @ 09:39:55 - Row :86 - Parsing item.
04-13-2022 @ 09:39:55 - Row :86 - Parsing failed. Reason: Content, title, and excerpt are empty.
04-13-2022 @ 09:39:55 - Row :87 - Parsing item.
04-13-2022 @ 09:39:55 - Row :87 - Parsing failed. Reason: Content, title, and excerpt are empty.
04-13-2022 @ 09:39:55 - Row :88 - Parsing item.
04-13-2022 @ 09:39:55 - Row :88 - Parsing failed. Reason: Content, title, and excerpt are empty.
04-13-2022 @ 09:39:55 - Row :89 - Parsing item.
04-13-2022 @ 09:39:55 - Row :89 - Parsing failed. Reason: Content, title, and excerpt are empty.
04-13-2022 @ 09:39:55 - Row :90 - Parsing item.
04-13-2022 @ 09:39:55 - Row :90 - Parsing failed. Reason: Content, title, and excerpt are empty.
04-13-2022 @ 09:39:56 - Preparing for import.
04-13-2022 @ 09:39:56 - Row :91 - Parsing item.
04-13-2022 @ 09:39:56 - Row :91 - Parsing failed. Reason: Content, title, and excerpt are empty.
04-13-2022 @ 09:39:56 - Row :92 - Parsing item.
04-13-2022 @ 09:39:56 - Row :92 - Parsing failed. Reason: Content, title, and excerpt are empty.
04-13-2022 @ 09:39:56 - Row :93 - Parsing item.
04-13-2022 @ 09:39:56 - Row :93 - Parsing failed. Reason: Content, title, and excerpt are empty.
04-13-2022 @ 09:39:56 - Row :94 - Parsing item.
04-13-2022 @ 09:39:56 - Row :94 - Parsing failed. Reason: Content, title, and excerpt are empty.
04-13-2022 @ 09:39:56 - Row :95 - Parsing item.
04-13-2022 @ 09:39:56 - Row :95 - Parsing failed. Reason: Content, title, and excerpt are empty.
04-13-2022 @ 09:39:56 - Row :96 - Parsing item.
04-13-2022 @ 09:39:56 - Row :96 - Parsing failed. Reason: Content, title, and excerpt are empty.
04-13-2022 @ 09:39:56 - Row :97 - Parsing item.
04-13-2022 @ 09:39:56 - Row :97 - Parsing failed. Reason: Content, title, and excerpt are empty.
04-13-2022 @ 09:39:56 - Row :98 - Parsing item.
04-13-2022 @ 09:39:56 - Row :98 - Parsing failed. Reason: Content, title, and excerpt are empty.
04-13-2022 @ 09:39:56 - Row :99 - Parsing item.
04-13-2022 @ 09:39:56 - Row :99 - Parsing failed. Reason: Content, title, and excerpt are empty.
04-13-2022 @ 09:39:56 - Row :100 - Parsing item.
04-13-2022 @ 09:39:56 - Row :100 - Parsing failed. Reason: Content, title, and excerpt are empty.
04-13-2022 @ 09:39:57 - Preparing for import.
04-13-2022 @ 09:39:57 - Row :101 - Parsing item.
04-13-2022 @ 09:39:57 - Row :101 - Parsing failed. Reason: Content, title, and excerpt are empty.
04-13-2022 @ 09:39:57 - Row :102 - Parsing item.
04-13-2022 @ 09:39:57 - Row :102 - Parsing failed. Reason: Content, title, and excerpt are empty.
04-13-2022 @ 09:39:57 - Row :103 - Parsing item.
04-13-2022 @ 09:39:57 - Row :103 - Parsing failed. Reason: Content, title, and excerpt are empty.
04-13-2022 @ 09:39:57 - Row :104 - Parsing item.
04-13-2022 @ 09:39:57 - Row :104 - Parsing failed. Reason: Content, title, and excerpt are empty.
04-13-2022 @ 09:39:57 - Row :105 - Parsing item.
04-13-2022 @ 09:39:57 - Row :105 - Parsing failed. Reason: Content, title, and excerpt are empty.
04-13-2022 @ 09:39:57 - Row :106 - Parsing item.
04-13-2022 @ 09:39:57 - Row :106 - Parsing failed. Reason: Content, title, and excerpt are empty.
04-13-2022 @ 09:39:57 - Row :107 - Parsing item.
04-13-2022 @ 09:39:57 - Row :107 - Parsing failed. Reason: Content, title, and excerpt are empty.
04-13-2022 @ 09:39:57 - Row :108 - Parsing item.
04-13-2022 @ 09:39:57 - Row :108 - Parsing failed. Reason: Content, title, and excerpt are empty.
04-13-2022 @ 09:39:57 - Row :109 - Parsing item.
04-13-2022 @ 09:39:57 - Row :109 - Parsing failed. Reason: Content, title, and excerpt are empty.
04-13-2022 @ 09:39:57 - Row :110 - Parsing item.
04-13-2022 @ 09:39:57 - Row :110 - Parsing failed. Reason: Content, title, and excerpt are empty.
04-13-2022 @ 09:39:58 - Preparing for import.
04-13-2022 @ 09:39:58 - Row :111 - Parsing item.
04-13-2022 @ 09:39:58 - Row :111 - Parsing failed. Reason: Content, title, and excerpt are empty.
04-13-2022 @ 09:39:58 - Row :112 - Parsing item.
04-13-2022 @ 09:39:58 - Row :112 - Parsing failed. Reason: Content, title, and excerpt are empty.
04-13-2022 @ 09:39:58 - Row :113 - Parsing item.
04-13-2022 @ 09:39:58 - Row :113 - Parsing failed. Reason: Content, title, and excerpt are empty.
04-13-2022 @ 09:39:58 - Row :114 - Parsing item.
04-13-2022 @ 09:39:58 - Row :114 - Parsing failed. Reason: Content, title, and excerpt are empty.
04-13-2022 @ 09:39:58 - Row :115 - Parsing item.
04-13-2022 @ 09:39:58 - Row :115 - Parsing failed. Reason: Content, title, and excerpt are empty.
04-13-2022 @ 09:39:58 - Row :116 - Parsing item.
04-13-2022 @ 09:39:58 - Row :116 - Parsing failed. Reason: Content, title, and excerpt are empty.
04-13-2022 @ 09:39:58 - Row :117 - Parsing item.
04-13-2022 @ 09:39:58 - Row :117 - Parsing failed. Reason: Content, title, and excerpt are empty.
04-13-2022 @ 09:39:58 - Row :118 - Parsing item.
04-13-2022 @ 09:39:58 - Row :118 - Parsing failed. Reason: Content, title, and excerpt are empty.
04-13-2022 @ 09:39:58 - Row :119 - Parsing item.
04-13-2022 @ 09:39:58 - Row :119 - Parsing failed. Reason: Content, title, and excerpt are empty.
04-13-2022 @ 09:39:58 - Row :120 - Parsing item.
04-13-2022 @ 09:39:58 - Row :120 - Parsing failed. Reason: Content, title, and excerpt are empty.
04-13-2022 @ 09:40:00 - Preparing for import.
04-13-2022 @ 09:40:00 - Row :121 - Parsing item.
04-13-2022 @ 09:40:00 - Row :121 - Parsing failed. Reason: Content, title, and excerpt are empty.
04-13-2022 @ 09:40:00 - Row :122 - Parsing item.
04-13-2022 @ 09:40:00 - Row :122 - Parsing failed. Reason: Content, title, and excerpt are empty.
04-13-2022 @ 09:40:00 - Row :123 - Parsing item.
04-13-2022 @ 09:40:00 - Row :123 - Parsing failed. Reason: Content, title, and excerpt are empty.
04-13-2022 @ 09:40:00 - Row :124 - Parsing item.
04-13-2022 @ 09:40:00 - Row :124 - Parsing failed. Reason: Content, title, and excerpt are empty.
04-13-2022 @ 09:40:00 - Row :125 - Parsing item.
04-13-2022 @ 09:40:00 - Row :125 - Parsing failed. Reason: Content, title, and excerpt are empty.
04-13-2022 @ 09:40:00 - Row :126 - Parsing item.
04-13-2022 @ 09:40:00 - Row :126 - Parsing failed. Reason: Content, title, and excerpt are empty.
04-13-2022 @ 09:40:00 - Row :127 - Parsing item.
04-13-2022 @ 09:40:00 - Row :127 - Parsing failed. Reason: Content, title, and excerpt are empty.
04-13-2022 @ 09:40:00 - Row :128 - Parsing item.
04-13-2022 @ 09:40:00 - Row :128 - Parsing failed. Reason: Content, title, and excerpt are empty.
04-13-2022 @ 09:40:00 - Row :129 - Parsing item.
04-13-2022 @ 09:40:00 - Row :129 - Parsing failed. Reason: Content, title, and excerpt are empty.
04-13-2022 @ 09:40:00 - Row :130 - Parsing item.
04-13-2022 @ 09:40:00 - Row :130 - Parsing failed. Reason: Content, title, and excerpt are empty.
04-13-2022 @ 09:40:01 - Preparing for import.
04-13-2022 @ 09:40:01 - Row :131 - Parsing item.
04-13-2022 @ 09:40:01 - Row :131 - Parsing failed. Reason: Content, title, and excerpt are empty.
04-13-2022 @ 09:40:01 - Row :132 - Parsing item.
04-13-2022 @ 09:40:01 - Row :132 - Parsing failed. Reason: Content, title, and excerpt are empty.
04-13-2022 @ 09:40:01 - Row :133 - Parsing item.
04-13-2022 @ 09:40:01 - Row :133 - Parsing failed. Reason: Content, title, and excerpt are empty.
04-13-2022 @ 09:40:01 - Row :134 - Parsing item.
04-13-2022 @ 09:40:01 - Row :134 - Parsing failed. Reason: Content, title, and excerpt are empty.
04-13-2022 @ 09:40:01 - Row :135 - Parsing item.
04-13-2022 @ 09:40:01 - Row :135 - Parsing failed. Reason: Content, title, and excerpt are empty.
04-13-2022 @ 09:40:01 - Row :136 - Parsing item.
04-13-2022 @ 09:40:01 - Row :136 - Parsing failed. Reason: Content, title, and excerpt are empty.
04-13-2022 @ 09:40:01 - Row :137 - Parsing item.
04-13-2022 @ 09:40:01 - Row :137 - Parsing failed. Reason: Content, title, and excerpt are empty.
04-13-2022 @ 09:40:01 - Row :138 - Parsing item.
04-13-2022 @ 09:40:01 - Row :138 - Parsing failed. Reason: Content, title, and excerpt are empty.
04-13-2022 @ 09:40:01 - Row :139 - Parsing item.
04-13-2022 @ 09:40:01 - Row :139 - Parsing failed. Reason: Content, title, and excerpt are empty.
04-13-2022 @ 09:40:01 - Row :140 - Parsing item.
04-13-2022 @ 09:40:01 - Row :140 - Parsing failed. Reason: Content, title, and excerpt are empty.
04-13-2022 @ 09:40:02 - Preparing for import.
04-13-2022 @ 09:40:02 - Row :141 - Parsing item.
04-13-2022 @ 09:40:02 - Row :141 - Parsing failed. Reason: Content, title, and excerpt are empty.
04-13-2022 @ 09:40:02 - Row :142 - Parsing item.
04-13-2022 @ 09:40:02 - Row :142 - Parsing failed. Reason: Content, title, and excerpt are empty.
04-13-2022 @ 09:40:02 - Row :143 - Parsing item.
04-13-2022 @ 09:40:02 - Row :143 - Parsing failed. Reason: Content, title, and excerpt are empty.
04-13-2022 @ 09:40:02 - Row :144 - Parsing item.
04-13-2022 @ 09:40:02 - Row :144 - Parsing failed. Reason: Content, title, and excerpt are empty.
04-13-2022 @ 09:40:02 - Row :145 - Parsing item.
04-13-2022 @ 09:40:02 - Row :145 - Parsing failed. Reason: Content, title, and excerpt are empty.
04-13-2022 @ 09:40:02 - Row :146 - Parsing item.
04-13-2022 @ 09:40:02 - Row :146 - Parsing failed. Reason: Content, title, and excerpt are empty.
04-13-2022 @ 09:40:02 - Row :147 - Parsing item.
04-13-2022 @ 09:40:02 - Row :147 - Parsing failed. Reason: Content, title, and excerpt are empty.
04-13-2022 @ 09:40:02 - Row :148 - Parsing item.
04-13-2022 @ 09:40:02 - Row :148 - Parsing failed. Reason: Content, title, and excerpt are empty.
04-13-2022 @ 09:40:02 - Row :149 - Parsing item.
04-13-2022 @ 09:40:02 - Row :149 - Parsing failed. Reason: Content, title, and excerpt are empty.
04-13-2022 @ 09:40:02 - Row :150 - Parsing item.
04-13-2022 @ 09:40:02 - Row :150 - Parsing failed. Reason: Content, title, and excerpt are empty.
04-13-2022 @ 09:40:03 - Preparing for import.
04-13-2022 @ 09:40:03 - Row :151 - Parsing item.
04-13-2022 @ 09:40:03 - Row :151 - Parsing failed. Reason: Content, title, and excerpt are empty.
04-13-2022 @ 09:40:03 - Row :152 - Parsing item.
04-13-2022 @ 09:40:03 - Row :152 - Parsing failed. Reason: Content, title, and excerpt are empty.
04-13-2022 @ 09:40:03 - Row :153 - Parsing item.
04-13-2022 @ 09:40:03 - Row :153 - Parsing failed. Reason: Content, title, and excerpt are empty.
04-13-2022 @ 09:40:03 - Row :154 - Parsing item.
04-13-2022 @ 09:40:03 - Row :154 - Parsing failed. Reason: Content, title, and excerpt are empty.
04-13-2022 @ 09:40:03 - Row :155 - Parsing item.
04-13-2022 @ 09:40:03 - Row :155 - Parsing failed. Reason: Content, title, and excerpt are empty.
04-13-2022 @ 09:40:03 - Row :156 - Parsing item.
04-13-2022 @ 09:40:03 - Row :156 - Parsing failed. Reason: Content, title, and excerpt are empty.
04-13-2022 @ 09:40:03 - Row :157 - Parsing item.
04-13-2022 @ 09:40:03 - Row :157 - Parsing failed. Reason: Content, title, and excerpt are empty.
04-13-2022 @ 09:40:03 - Row :158 - Parsing item.
04-13-2022 @ 09:40:03 - Row :158 - Parsing failed. Reason: Content, title, and excerpt are empty.
04-13-2022 @ 09:40:03 - Row :159 - Parsing item.
04-13-2022 @ 09:40:03 - Row :159 - Parsing failed. Reason: Content, title, and excerpt are empty.
04-13-2022 @ 09:40:03 - Row :160 - Parsing item.
04-13-2022 @ 09:40:03 - Row :160 - Parsing failed. Reason: Content, title, and excerpt are empty.
04-13-2022 @ 09:40:04 - Preparing for import.
04-13-2022 @ 09:40:04 - Row :161 - Parsing item.
04-13-2022 @ 09:40:04 - Row :161 - Parsing failed. Reason: Content, title, and excerpt are empty.
04-13-2022 @ 09:40:04 - Row :162 - Parsing item.
04-13-2022 @ 09:40:04 - Row :162 - Parsing failed. Reason: Content, title, and excerpt are empty.
04-13-2022 @ 09:40:04 - Row :163 - Parsing item.
04-13-2022 @ 09:40:04 - Row :163 - Parsing failed. Reason: Content, title, and excerpt are empty.
04-13-2022 @ 09:40:04 - Row :164 - Parsing item.
04-13-2022 @ 09:40:04 - Row :164 - Parsing failed. Reason: Content, title, and excerpt are empty.
04-13-2022 @ 09:40:04 - Row :165 - Parsing item.
04-13-2022 @ 09:40:04 - Row :165 - Parsing failed. Reason: Content, title, and excerpt are empty.
04-13-2022 @ 09:40:04 - Row :166 - Parsing item.
04-13-2022 @ 09:40:04 - Row :166 - Parsing failed. Reason: Content, title, and excerpt are empty.
04-13-2022 @ 09:40:04 - Row :167 - Parsing item.
04-13-2022 @ 09:40:04 - Row :167 - Parsing failed. Reason: Content, title, and excerpt are empty.
04-13-2022 @ 09:40:04 - Row :168 - Parsing item.
04-13-2022 @ 09:40:04 - Row :168 - Parsing failed. Reason: Content, title, and excerpt are empty.
04-13-2022 @ 09:40:04 - Row :169 - Parsing item.
04-13-2022 @ 09:40:04 - Row :169 - Parsing failed. Reason: Content, title, and excerpt are empty.
04-13-2022 @ 09:40:04 - Row :170 - Parsing item.
04-13-2022 @ 09:40:04 - Row :170 - Parsing failed. Reason: Content, title, and excerpt are empty.
04-13-2022 @ 09:40:06 - Preparing for import.
04-13-2022 @ 09:40:06 - Row :171 - Parsing item.
04-13-2022 @ 09:40:06 - Row :171 - Parsing failed. Reason: Content, title, and excerpt are empty.
04-13-2022 @ 09:40:06 - Row :172 - Parsing item.
04-13-2022 @ 09:40:06 - Row :172 - Parsing failed. Reason: Content, title, and excerpt are empty.
04-13-2022 @ 09:40:06 - Row :173 - Parsing item.
04-13-2022 @ 09:40:06 - Row :173 - Parsing failed. Reason: Content, title, and excerpt are empty.
04-13-2022 @ 09:40:06 - Row :174 - Parsing item.
04-13-2022 @ 09:40:06 - Row :174 - Parsing failed. Reason: Content, title, and excerpt are empty.
04-13-2022 @ 09:40:06 - Row :175 - Parsing item.
04-13-2022 @ 09:40:06 - Row :175 - Parsing failed. Reason: Content, title, and excerpt are empty.
04-13-2022 @ 09:40:06 - Row :176 - Parsing item.
04-13-2022 @ 09:40:06 - Row :176 - Parsing failed. Reason: Content, title, and excerpt are empty.
04-13-2022 @ 09:40:06 - Row :177 - Parsing item.
04-13-2022 @ 09:40:06 - Row :177 - Parsing failed. Reason: Content, title, and excerpt are empty.
04-13-2022 @ 09:40:06 - Row :178 - Parsing item.
04-13-2022 @ 09:40:06 - Row :178 - Parsing failed. Reason: Content, title, and excerpt are empty.
04-13-2022 @ 09:40:06 - Row :179 - Parsing item.
04-13-2022 @ 09:40:06 - Row :179 - Parsing failed. Reason: Content, title, and excerpt are empty.
04-13-2022 @ 09:40:06 - Row :180 - Parsing item.
04-13-2022 @ 09:40:06 - Row :180 - Parsing failed. Reason: Content, title, and excerpt are empty.
04-13-2022 @ 09:40:07 - Preparing for import.
04-13-2022 @ 09:40:07 - Row :181 - Parsing item.
04-13-2022 @ 09:40:07 - Row :181 - Parsing failed. Reason: Content, title, and excerpt are empty.
04-13-2022 @ 09:40:07 - Row :182 - Parsing item.
04-13-2022 @ 09:40:07 - Row :182 - Parsing failed. Reason: Content, title, and excerpt are empty.
04-13-2022 @ 09:40:07 - Row :183 - Parsing item.
04-13-2022 @ 09:40:07 - Row :183 - Parsing failed. Reason: Content, title, and excerpt are empty.
04-13-2022 @ 09:40:07 - Row :184 - Parsing item.
04-13-2022 @ 09:40:07 - Row :184 - Parsing failed. Reason: Content, title, and excerpt are empty.
04-13-2022 @ 09:40:07 - Row :185 - Parsing item.
04-13-2022 @ 09:40:07 - Row :185 - Parsing failed. Reason: Content, title, and excerpt are empty.
04-13-2022 @ 09:40:07 - Row :186 - Parsing item.
04-13-2022 @ 09:40:07 - Row :186 - Parsing failed. Reason: Content, title, and excerpt are empty.
04-13-2022 @ 09:40:07 - Row :187 - Parsing item.
04-13-2022 @ 09:40:07 - Row :187 - Parsing failed. Reason: Content, title, and excerpt are empty.
04-13-2022 @ 09:40:07 - Row :188 - Parsing item.
04-13-2022 @ 09:40:07 - Row :188 - Parsing failed. Reason: Content, title, and excerpt are empty.
04-13-2022 @ 09:40:07 - Row :189 - Parsing item.
04-13-2022 @ 09:40:07 - Row :189 - Parsing failed. Reason: Content, title, and excerpt are empty.
04-13-2022 @ 09:40:07 - Row :190 - Parsing item.
04-13-2022 @ 09:40:07 - Row :190 - Parsing failed. Reason: Content, title, and excerpt are empty.
04-13-2022 @ 09:40:08 - Preparing for import.
04-13-2022 @ 09:40:08 - Row :191 - Parsing item.
04-13-2022 @ 09:40:08 - Row :191 - Parsing failed. Reason: Content, title, and excerpt are empty.
04-13-2022 @ 09:40:08 - Row :192 - Parsing item.
04-13-2022 @ 09:40:08 - Row :192 - Parsing failed. Reason: Content, title, and excerpt are empty.
04-13-2022 @ 09:40:08 - Row :193 - Parsing item.
04-13-2022 @ 09:40:08 - Row :193 - Parsing failed. Reason: Content, title, and excerpt are empty.
04-13-2022 @ 09:40:08 - Row :194 - Parsing item.
04-13-2022 @ 09:40:08 - Row :194 - Parsing failed. Reason: Content, title, and excerpt are empty.
04-13-2022 @ 09:40:08 - Row :195 - Parsing item.
04-13-2022 @ 09:40:08 - Row :195 - Parsing failed. Reason: Content, title, and excerpt are empty.
04-13-2022 @ 09:40:08 - Row :196 - Parsing item.
04-13-2022 @ 09:40:08 - Row :196 - Parsing failed. Reason: Content, title, and excerpt are empty.
04-13-2022 @ 09:40:08 - Row :197 - Parsing item.
04-13-2022 @ 09:40:08 - Row :197 - Parsing failed. Reason: Content, title, and excerpt are empty.
04-13-2022 @ 09:40:08 - Row :198 - Parsing item.
04-13-2022 @ 09:40:08 - Row :198 - Parsing failed. Reason: Content, title, and excerpt are empty.
04-13-2022 @ 09:40:08 - Row :199 - Parsing item.
04-13-2022 @ 09:40:08 - Row :199 - Parsing failed. Reason: Content, title, and excerpt are empty.
04-13-2022 @ 09:40:08 - Row :200 - Parsing item.
04-13-2022 @ 09:40:08 - Row :200 - Parsing failed. Reason: Content, title, and excerpt are empty.
04-13-2022 @ 09:40:09 - Preparing for import.
04-13-2022 @ 09:40:09 - Row :201 - Parsing item.
04-13-2022 @ 09:40:09 - Row :201 - Parsing failed. Reason: Content, title, and excerpt are empty.
04-13-2022 @ 09:40:09 - Row :202 - Parsing item.
04-13-2022 @ 09:40:09 - Row :202 - Parsing failed. Reason: Content, title, and excerpt are empty.
04-13-2022 @ 09:40:09 - Row :203 - Parsing item.
04-13-2022 @ 09:40:09 - Row :203 - Parsing failed. Reason: Content, title, and excerpt are empty.
04-13-2022 @ 09:40:09 - Row :204 - Parsing item.
04-13-2022 @ 09:40:09 - Row :204 - Parsing failed. Reason: Content, title, and excerpt are empty.
04-13-2022 @ 09:40:09 - Row :205 - Parsing item.
04-13-2022 @ 09:40:09 - Row :205 - Parsing failed. Reason: Content, title, and excerpt are empty.
04-13-2022 @ 09:40:09 - Row :206 - Parsing item.
04-13-2022 @ 09:40:09 - Row :206 - Parsing failed. Reason: Content, title, and excerpt are empty.
04-13-2022 @ 09:40:09 - Row :207 - Parsing item.
04-13-2022 @ 09:40:09 - Row :207 - Parsing failed. Reason: Content, title, and excerpt are empty.
04-13-2022 @ 09:40:09 - Row :208 - Parsing item.
04-13-2022 @ 09:40:09 - Row :208 - Parsing failed. Reason: Content, title, and excerpt are empty.
04-13-2022 @ 09:40:09 - Row :209 - Parsing item.
04-13-2022 @ 09:40:09 - Row :209 - Parsing failed. Reason: Content, title, and excerpt are empty.
04-13-2022 @ 09:40:09 - Row :210 - Parsing item.
04-13-2022 @ 09:40:09 - Row :210 - Parsing failed. Reason: Content, title, and excerpt are empty.
04-13-2022 @ 09:40:10 - Preparing for import.
04-13-2022 @ 09:40:10 - Row :211 - Parsing item.
04-13-2022 @ 09:40:10 - Row :211 - Parsing failed. Reason: Content, title, and excerpt are empty.
04-13-2022 @ 09:40:10 - Row :212 - Parsing item.
04-13-2022 @ 09:40:10 - Row :212 - Parsing failed. Reason: Content, title, and excerpt are empty.
04-13-2022 @ 09:40:10 - Row :213 - Parsing item.
04-13-2022 @ 09:40:10 - Row :213 - Parsing failed. Reason: Content, title, and excerpt are empty.
04-13-2022 @ 09:40:10 - Row :214 - Parsing item.
04-13-2022 @ 09:40:10 - Row :214 - Parsing failed. Reason: Content, title, and excerpt are empty.
04-13-2022 @ 09:40:10 - Row :215 - Parsing item.
04-13-2022 @ 09:40:10 - Row :215 - Parsing failed. Reason: Content, title, and excerpt are empty.
04-13-2022 @ 09:40:10 - Row :216 - Parsing item.
04-13-2022 @ 09:40:10 - Row :216 - Parsing failed. Reason: Content, title, and excerpt are empty.
04-13-2022 @ 09:40:10 - Row :217 - Parsing item.
04-13-2022 @ 09:40:10 - Row :217 - Parsing failed. Reason: Content, title, and excerpt are empty.
04-13-2022 @ 09:40:10 - Row :218 - Parsing item.
04-13-2022 @ 09:40:10 - Row :218 - Parsing failed. Reason: Content, title, and excerpt are empty.
04-13-2022 @ 09:40:10 - Row :219 - Parsing item.
04-13-2022 @ 09:40:10 - Row :219 - Parsing failed. Reason: Content, title, and excerpt are empty.
04-13-2022 @ 09:40:10 - Row :220 - Parsing item.
04-13-2022 @ 09:40:10 - Row :220 - Parsing failed. Reason: Content, title, and excerpt are empty.
04-13-2022 @ 09:40:12 - Preparing for import.
04-13-2022 @ 09:40:12 - Row :221 - Parsing item.
04-13-2022 @ 09:40:12 - Row :221 - Parsing failed. Reason: Content, title, and excerpt are empty.
04-13-2022 @ 09:40:12 - Row :222 - Parsing item.
04-13-2022 @ 09:40:12 - Row :222 - Parsing failed. Reason: Content, title, and excerpt are empty.
04-13-2022 @ 09:40:12 - Row :223 - Parsing item.
04-13-2022 @ 09:40:12 - Row :223 - Parsing failed. Reason: Content, title, and excerpt are empty.
04-13-2022 @ 09:40:12 - Row :224 - Parsing item.
04-13-2022 @ 09:40:12 - Row :224 - Parsing failed. Reason: Content, title, and excerpt are empty.
04-13-2022 @ 09:40:12 - Row :225 - Parsing item.
04-13-2022 @ 09:40:12 - Row :225 - Parsing failed. Reason: Content, title, and excerpt are empty.
04-13-2022 @ 09:40:12 - ---[ Import ended at 2022-04-12 21:40:12]---
