04-22-2022 @ 20:48:21 - ---[ New import started at 2022-04-22 08:48:21 ] PHP Memory: 256 MB, WP Memory: 40 MB
04-22-2022 @ 20:48:21 - Preparing for import.
04-22-2022 @ 20:48:21 - Row :1 - Parsing item.
04-22-2022 @ 20:48:21 - Row :1 - Processing item.
04-22-2022 @ 20:48:21 - Found variable product object. ID:999540594
04-22-2022 @ 20:48:25 - Row :1 - Product updated successfully.
04-22-2022 @ 20:48:25 - Row :2 - Parsing item.
04-22-2022 @ 20:48:25 - Row :2 - Processing item.
04-22-2022 @ 20:48:25 - Found variation product object. ID:999540612
04-22-2022 @ 20:48:25 - Row :2 - Product updated successfully.
04-22-2022 @ 20:48:25 - Row :3 - Parsing item.
04-22-2022 @ 20:48:25 - Row :3 - Processing item.
04-22-2022 @ 20:48:25 - Found variation product object. ID:999540617
04-22-2022 @ 20:48:25 - Row :3 - Product updated successfully.
04-22-2022 @ 20:48:25 - Row :4 - Parsing item.
04-22-2022 @ 20:48:25 - Row :4 - Processing item.
04-22-2022 @ 20:48:25 - Found variation product object. ID:999540622
04-22-2022 @ 20:48:25 - Row :4 - Product updated successfully.
04-22-2022 @ 20:48:25 - Row :5 - Parsing item.
04-22-2022 @ 20:48:25 - Row :5 - Processing item.
04-22-2022 @ 20:48:25 - Found variation product object. ID:999540627
04-22-2022 @ 20:48:25 - Row :5 - Product updated successfully.
04-22-2022 @ 20:48:25 - ---[ Import ended at 2022-04-22 08:48:25]---
