04-22-2022 @ 20:52:39 - ---[ New import started at 2022-04-22 08:52:39 ] PHP Memory: 256 MB, WP Memory: 40 MB
04-22-2022 @ 20:52:39 - Preparing for import.
04-22-2022 @ 20:52:39 - Row :1 - Parsing item.
04-22-2022 @ 20:52:39 - Importing as new product ID:999540635
04-22-2022 @ 20:52:39 - Row :1 - Processing item.
04-22-2022 @ 20:52:39 - Found simple product object. ID:999540635
04-22-2022 @ 20:52:40 - Row :1 - Product imported successfully.
04-22-2022 @ 20:52:40 - Row :2 - Parsing item.
04-22-2022 @ 20:52:40 - Importing as new product ID:999540636
04-22-2022 @ 20:52:40 - Row :2 - Processing item.
04-22-2022 @ 20:52:40 - Found simple product object. ID:999540636
04-22-2022 @ 20:52:40 - Row :2 - Product imported successfully.
04-22-2022 @ 20:52:40 - Row :3 - Parsing item.
04-22-2022 @ 20:52:40 - Importing as new product ID:999540637
04-22-2022 @ 20:52:40 - Row :3 - Processing item.
04-22-2022 @ 20:52:40 - Found simple product object. ID:999540637
04-22-2022 @ 20:52:40 - Row :3 - Product imported successfully.
04-22-2022 @ 20:52:40 - Row :4 - Parsing item.
04-22-2022 @ 20:52:40 - Importing as new product ID:999540638
04-22-2022 @ 20:52:40 - Row :4 - Processing item.
04-22-2022 @ 20:52:40 - Found simple product object. ID:999540638
04-22-2022 @ 20:52:41 - Row :4 - Product imported successfully.
04-22-2022 @ 20:52:41 - Row :5 - Parsing item.
04-22-2022 @ 20:52:41 - Importing as new product ID:999540639
04-22-2022 @ 20:52:41 - Row :5 - Processing item.
04-22-2022 @ 20:52:41 - Found simple product object. ID:999540639
04-22-2022 @ 20:52:41 - Row :5 - Product imported successfully.
04-22-2022 @ 20:52:41 - ---[ Import ended at 2022-04-22 08:52:41]---
