04-22-2022 @ 20:57:39 - ---[ New import started at 2022-04-22 08:57:39 ] PHP Memory: 256 MB, WP Memory: 40 MB
04-22-2022 @ 20:57:39 - Preparing for import.
04-22-2022 @ 20:57:39 - Row :1 - Parsing item.
04-22-2022 @ 20:57:39 - Importing as new product ID:999540640
04-22-2022 @ 20:57:39 - Row :1 - Processing item.
04-22-2022 @ 20:57:39 - Found simple product object. ID:999540640
04-22-2022 @ 20:57:40 - Row :1 - Product imported successfully.
04-22-2022 @ 20:57:40 - Row :2 - Parsing item.
04-22-2022 @ 20:57:40 - Importing as new product ID:999540641
04-22-2022 @ 20:57:40 - Row :2 - Processing item.
04-22-2022 @ 20:57:40 - Found simple product object. ID:999540641
04-22-2022 @ 20:57:40 - Row :2 - Product imported successfully.
04-22-2022 @ 20:57:40 - Row :3 - Parsing item.
04-22-2022 @ 20:57:40 - Importing as new product ID:999540642
04-22-2022 @ 20:57:40 - Row :3 - Processing item.
04-22-2022 @ 20:57:40 - Found simple product object. ID:999540642
04-22-2022 @ 20:57:40 - Row :3 - Product imported successfully.
04-22-2022 @ 20:57:40 - Row :4 - Parsing item.
04-22-2022 @ 20:57:40 - Importing as new product ID:999540643
04-22-2022 @ 20:57:40 - Row :4 - Processing item.
04-22-2022 @ 20:57:40 - Found simple product object. ID:999540643
04-22-2022 @ 20:57:41 - Row :4 - Product imported successfully.
04-22-2022 @ 20:57:41 - Row :5 - Parsing item.
04-22-2022 @ 20:57:41 - Importing as new product ID:999540644
04-22-2022 @ 20:57:41 - Row :5 - Processing item.
04-22-2022 @ 20:57:41 - Found simple product object. ID:999540644
04-22-2022 @ 20:57:41 - Row :5 - Product imported successfully.
04-22-2022 @ 20:57:41 - ---[ Import ended at 2022-04-22 08:57:41]---
