05-28-2022 @ 11:40:22 - ---[ New import started at 2022-05-27 23:40:22 ] PHP Memory: 256 MB, WP Memory: 40 MB
05-28-2022 @ 11:40:22 - Preparing for import.
05-28-2022 @ 11:40:22 - Row :1 - Parsing item.
05-28-2022 @ 11:40:22 - Row :1 - Processing item.
05-28-2022 @ 11:40:22 - Found variation product object. ID:999537156
05-28-2022 @ 11:40:22 - Setting Featured Image. URL:http://localhost/wp-content/uploads/2022/04/SM-PEBBLEBEACH-SAND.jpg
05-28-2022 @ 11:40:22 - Attachment ID:999537365
05-28-2022 @ 11:40:22 - Row :1 - Product updated successfully.
05-28-2022 @ 11:40:22 - Row :2 - Parsing item.
05-28-2022 @ 11:40:22 - Row :2 - Processing item.
05-28-2022 @ 11:40:22 - Found variation product object. ID:999537158
05-28-2022 @ 11:40:22 - Setting Featured Image. URL:http://localhost/wp-content/uploads/2022/04/SM-PEBBLEBEACH-STONE.jpg
05-28-2022 @ 11:40:22 - Attachment ID:999537366
05-28-2022 @ 11:40:22 - Row :2 - Product updated successfully.
05-28-2022 @ 11:40:22 - Row :3 - Parsing item.
05-28-2022 @ 11:40:22 - Row :3 - Processing item.
05-28-2022 @ 11:40:22 - Found variable product object. ID:999535284
05-28-2022 @ 11:40:22 - Setting Featured Image. URL:http://localhost/wp-content/uploads/2022/04/SM-PORTOFINO-CHARCOAL.jpg
05-28-2022 @ 11:40:22 - Attachment ID:999537367
05-28-2022 @ 11:40:23 - Row :3 - Product updated successfully.
05-28-2022 @ 11:40:23 - Row :4 - Parsing item.
05-28-2022 @ 11:40:23 - Row :4 - Processing item.
05-28-2022 @ 11:40:23 - Found variation product object. ID:999537160
05-28-2022 @ 11:40:23 - Setting Featured Image. URL:http://localhost/wp-content/uploads/2022/04/SM-PORTOFINO-CHARCOAL-1.jpg
05-28-2022 @ 11:40:23 - Attachment ID:999537368
05-28-2022 @ 11:40:23 - Row :4 - Product updated successfully.
05-28-2022 @ 11:40:23 - Row :5 - Parsing item.
05-28-2022 @ 11:40:23 - Row :5 - Processing item.
05-28-2022 @ 11:40:23 - Found variation product object. ID:999537162
05-28-2022 @ 11:40:23 - Setting Featured Image. URL:http://localhost/wp-content/uploads/2022/04/SM-PORTOFINO-GREY.jpg
05-28-2022 @ 11:40:23 - Attachment ID:999537369
05-28-2022 @ 11:40:23 - Row :5 - Product updated successfully.
05-28-2022 @ 11:40:23 - Row :6 - Parsing item.
05-28-2022 @ 11:40:23 - Row :6 - Processing item.
05-28-2022 @ 11:40:23 - Found variation product object. ID:999537164
05-28-2022 @ 11:40:23 - Setting Featured Image. URL:http://localhost/wp-content/uploads/2022/04/SM-PORTOFINO-PEWTER.jpg
05-28-2022 @ 11:40:23 - Attachment ID:999537370
05-28-2022 @ 11:40:23 - Row :6 - Product updated successfully.
05-28-2022 @ 11:40:23 - Row :7 - Parsing item.
05-28-2022 @ 11:40:23 - Row :7 - Processing item.
05-28-2022 @ 11:40:23 - Found variation product object. ID:999537166
05-28-2022 @ 11:40:23 - Setting Featured Image. URL:http://localhost/wp-content/uploads/2022/04/SM-PORTOFINO-WHITE.jpg
05-28-2022 @ 11:40:23 - Attachment ID:999537371
05-28-2022 @ 11:40:23 - Row :7 - Product updated successfully.
05-28-2022 @ 11:40:23 - Row :8 - Parsing item.
05-28-2022 @ 11:40:23 - Row :8 - Processing item.
05-28-2022 @ 11:40:23 - Found variable product object. ID:999535286
05-28-2022 @ 11:40:23 - Setting Featured Image. URL:http://localhost/wp-content/uploads/2022/04/SM-PROVENCE-IVORY.jpg
05-28-2022 @ 11:40:23 - Attachment ID:999537372
05-28-2022 @ 11:40:23 - Row :8 - Product updated successfully.
05-28-2022 @ 11:40:23 - Row :9 - Parsing item.
05-28-2022 @ 11:40:23 - Row :9 - Processing item.
05-28-2022 @ 11:40:23 - Found variation product object. ID:999537168
05-28-2022 @ 11:40:23 - Setting Featured Image. URL:http://localhost/wp-content/uploads/2022/04/SM-PROVENCE-IVORY-1.jpg
05-28-2022 @ 11:40:23 - Attachment ID:999537373
05-28-2022 @ 11:40:23 - Row :9 - Product updated successfully.
05-28-2022 @ 11:40:23 - ---[ Import ended at 2022-05-27 23:40:23]---
