04-13-2022 @ 09:45:21 - ---[ New import started at 2022-04-12 21:45:21 ] PHP Memory: 256 MB, WP Memory: 40 MB
04-13-2022 @ 09:45:21 - Preparing for import.
04-13-2022 @ 09:45:21 - Row :1 - Parsing item.
04-13-2022 @ 09:45:21 - Row :1 - Parsing failed. Reason: Could not insert post into the database.
04-13-2022 @ 09:45:21 - Row :2 - Parsing item.
04-13-2022 @ 09:45:21 - Row :2 - Parsing failed. Reason: Content, title, and excerpt are empty.
04-13-2022 @ 09:45:21 - Row :3 - Parsing item.
04-13-2022 @ 09:45:21 - Row :3 - Parsing failed. Reason: Content, title, and excerpt are empty.
04-13-2022 @ 09:45:21 - Row :4 - Parsing item.
04-13-2022 @ 09:45:21 - Row :4 - Parsing failed. Reason: Content, title, and excerpt are empty.
04-13-2022 @ 09:45:21 - Row :5 - Parsing item.
04-13-2022 @ 09:45:21 - Row :5 - Parsing failed. Reason: Content, title, and excerpt are empty.
04-13-2022 @ 09:45:21 - Row :6 - Parsing item.
04-13-2022 @ 09:45:21 - Row :6 - Parsing failed. Reason: Content, title, and excerpt are empty.
04-13-2022 @ 09:45:21 - Row :7 - Parsing item.
04-13-2022 @ 09:45:22 - Row :7 - Parsing failed. Reason: Content, title, and excerpt are empty.
04-13-2022 @ 09:45:22 - Row :8 - Parsing item.
04-13-2022 @ 09:45:22 - Row :8 - Parsing failed. Reason: Content, title, and excerpt are empty.
04-13-2022 @ 09:45:22 - Row :9 - Parsing item.
04-13-2022 @ 09:45:22 - Row :9 - Parsing failed. Reason: Content, title, and excerpt are empty.
04-13-2022 @ 09:45:22 - ---[ Import ended at 2022-04-12 21:45:22]---
