04-13-2022 @ 10:13:10 - ---[ New import started at 2022-04-12 22:13:10 ] PHP Memory: 256 MB, WP Memory: 40 MB
04-13-2022 @ 10:13:10 - Preparing for import.
04-13-2022 @ 10:13:10 - Row :1 - Parsing item.
04-13-2022 @ 10:13:10 - Row :1 - Processing item.
04-13-2022 @ 10:13:10 - Found variable product object. ID:463014
04-13-2022 @ 10:13:13 - Row :1 - Product updated successfully.
04-13-2022 @ 10:13:13 - Row :2 - Parsing item.
04-13-2022 @ 10:13:13 - Row :2 - Processing item.
04-13-2022 @ 10:13:13 - Found variation product object. ID:463015
04-13-2022 @ 10:13:13 - Setting Featured Image. URL:https://inspiry.co.nz/wp-content/uploads/oshan/RFA/RFA-PR2005A.jpg
04-13-2022 @ 10:13:13 - Attachment ID:463016
04-13-2022 @ 10:13:13 - Setting Gallery Images.
04-13-2022 @ 10:13:13 - Image URL:https://inspiry.co.nz/wp-content/uploads/oshan/RFA/RFA-PR2005A-1.jpg
04-13-2022 @ 10:13:13 - Attachment ID:463017
04-13-2022 @ 10:13:13 - Image URL:https://inspiry.co.nz/wp-content/uploads/oshan/RFA/RFA-PR2005A-2.jpg
04-13-2022 @ 10:13:13 - Attachment ID:463018
04-13-2022 @ 10:13:13 - Image URL:https://inspiry.co.nz/wp-content/uploads/oshan/RFA/RFA-PR2005A-3.jpg
04-13-2022 @ 10:13:14 - URL:https://inspiry.co.nz/wp-content/uploads/oshan/RFA/RFA-PR2005A-3.jpg Reason:Error getting remote image https://inspiry.co.nz/wp-content/uploads/oshan/RFA/RFA-PR2005A-3.jpg. Error: Not Found
04-13-2022 @ 10:13:14 - Image URL:https://inspiry.co.nz/wp-content/uploads/oshan/RFA/RFA-PR2005A-4.jpg
04-13-2022 @ 10:13:14 - URL:https://inspiry.co.nz/wp-content/uploads/oshan/RFA/RFA-PR2005A-4.jpg Reason:Error getting remote image https://inspiry.co.nz/wp-content/uploads/oshan/RFA/RFA-PR2005A-4.jpg. Error: Not Found
04-13-2022 @ 10:13:14 - Image URL:https://inspiry.co.nz/wp-content/uploads/oshan/RFA/RFA-PR2005A-5.jpg
04-13-2022 @ 10:13:15 - URL:https://inspiry.co.nz/wp-content/uploads/oshan/RFA/RFA-PR2005A-5.jpg Reason:Error getting remote image https://inspiry.co.nz/wp-content/uploads/oshan/RFA/RFA-PR2005A-5.jpg. Error: Not Found
04-13-2022 @ 10:13:15 - Row :2 - Product updated successfully.
04-13-2022 @ 10:13:15 - Row :3 - Parsing item.
04-13-2022 @ 10:13:15 - Row :3 - Processing item.
04-13-2022 @ 10:13:15 - Found variation product object. ID:463019
04-13-2022 @ 10:13:15 - Setting Featured Image. URL:https://inspiry.co.nz/wp-content/uploads/oshan/RFA/RFA-PR2005B.jpg
04-13-2022 @ 10:13:15 - Attachment ID:463020
04-13-2022 @ 10:13:15 - Setting Gallery Images.
04-13-2022 @ 10:13:15 - Image URL:https://inspiry.co.nz/wp-content/uploads/oshan/RFA/RFA-PR2005B-1.jpg
04-13-2022 @ 10:13:15 - Attachment ID:463021
04-13-2022 @ 10:13:15 - Image URL:https://inspiry.co.nz/wp-content/uploads/oshan/RFA/RFA-PR2005B-2.jpg
04-13-2022 @ 10:13:15 - Attachment ID:463022
04-13-2022 @ 10:13:15 - Image URL:https://inspiry.co.nz/wp-content/uploads/oshan/RFA/RFA-PR2005B-3.jpg
04-13-2022 @ 10:13:16 - URL:https://inspiry.co.nz/wp-content/uploads/oshan/RFA/RFA-PR2005B-3.jpg Reason:Error getting remote image https://inspiry.co.nz/wp-content/uploads/oshan/RFA/RFA-PR2005B-3.jpg. Error: Not Found
04-13-2022 @ 10:13:16 - Image URL:https://inspiry.co.nz/wp-content/uploads/oshan/RFA/RFA-PR2005B-4.jpg
04-13-2022 @ 10:13:17 - URL:https://inspiry.co.nz/wp-content/uploads/oshan/RFA/RFA-PR2005B-4.jpg Reason:Error getting remote image https://inspiry.co.nz/wp-content/uploads/oshan/RFA/RFA-PR2005B-4.jpg. Error: Not Found
04-13-2022 @ 10:13:17 - Image URL:https://inspiry.co.nz/wp-content/uploads/oshan/RFA/RFA-PR2005B-5.jpg
04-13-2022 @ 10:13:18 - URL:https://inspiry.co.nz/wp-content/uploads/oshan/RFA/RFA-PR2005B-5.jpg Reason:Error getting remote image https://inspiry.co.nz/wp-content/uploads/oshan/RFA/RFA-PR2005B-5.jpg. Error: Not Found
04-13-2022 @ 10:13:18 - Row :3 - Product updated successfully.
04-13-2022 @ 10:13:18 - Row :4 - Parsing item.
04-13-2022 @ 10:13:18 - Row :4 - Processing item.
04-13-2022 @ 10:13:18 - Found variation product object. ID:463023
04-13-2022 @ 10:13:18 - Setting Featured Image. URL:https://inspiry.co.nz/wp-content/uploads/oshan/RFA/RFA-PR2005C.jpg
04-13-2022 @ 10:13:18 - Attachment ID:463024
04-13-2022 @ 10:13:18 - Setting Gallery Images.
04-13-2022 @ 10:13:18 - Image URL:https://inspiry.co.nz/wp-content/uploads/oshan/RFA/RFA-PR2005C-1.jpg
04-13-2022 @ 10:13:18 - Attachment ID:463025
04-13-2022 @ 10:13:18 - Image URL:https://inspiry.co.nz/wp-content/uploads/oshan/RFA/RFA-PR2005C-2.jpg
04-13-2022 @ 10:13:18 - Attachment ID:463026
04-13-2022 @ 10:13:18 - Image URL:https://inspiry.co.nz/wp-content/uploads/oshan/RFA/RFA-PR2005C-3.jpg
04-13-2022 @ 10:13:19 - URL:https://inspiry.co.nz/wp-content/uploads/oshan/RFA/RFA-PR2005C-3.jpg Reason:Error getting remote image https://inspiry.co.nz/wp-content/uploads/oshan/RFA/RFA-PR2005C-3.jpg. Error: Not Found
04-13-2022 @ 10:13:19 - Image URL:https://inspiry.co.nz/wp-content/uploads/oshan/RFA/RFA-PR2005C-4.jpg
04-13-2022 @ 10:13:20 - URL:https://inspiry.co.nz/wp-content/uploads/oshan/RFA/RFA-PR2005C-4.jpg Reason:Error getting remote image https://inspiry.co.nz/wp-content/uploads/oshan/RFA/RFA-PR2005C-4.jpg. Error: Not Found
04-13-2022 @ 10:13:20 - Image URL:https://inspiry.co.nz/wp-content/uploads/oshan/RFA/RFA-PR2005C-5.jpg
04-13-2022 @ 10:13:20 - URL:https://inspiry.co.nz/wp-content/uploads/oshan/RFA/RFA-PR2005C-5.jpg Reason:Error getting remote image https://inspiry.co.nz/wp-content/uploads/oshan/RFA/RFA-PR2005C-5.jpg. Error: Not Found
04-13-2022 @ 10:13:20 - Row :4 - Product updated successfully.
04-13-2022 @ 10:13:20 - Row :5 - Parsing item.
04-13-2022 @ 10:13:20 - Row :5 - Processing item.
04-13-2022 @ 10:13:20 - Found variation product object. ID:463027
04-13-2022 @ 10:13:21 - Setting Featured Image. URL:https://inspiry.co.nz/wp-content/uploads/oshan/RFA/RFA-PR2005D.jpg
04-13-2022 @ 10:13:21 - Attachment ID:463028
04-13-2022 @ 10:13:21 - Setting Gallery Images.
04-13-2022 @ 10:13:21 - Image URL:https://inspiry.co.nz/wp-content/uploads/oshan/RFA/RFA-PR2005D-1.jpg
04-13-2022 @ 10:13:21 - Attachment ID:463029
04-13-2022 @ 10:13:21 - Image URL:https://inspiry.co.nz/wp-content/uploads/oshan/RFA/RFA-PR2005D-2.jpg
04-13-2022 @ 10:13:21 - Attachment ID:463030
04-13-2022 @ 10:13:21 - Image URL:https://inspiry.co.nz/wp-content/uploads/oshan/RFA/RFA-PR2005D-3.jpg
04-13-2022 @ 10:13:21 - URL:https://inspiry.co.nz/wp-content/uploads/oshan/RFA/RFA-PR2005D-3.jpg Reason:Error getting remote image https://inspiry.co.nz/wp-content/uploads/oshan/RFA/RFA-PR2005D-3.jpg. Error: Not Found
04-13-2022 @ 10:13:21 - Image URL:https://inspiry.co.nz/wp-content/uploads/oshan/RFA/RFA-PR2005D-4.jpg
04-13-2022 @ 10:13:22 - URL:https://inspiry.co.nz/wp-content/uploads/oshan/RFA/RFA-PR2005D-4.jpg Reason:Error getting remote image https://inspiry.co.nz/wp-content/uploads/oshan/RFA/RFA-PR2005D-4.jpg. Error: Not Found
04-13-2022 @ 10:13:22 - Image URL:https://inspiry.co.nz/wp-content/uploads/oshan/RFA/RFA-PR2005D-5.jpg
04-13-2022 @ 10:13:23 - URL:https://inspiry.co.nz/wp-content/uploads/oshan/RFA/RFA-PR2005D-5.jpg Reason:Error getting remote image https://inspiry.co.nz/wp-content/uploads/oshan/RFA/RFA-PR2005D-5.jpg. Error: Not Found
04-13-2022 @ 10:13:23 - Row :5 - Product updated successfully.
04-13-2022 @ 10:13:23 - Row :6 - Parsing item.
04-13-2022 @ 10:13:23 - Row :6 - Processing item.
04-13-2022 @ 10:13:23 - Found variation product object. ID:463031
04-13-2022 @ 10:13:23 - Setting Featured Image. URL:https://inspiry.co.nz/wp-content/uploads/oshan/RFA/RFA-PR2006A.jpg
04-13-2022 @ 10:13:23 - Attachment ID:463032
04-13-2022 @ 10:13:23 - Setting Gallery Images.
04-13-2022 @ 10:13:23 - Image URL:https://inspiry.co.nz/wp-content/uploads/oshan/RFA/RFA-PR2006A-1.jpg
04-13-2022 @ 10:13:23 - Attachment ID:463033
04-13-2022 @ 10:13:23 - Image URL:https://inspiry.co.nz/wp-content/uploads/oshan/RFA/RFA-PR2006A-2.jpg
04-13-2022 @ 10:13:23 - Attachment ID:463034
04-13-2022 @ 10:13:23 - Image URL:https://inspiry.co.nz/wp-content/uploads/oshan/RFA/RFA-PR2006A-3.jpg
04-13-2022 @ 10:13:24 - URL:https://inspiry.co.nz/wp-content/uploads/oshan/RFA/RFA-PR2006A-3.jpg Reason:Error getting remote image https://inspiry.co.nz/wp-content/uploads/oshan/RFA/RFA-PR2006A-3.jpg. Error: Not Found
04-13-2022 @ 10:13:24 - Image URL:https://inspiry.co.nz/wp-content/uploads/oshan/RFA/RFA-PR2006A-4.jpg
04-13-2022 @ 10:13:25 - URL:https://inspiry.co.nz/wp-content/uploads/oshan/RFA/RFA-PR2006A-4.jpg Reason:Error getting remote image https://inspiry.co.nz/wp-content/uploads/oshan/RFA/RFA-PR2006A-4.jpg. Error: Not Found
04-13-2022 @ 10:13:25 - Image URL:https://inspiry.co.nz/wp-content/uploads/oshan/RFA/RFA-PR2006A-5.jpg
04-13-2022 @ 10:13:25 - URL:https://inspiry.co.nz/wp-content/uploads/oshan/RFA/RFA-PR2006A-5.jpg Reason:Error getting remote image https://inspiry.co.nz/wp-content/uploads/oshan/RFA/RFA-PR2006A-5.jpg. Error: Not Found
04-13-2022 @ 10:13:25 - Row :6 - Product updated successfully.
04-13-2022 @ 10:13:25 - Row :7 - Parsing item.
04-13-2022 @ 10:13:25 - Row :7 - Processing item.
04-13-2022 @ 10:13:25 - Found variation product object. ID:463035
04-13-2022 @ 10:13:26 - Setting Featured Image. URL:https://inspiry.co.nz/wp-content/uploads/oshan/RFA/RFA-PR2006B.jpg
04-13-2022 @ 10:13:26 - Attachment ID:463036
04-13-2022 @ 10:13:26 - Setting Gallery Images.
04-13-2022 @ 10:13:26 - Image URL:https://inspiry.co.nz/wp-content/uploads/oshan/RFA/RFA-PR2006B-1.jpg
04-13-2022 @ 10:13:26 - Attachment ID:463037
04-13-2022 @ 10:13:26 - Image URL:https://inspiry.co.nz/wp-content/uploads/oshan/RFA/RFA-PR2006B-2.jpg
04-13-2022 @ 10:13:26 - Attachment ID:463038
04-13-2022 @ 10:13:26 - Image URL:https://inspiry.co.nz/wp-content/uploads/oshan/RFA/RFA-PR2006B-3.jpg
04-13-2022 @ 10:13:26 - URL:https://inspiry.co.nz/wp-content/uploads/oshan/RFA/RFA-PR2006B-3.jpg Reason:Error getting remote image https://inspiry.co.nz/wp-content/uploads/oshan/RFA/RFA-PR2006B-3.jpg. Error: Not Found
04-13-2022 @ 10:13:26 - Image URL:https://inspiry.co.nz/wp-content/uploads/oshan/RFA/RFA-PR2006B-4.jpg
04-13-2022 @ 10:13:27 - URL:https://inspiry.co.nz/wp-content/uploads/oshan/RFA/RFA-PR2006B-4.jpg Reason:Error getting remote image https://inspiry.co.nz/wp-content/uploads/oshan/RFA/RFA-PR2006B-4.jpg. Error: Not Found
04-13-2022 @ 10:13:27 - Image URL:https://inspiry.co.nz/wp-content/uploads/oshan/RFA/RFA-PR2006B-5.jpg
04-13-2022 @ 10:13:28 - URL:https://inspiry.co.nz/wp-content/uploads/oshan/RFA/RFA-PR2006B-5.jpg Reason:Error getting remote image https://inspiry.co.nz/wp-content/uploads/oshan/RFA/RFA-PR2006B-5.jpg. Error: Not Found
04-13-2022 @ 10:13:28 - Row :7 - Product updated successfully.
04-13-2022 @ 10:13:28 - Row :8 - Parsing item.
04-13-2022 @ 10:13:28 - Row :8 - Processing item.
04-13-2022 @ 10:13:28 - Found variation product object. ID:463039
04-13-2022 @ 10:13:28 - Setting Featured Image. URL:https://inspiry.co.nz/wp-content/uploads/oshan/RFA/RFA-PR2006C.jpg
04-13-2022 @ 10:13:28 - Attachment ID:463040
04-13-2022 @ 10:13:28 - Setting Gallery Images.
04-13-2022 @ 10:13:28 - Image URL:https://inspiry.co.nz/wp-content/uploads/oshan/RFA/RFA-PR2006C-1.jpg
04-13-2022 @ 10:13:28 - Attachment ID:463041
04-13-2022 @ 10:13:28 - Image URL:https://inspiry.co.nz/wp-content/uploads/oshan/RFA/RFA-PR2006C-2.jpg
04-13-2022 @ 10:13:28 - Attachment ID:463042
04-13-2022 @ 10:13:28 - Image URL:https://inspiry.co.nz/wp-content/uploads/oshan/RFA/RFA-PR2006C-3.jpg
04-13-2022 @ 10:13:29 - URL:https://inspiry.co.nz/wp-content/uploads/oshan/RFA/RFA-PR2006C-3.jpg Reason:Error getting remote image https://inspiry.co.nz/wp-content/uploads/oshan/RFA/RFA-PR2006C-3.jpg. Error: Not Found
04-13-2022 @ 10:13:29 - Image URL:https://inspiry.co.nz/wp-content/uploads/oshan/RFA/RFA-PR2006C-4.jpg
04-13-2022 @ 10:13:30 - URL:https://inspiry.co.nz/wp-content/uploads/oshan/RFA/RFA-PR2006C-4.jpg Reason:Error getting remote image https://inspiry.co.nz/wp-content/uploads/oshan/RFA/RFA-PR2006C-4.jpg. Error: Not Found
04-13-2022 @ 10:13:30 - Image URL:https://inspiry.co.nz/wp-content/uploads/oshan/RFA/RFA-PR2006C-5.jpg
04-13-2022 @ 10:13:30 - URL:https://inspiry.co.nz/wp-content/uploads/oshan/RFA/RFA-PR2006C-5.jpg Reason:Error getting remote image https://inspiry.co.nz/wp-content/uploads/oshan/RFA/RFA-PR2006C-5.jpg. Error: Not Found
04-13-2022 @ 10:13:30 - Row :8 - Product updated successfully.
04-13-2022 @ 10:13:30 - Row :9 - Parsing item.
04-13-2022 @ 10:13:30 - Row :9 - Processing item.
04-13-2022 @ 10:13:30 - Found variation product object. ID:463043
04-13-2022 @ 10:13:31 - Setting Featured Image. URL:https://inspiry.co.nz/wp-content/uploads/oshan/RFA/RFA-PR2006D.jpg
04-13-2022 @ 10:13:31 - Attachment ID:463044
04-13-2022 @ 10:13:31 - Setting Gallery Images.
04-13-2022 @ 10:13:31 - Image URL:https://inspiry.co.nz/wp-content/uploads/oshan/RFA/RFA-PR2006D-1.jpg
04-13-2022 @ 10:13:31 - Attachment ID:463045
04-13-2022 @ 10:13:31 - Image URL:https://inspiry.co.nz/wp-content/uploads/oshan/RFA/RFA-PR2006D-2.jpg
04-13-2022 @ 10:13:31 - Attachment ID:463046
04-13-2022 @ 10:13:31 - Image URL:https://inspiry.co.nz/wp-content/uploads/oshan/RFA/RFA-PR2006D-3.jpg
04-13-2022 @ 10:13:31 - URL:https://inspiry.co.nz/wp-content/uploads/oshan/RFA/RFA-PR2006D-3.jpg Reason:Error getting remote image https://inspiry.co.nz/wp-content/uploads/oshan/RFA/RFA-PR2006D-3.jpg. Error: Not Found
04-13-2022 @ 10:13:31 - Image URL:https://inspiry.co.nz/wp-content/uploads/oshan/RFA/RFA-PR2006D-4.jpg
04-13-2022 @ 10:13:32 - URL:https://inspiry.co.nz/wp-content/uploads/oshan/RFA/RFA-PR2006D-4.jpg Reason:Error getting remote image https://inspiry.co.nz/wp-content/uploads/oshan/RFA/RFA-PR2006D-4.jpg. Error: Not Found
04-13-2022 @ 10:13:32 - Image URL:https://inspiry.co.nz/wp-content/uploads/oshan/RFA/RFA-PR2006D-5.jpg
04-13-2022 @ 10:13:33 - URL:https://inspiry.co.nz/wp-content/uploads/oshan/RFA/RFA-PR2006D-5.jpg Reason:Error getting remote image https://inspiry.co.nz/wp-content/uploads/oshan/RFA/RFA-PR2006D-5.jpg. Error: Not Found
04-13-2022 @ 10:13:33 - Row :9 - Product updated successfully.
04-13-2022 @ 10:13:33 - ---[ Import ended at 2022-04-12 22:13:33]---
